COMMAND:
 /cbio/jclab/share/schrodinger/schrodinger2016-4/epik-v3.8/bin/Linux-x86_64/epik_app -imae /scratch/8332595.hal-sched1.local/tmpqcyromgf/NICOTINAMIDE-ADENINE-DINUCLEOTIDE_pH_7.4-before_epik.mae -omae /cbio/jclab/home/rustenburg/PFK/Epik-Ligands/Results/InProgress/NICOTINAMIDE-ADENINE-DINUCLEOTIDE/pH_7.4/NICOTINAMIDE-ADENINE-DINUCLEOTIDE_pH_7.4-epik.mae -ms 50 -ph 7.4 -nt -p 4.5399929762484854e-05 -pKa_atom
SCHRODINGER: /cbio/jclab/share/schrodinger/schrodinger2016-4

Running Epik version     3.8015
Epik. Copyright Schrodinger, LLC. All rights reserved.

Input file name:                        /scratch/8332595.hal-sched1.local/tmpqcyromgf/NICOTINAMIDE-ADENINE-DINUCLEOTIDE_pH_7.4-before_epik.mae
Output file name:                       /cbio/jclab/home/rustenburg/PFK/Epik-Ligands/Results/InProgress/NICOTINAMIDE-ADENINE-DINUCLEOTIDE/pH_7.4/NICOTINAMIDE-ADENINE-DINUCLEOTIDE_pH_7.4-epik.mae
Maximum number of states set to: 50
Structure adjustment calculation requested.
  Target pH set to 7.400
Minimum probability set to 4.539993e-05
reporting for specific atoms turned on (pKa_atom)

Adjusting structures for pH 7.400000e+00 and minimum probability 4.539993e-05
Solvent model name:                     water
Jobcontrol is not being used for this specific Epik calculation.
---------------------------
Processing Input Structure #1
        Title: NAD
                                              Calculated pKas
                                                 Conjugate
                                          Atom   Acid/Base  pKa
. . . . . . . . . . . . . . . . . . . . . . .
Variation: 1
                                            49   Conj_Acid 12.62
                                            51   Conj_Acid 12.23
                                            61   Conj_Acid 11.92
                                            63   Conj_Acid 11.34
                                            66   Conj_Acid 11.46
                                            67   Conj_Acid 11.46
                                             3   Conj_Base  3.05
                                            15   Conj_Base  2.63
                                            19   Conj_Base  3.83
                                            21   Conj_Base -0.67
                                            54   Conj_Acid 13.02
                                            55   Conj_Acid 13.02
                                             9   Conj_Base -1.83
                                            11   Conj_Base -2.12
                                            32   Conj_Base -2.36
                                            34   Conj_Base -2.80
                                            43   Conj_Base -1.34
                                            38   Conj_Base  1.03
                                            40   Conj_Base -1.57
 pKa penalty:                                 0.00 kcal/mol
     Charging penalty:                        0.00 kcal/mol
     Neutralization penalty:                  0.00 kcal/mol
 Overall Penalty (tautomerization included):  0.01 kcal/mol
 Total Charge: -1
 Chemistry Notes:   This compound has an imine and may undergo hydrolysis. This compound contains an acetal/aminal-like group ( X-CH(R)-Y where X, Y are N, S, or O) that may be acid/base labile, releasing an aldehyde.
. . . . . . . . . . . . . . . . . . . . . . .
Variation: 2
                                            49   Conj_Acid 12.62
                                            51   Conj_Acid 12.23
                                            60   Conj_Acid 11.92
                                            62   Conj_Acid 11.34
                                            65   Conj_Acid 11.46
                                            66   Conj_Acid 11.46
                                             3   Conj_Base  3.05
                                            15   Conj_Base  4.07
                                            70   Conj_Acid  6.02
                                            18   Conj_Base  5.96
                                             9   Conj_Base -1.83
                                            11   Conj_Base -2.12
                                            32   Conj_Base -2.36
                                            34   Conj_Base -2.80
                                            43   Conj_Base -1.34
                                            38   Conj_Base  1.03
                                            40   Conj_Base -1.57
 pKa penalty:                                 1.93 kcal/mol
     Charging penalty:                        1.93 kcal/mol
     Neutralization penalty:                  0.00 kcal/mol
 Overall Penalty (tautomerization included):  3.11 kcal/mol
 Total Charge: -1
 Chemistry Notes:   This compound has an imine and may undergo hydrolysis. This compound contains an acetal/aminal-like group ( X-CH(R)-Y where X, Y are N, S, or O) that may be acid/base labile, releasing an aldehyde.
. . . . . . . . . . . . . . . . . . . . . . .
Variation: 3
                                            49   Conj_Acid 12.62
                                            51   Conj_Acid 12.23
                                            60   Conj_Acid 11.92
                                            62   Conj_Acid 11.34
                                            65   Conj_Acid 11.46
                                            66   Conj_Acid 11.46
                                             3   Conj_Base  3.05
                                            15   Conj_Base  4.07
                                            70   Conj_Acid  6.02
                                            18   Conj_Base  5.96
                                             9   Conj_Base -1.83
                                            11   Conj_Base -2.12
                                            32   Conj_Base -2.36
                                            34   Conj_Base -2.80
                                            43   Conj_Base -1.34
                                            38   Conj_Base  1.03
                                            40   Conj_Base -1.57
 pKa penalty:                                 1.93 kcal/mol
     Charging penalty:                        1.93 kcal/mol
     Neutralization penalty:                  0.00 kcal/mol
 Overall Penalty (tautomerization included):  3.11 kcal/mol
 Total Charge: -1
 Chemistry Notes:   This compound has an imine and may undergo hydrolysis. This compound contains an acetal/aminal-like group ( X-CH(R)-Y where X, Y are N, S, or O) that may be acid/base labile, releasing an aldehyde.
. . . . . . . . . . . . . . . . . . . . . . .
Variation: 4
                                            49   Conj_Acid 12.62
                                            51   Conj_Acid 12.23
                                            61   Conj_Acid 11.92
                                            63   Conj_Acid 11.34
                                            66   Conj_Acid 11.46
                                            67   Conj_Acid 11.46
                                             3   Conj_Base  3.05
                                            15   Conj_Base  0.37
                                            71   Conj_Acid  3.83
                                            54   Conj_Acid  5.96
                                            55   Conj_Acid  5.96
                                             9   Conj_Base -1.83
                                            11   Conj_Base -2.12
                                            32   Conj_Base -2.36
                                            34   Conj_Base -2.80
                                            43   Conj_Base -1.34
                                            38   Conj_Base  1.03
                                            40   Conj_Base -1.57
 pKa penalty:                                 6.87 kcal/mol
     Charging penalty:                        4.88 kcal/mol
     Neutralization penalty:                  1.99 kcal/mol
 Overall Penalty (tautomerization included):  5.21 kcal/mol
 Total Charge: 0
 Chemistry Notes:   This compound has an imine and may undergo hydrolysis. This compound contains an acetal/aminal-like group ( X-CH(R)-Y where X, Y are N, S, or O) that may be acid/base labile, releasing an aldehyde.
. . . . . . . . . . . . . . . . . . . . . . .
Variation: 5
                                            49   Conj_Acid 12.62
                                            51   Conj_Acid 12.23
                                            61   Conj_Acid 14.98
                                            34   Conj_Base 11.34
                                            65   Conj_Acid 11.70
                                            66   Conj_Acid 11.70
                                             3   Conj_Base  3.06
                                            15   Conj_Base  2.63
                                            19   Conj_Base  3.83
                                            21   Conj_Base -0.67
                                            54   Conj_Acid 13.02
                                            55   Conj_Acid 13.02
                                             9   Conj_Base -1.83
                                            11   Conj_Base -2.12
                                            32   Conj_Base -0.03
                                            43   Conj_Base -0.74
                                            38   Conj_Base  1.30
                                            40   Conj_Base -1.24
 pKa penalty:                                 5.38 kcal/mol
     Charging penalty:                        5.38 kcal/mol
     Neutralization penalty:                  0.00 kcal/mol
 Overall Penalty (tautomerization included):  5.75 kcal/mol
 Total Charge: -2
 Chemistry Notes:   This compound has an imine and may undergo hydrolysis. This compound contains an acetal/aminal-like group ( X-CH(R)-Y where X, Y are N, S, or O) that may be acid/base labile, releasing an aldehyde.
. . . . . . . . . . . . . . . . . . . . . . .
Variation: 6
                                            49   Conj_Acid 12.62
                                            51   Conj_Acid 12.23
                                            61   Conj_Acid 12.07
                                            63   Conj_Acid 11.62
                                            41   Conj_Base 11.46
                                             3   Conj_Base  3.05
                                            15   Conj_Base  2.63
                                            19   Conj_Base  3.83
                                            21   Conj_Base -0.67
                                            54   Conj_Acid 13.02
                                            55   Conj_Acid 13.02
                                             9   Conj_Base -1.83
                                            11   Conj_Base -2.12
                                            32   Conj_Base -2.25
                                            34   Conj_Base -2.59
                                            43   Conj_Base -0.24
                                            38   Conj_Base  1.98
 pKa penalty:                                 5.54 kcal/mol
     Charging penalty:                        5.54 kcal/mol
     Neutralization penalty:                  0.00 kcal/mol
 Overall Penalty (tautomerization included):  5.91 kcal/mol
 Total Charge: -2
 Chemistry Notes:   This compound has an imine and may undergo hydrolysis. This compound contains an acetal/aminal-like group ( X-CH(R)-Y where X, Y are N, S, or O) that may be acid/base labile, releasing an aldehyde.
. . . . . . . . . . . . . . . . . . . . . . .
Variation: 7
                                            49   Conj_Acid 12.62
                                            51   Conj_Acid 12.23
                                            61   Conj_Acid 12.07
                                            63   Conj_Acid 11.62
                                            41   Conj_Base 11.46
                                             3   Conj_Base  3.05
                                            15   Conj_Base  2.63
                                            19   Conj_Base  3.83
                                            21   Conj_Base -0.67
                                            54   Conj_Acid 13.02
                                            55   Conj_Acid 13.02
                                             9   Conj_Base -1.83
                                            11   Conj_Base -2.12
                                            32   Conj_Base -2.25
                                            34   Conj_Base -2.59
                                            43   Conj_Base -0.24
                                            38   Conj_Base  1.98
 pKa penalty:                                 5.54 kcal/mol
     Charging penalty:                        5.54 kcal/mol
     Neutralization penalty:                  0.00 kcal/mol
 Overall Penalty (tautomerization included):  5.91 kcal/mol
 Total Charge: -2
 Chemistry Notes:   This compound has an imine and may undergo hydrolysis. This compound contains an acetal/aminal-like group ( X-CH(R)-Y where X, Y are N, S, or O) that may be acid/base labile, releasing an aldehyde.
---------------------------
