COMMAND:
 /cbio/jclab/share/schrodinger/schrodinger2016-4/epik-v3.8/bin/Linux-x86_64/epik_app -imae /scratch/8332595.hal-sched1.local/tmph53ih6q9/ADENOSINE MONOPHOSPHATE_pH_10.0-before_epik.mae -omae /cbio/jclab/home/rustenburg/PFK/Epik-Ligands/Results/InProgress/ADENOSINE MONOPHOSPHATE/pH_10.0/ADENOSINE MONOPHOSPHATE_pH_10.0-epik.mae -ms 50 -ph 10.0 -nt -p 4.5399929762484854e-05 -pKa_atom
SCHRODINGER: /cbio/jclab/share/schrodinger/schrodinger2016-4

Running Epik version     3.8015
Epik. Copyright Schrodinger, LLC. All rights reserved.

Input file name:                        /scratch/8332595.hal-sched1.local/tmph53ih6q9/ADENOSINE MONOPHOSPHATE_pH_10.0-before_epik.mae
Output file name:                       /cbio/jclab/home/rustenburg/PFK/Epik-Ligands/Results/InProgress/ADENOSINE MONOPHOSPHATE/pH_10.0/ADENOSINE MONOPHOSPHATE_pH_10.0-epik.mae
Maximum number of states set to: 50
Structure adjustment calculation requested.
  Target pH set to 10.000
Minimum probability set to 4.539993e-05
reporting for specific atoms turned on (pKa_atom)

Adjusting structures for pH 1.000000e+01 and minimum probability 4.539993e-05
Solvent model name:                     water
Jobcontrol is not being used for this specific Epik calculation.
---------------------------
Processing Input Structure #1
        Title: AMP
                                              Calculated pKas
                                                 Conjugate
                                          Atom   Acid/Base  pKa
. . . . . . . . . . . . . . . . . . . . . . .
Variation: 1
                                            28   Conj_Acid 12.88
                                            30   Conj_Acid 12.31
                                             3   Conj_Base  6.27
                                             4   Conj_Base  6.27
                                            16   Conj_Base  2.63
                                            20   Conj_Base  3.83
                                            22   Conj_Base -0.67
                                            33   Conj_Acid 13.02
                                            34   Conj_Acid 13.02
                                            10   Conj_Base -1.63
                                            12   Conj_Base -2.07
 pKa penalty:                                 0.00 kcal/mol
     Charging penalty:                        0.00 kcal/mol
     Neutralization penalty:                  0.00 kcal/mol
 Overall Penalty (tautomerization included):  0.00 kcal/mol
 Total Charge: -2
 Chemistry Notes:   This compound contains an acetal/aminal-like group ( X-CH(R)-Y where X, Y are N, S, or O) that may be acid/base labile, releasing an aldehyde.
. . . . . . . . . . . . . . . . . . . . . . .
Variation: 2
                                            28   Conj_Acid 15.95
                                            12   Conj_Base 12.31
                                             3   Conj_Base  6.33
                                             4   Conj_Base  6.33
                                            16   Conj_Base  2.90
                                            20   Conj_Base  4.03
                                            22   Conj_Base -0.43
                                            32   Conj_Acid 13.09
                                            33   Conj_Acid 13.09
                                            10   Conj_Base  0.71
 pKa penalty:                                 3.15 kcal/mol
     Charging penalty:                        3.15 kcal/mol
     Neutralization penalty:                  0.00 kcal/mol
 Overall Penalty (tautomerization included):  3.36 kcal/mol
 Total Charge: -3
 Chemistry Notes:   This compound contains an acetal/aminal-like group ( X-CH(R)-Y where X, Y are N, S, or O) that may be acid/base labile, releasing an aldehyde.
. . . . . . . . . . . . . . . . . . . . . . .
Variation: 3
                                            29   Conj_Acid 15.40
                                            10   Conj_Base 12.88
                                             3   Conj_Base  6.39
                                             4   Conj_Base  6.39
                                            16   Conj_Base  2.69
                                            20   Conj_Base  3.87
                                            22   Conj_Base -0.62
                                            32   Conj_Acid 13.02
                                            33   Conj_Acid 13.02
                                            12   Conj_Base  0.29
 pKa penalty:                                 3.93 kcal/mol
     Charging penalty:                        3.93 kcal/mol
     Neutralization penalty:                  0.00 kcal/mol
 Overall Penalty (tautomerization included):  4.20 kcal/mol
 Total Charge: -3
 Chemistry Notes:   This compound contains an acetal/aminal-like group ( X-CH(R)-Y where X, Y are N, S, or O) that may be acid/base labile, releasing an aldehyde.
. . . . . . . . . . . . . . . . . . . . . . .
Variation: 4
                                            28   Conj_Acid 12.88
                                            30   Conj_Acid 12.31
                                             3   Conj_Base  6.27
                                             4   Conj_Base  6.27
                                            16   Conj_Base  3.67
                                            20   Conj_Base  6.02
                                            22   Conj_Base -0.97
                                            19   Conj_Base 13.02
                                            10   Conj_Base -1.63
                                            12   Conj_Base -2.07
 pKa penalty:                                 4.12 kcal/mol
     Charging penalty:                        4.12 kcal/mol
     Neutralization penalty:                  0.00 kcal/mol
 Overall Penalty (tautomerization included):  4.39 kcal/mol
 Total Charge: -3
 Chemistry Notes:   This compound contains an acetal/aminal-like group ( X-CH(R)-Y where X, Y are N, S, or O) that may be acid/base labile, releasing an aldehyde.
. . . . . . . . . . . . . . . . . . . . . . .
Variation: 5
                                            29   Conj_Acid 12.52
                                            31   Conj_Acid 12.16
                                            24   Conj_Acid  6.27
                                             3   Conj_Base  3.33
                                            16   Conj_Base  2.63
                                            20   Conj_Base  3.83
                                            22   Conj_Base -0.67
                                            34   Conj_Acid 13.02
                                            35   Conj_Acid 13.02
                                            10   Conj_Base -1.90
                                            12   Conj_Base -2.18
 pKa penalty:                                 5.09 kcal/mol
     Charging penalty:                        0.00 kcal/mol
     Neutralization penalty:                  5.09 kcal/mol
 Overall Penalty (tautomerization included):  5.43 kcal/mol
 Total Charge: -1
 Chemistry Notes:   This compound contains an acetal/aminal-like group ( X-CH(R)-Y where X, Y are N, S, or O) that may be acid/base labile, releasing an aldehyde.
---------------------------
