COMMAND:
 /cbio/jclab/share/schrodinger/schrodinger2016-4/epik-v3.8/bin/Linux-x86_64/epik_app -imae /scratch/8333014.hal-sched1.local/tmp6gptaii4/BETA-FRUCTOSE-1,6-DIPHOSPHATE_pH_4.0-before_epik.mae -omae /cbio/jclab/home/rustenburg/PFK/Epik-Ligands/Results/InProgress/BETA-FRUCTOSE-1,6-DIPHOSPHATE/pH_4.0/BETA-FRUCTOSE-1,6-DIPHOSPHATE_pH_4.0-epik.mae -ms 50 -ph 4.0 -nt -p 4.5399929762484854e-05 -pKa_atom
SCHRODINGER: /cbio/jclab/share/schrodinger/schrodinger2016-4

Running Epik version     3.8015
Epik. Copyright Schrodinger, LLC. All rights reserved.

Input file name:                        /scratch/8333014.hal-sched1.local/tmp6gptaii4/BETA-FRUCTOSE-1,6-DIPHOSPHATE_pH_4.0-before_epik.mae
Output file name:                       /cbio/jclab/home/rustenburg/PFK/Epik-Ligands/Results/InProgress/BETA-FRUCTOSE-1,6-DIPHOSPHATE/pH_4.0/BETA-FRUCTOSE-1,6-DIPHOSPHATE_pH_4.0-epik.mae
Maximum number of states set to: 50
Structure adjustment calculation requested.
  Target pH set to 4.000
Minimum probability set to 4.539993e-05
reporting for specific atoms turned on (pKa_atom)

Adjusting structures for pH 4.000000e+00 and minimum probability 4.539993e-05
Solvent model name:                     water
Jobcontrol is not being used for this specific Epik calculation.
---------------------------
Processing Input Structure #1
        Title: FBP
                                              Calculated pKas
                                                 Conjugate
                                          Atom   Acid/Base  pKa
. . . . . . . . . . . . . . . . . . . . . . .
Variation: 1
                                            26   Conj_Acid 12.18
                                            28   Conj_Acid 12.37
                                            24   Conj_Acid 11.01
                                            21   Conj_Acid  6.20
                                            32   Conj_Acid  6.27
                                             3   Conj_Base  3.27
                                            19   Conj_Base  3.32
                                            10   Conj_Base -2.16
                                            12   Conj_Base -2.02
 pKa penalty:                                 0.22 kcal/mol
     Charging penalty:                        0.21 kcal/mol
     Neutralization penalty:                  0.01 kcal/mol
 Overall Penalty (tautomerization included):  0.20 kcal/mol
 Total Charge: -2
. . . . . . . . . . . . . . . . . . . . . . .
Variation: 2
                                            26   Conj_Acid 12.15
                                            28   Conj_Acid 12.28
                                            24   Conj_Acid 10.99
                                            21   Conj_Acid  6.20
                                            32   Conj_Acid  3.32
                                            33   Conj_Acid  3.32
                                             3   Conj_Base  3.27
                                            10   Conj_Base -2.19
                                            12   Conj_Base -2.09
 pKa penalty:                                 1.14 kcal/mol
     Charging penalty:                        0.10 kcal/mol
     Neutralization penalty:                  1.04 kcal/mol
 Overall Penalty (tautomerization included):  1.18 kcal/mol
 Total Charge: -1
. . . . . . . . . . . . . . . . . . . . . . .
Variation: 3
                                            27   Conj_Acid 12.09
                                            29   Conj_Acid 12.34
                                            25   Conj_Acid 10.86
                                            21   Conj_Acid  3.27
                                            22   Conj_Acid  3.27
                                            33   Conj_Acid  6.27
                                            19   Conj_Base  3.32
                                            10   Conj_Base -2.23
                                            12   Conj_Base -2.04
 pKa penalty:                                 1.22 kcal/mol
     Charging penalty:                        0.11 kcal/mol
     Neutralization penalty:                  1.11 kcal/mol
 Overall Penalty (tautomerization included):  1.27 kcal/mol
 Total Charge: -1
. . . . . . . . . . . . . . . . . . . . . . .
Variation: 4
                                            27   Conj_Acid 12.06
                                            29   Conj_Acid 12.24
                                            25   Conj_Acid 10.84
                                            21   Conj_Acid  3.27
                                            22   Conj_Acid  3.27
                                            33   Conj_Acid  3.32
                                            34   Conj_Acid  3.32
                                            10   Conj_Base -2.26
                                            12   Conj_Base -2.11
 pKa penalty:                                 2.14 kcal/mol
     Charging penalty:                        0.00 kcal/mol
     Neutralization penalty:                  2.14 kcal/mol
 Overall Penalty (tautomerization included):  2.25 kcal/mol
 Total Charge: 0
. . . . . . . . . . . . . . . . . . . . . . .
Variation: 5
                                            25   Conj_Acid 12.54
                                            27   Conj_Acid 12.52
                                            23   Conj_Acid 11.61
                                            31   Conj_Acid  6.27
                                             3   Conj_Base  6.20
                                             4   Conj_Base  6.20
                                            19   Conj_Base  3.32
                                            10   Conj_Base -1.89
                                            12   Conj_Base -1.90
 pKa penalty:                                 3.12 kcal/mol
     Charging penalty:                        3.12 kcal/mol
     Neutralization penalty:                  0.00 kcal/mol
 Overall Penalty (tautomerization included):  3.40 kcal/mol
 Total Charge: -3
. . . . . . . . . . . . . . . . . . . . . . .
Variation: 6
                                            26   Conj_Acid 12.33
                                            28   Conj_Acid 12.73
                                            24   Conj_Acid 11.10
                                            21   Conj_Acid  6.20
                                             3   Conj_Base  3.27
                                            19   Conj_Base  6.27
                                            20   Conj_Base  6.27
                                            10   Conj_Base -2.05
                                            12   Conj_Base -1.74
 pKa penalty:                                 3.20 kcal/mol
     Charging penalty:                        3.20 kcal/mol
     Neutralization penalty:                  0.00 kcal/mol
 Overall Penalty (tautomerization included):  3.50 kcal/mol
 Total Charge: -3
. . . . . . . . . . . . . . . . . . . . . . .
Variation: 7
                                            25   Conj_Acid 12.51
                                            27   Conj_Acid 12.43
                                            23   Conj_Acid 11.58
                                            31   Conj_Acid  3.32
                                            32   Conj_Acid  3.32
                                             3   Conj_Base  6.20
                                             4   Conj_Base  6.20
                                            10   Conj_Base -1.91
                                            12   Conj_Base -1.97
 pKa penalty:                                 4.04 kcal/mol
     Charging penalty:                        3.00 kcal/mol
     Neutralization penalty:                  1.04 kcal/mol
 Overall Penalty (tautomerization included):  4.39 kcal/mol
 Total Charge: -2
. . . . . . . . . . . . . . . . . . . . . . .
Variation: 8
                                            27   Conj_Acid 12.24
                                            29   Conj_Acid 12.70
                                            25   Conj_Acid 10.95
                                            21   Conj_Acid  3.27
                                            22   Conj_Acid  3.27
                                            19   Conj_Base  6.27
                                            20   Conj_Base  6.27
                                            10   Conj_Base -2.12
                                            12   Conj_Base -1.77
 pKa penalty:                                 4.20 kcal/mol
     Charging penalty:                        3.10 kcal/mol
     Neutralization penalty:                  1.10 kcal/mol
 Overall Penalty (tautomerization included):  4.57 kcal/mol
 Total Charge: -2
---------------------------
