COMMAND:
 /cbio/jclab/share/schrodinger/schrodinger2016-4/epik-v3.8/bin/Linux-x86_64/epik_app -imae /scratch/8332595.hal-sched1.local/tmpot54lnvy/GLUTATHIONE_pH_10.0-before_epik.mae -omae /cbio/jclab/home/rustenburg/PFK/Epik-Ligands/Results/InProgress/GLUTATHIONE/pH_10.0/GLUTATHIONE_pH_10.0-epik.mae -ms 50 -ph 10.0 -nt -p 4.5399929762484854e-05 -pKa_atom
SCHRODINGER: /cbio/jclab/share/schrodinger/schrodinger2016-4

Running Epik version     3.8015
Epik. Copyright Schrodinger, LLC. All rights reserved.

Input file name:                        /scratch/8332595.hal-sched1.local/tmpot54lnvy/GLUTATHIONE_pH_10.0-before_epik.mae
Output file name:                       /cbio/jclab/home/rustenburg/PFK/Epik-Ligands/Results/InProgress/GLUTATHIONE/pH_10.0/GLUTATHIONE_pH_10.0-epik.mae
Maximum number of states set to: 50
Structure adjustment calculation requested.
  Target pH set to 10.000
Minimum probability set to 4.539993e-05
reporting for specific atoms turned on (pKa_atom)

Adjusting structures for pH 1.000000e+01 and minimum probability 4.539993e-05
Solvent model name:                     water
Jobcontrol is not being used for this specific Epik calculation.
---------------------------
Processing Input Structure #1
        Title: GSH
                                              Calculated pKas
                                                 Conjugate
                                          Atom   Acid/Base  pKa
. . . . . . . . . . . . . . . . . . . . . . .
Variation: 1
                                            28   Conj_Acid 15.19
                                            32   Conj_Acid 14.79
                                             5   Conj_Base  4.11
                                            20   Conj_Base  3.54
                                            15   Conj_Base  8.87
                                            10   Conj_Base -2.99
                                             1   Conj_Base  9.41
                                             9   Conj_Base -0.39
                                            13   Conj_Base -0.86
 pKa penalty:                                 0.18 kcal/mol
     Charging penalty:                        0.04 kcal/mol
     Neutralization penalty:                  0.14 kcal/mol
 Overall Penalty (tautomerization included):  0.15 kcal/mol
 Total Charge: -3
. . . . . . . . . . . . . . . . . . . . . . .
Variation: 2
                                            28   Conj_Acid 14.85
                                            32   Conj_Acid 14.76
                                             5   Conj_Base  2.26
                                            20   Conj_Base  3.53
                                            15   Conj_Base  8.85
                                            21   Conj_Acid  9.41
                                            22   Conj_Acid  9.41
                                            35   Conj_Acid  9.41
                                             9   Conj_Base -0.87
                                            13   Conj_Base -0.91
 pKa penalty:                                 0.98 kcal/mol
     Charging penalty:                        0.98 kcal/mol
     Neutralization penalty:                  0.00 kcal/mol
 Overall Penalty (tautomerization included):  1.07 kcal/mol
 Total Charge: -2
. . . . . . . . . . . . . . . . . . . . . . .
Variation: 3
                                            28   Conj_Acid 14.63
                                            33   Conj_Acid 14.06
                                             5   Conj_Base  4.10
                                            20   Conj_Base  3.46
                                            32   Conj_Acid  8.87
                                             1   Conj_Base  9.40
                                             9   Conj_Base -1.40
                                            13   Conj_Base -1.87
 pKa penalty:                                 1.71 kcal/mol
     Charging penalty:                        0.00 kcal/mol
     Neutralization penalty:                  1.71 kcal/mol
 Overall Penalty (tautomerization included):  1.85 kcal/mol
 Total Charge: -2
. . . . . . . . . . . . . . . . . . . . . . .
Variation: 4
                                            28   Conj_Acid 14.29
                                            33   Conj_Acid 14.03
                                             5   Conj_Base  2.25
                                            20   Conj_Base  3.45
                                            32   Conj_Acid  8.85
                                            21   Conj_Acid  9.40
                                            22   Conj_Acid  9.40
                                            36   Conj_Acid  9.40
                                             9   Conj_Base -1.87
                                            13   Conj_Base -1.91
 pKa penalty:                                 2.56 kcal/mol
     Charging penalty:                        0.95 kcal/mol
     Neutralization penalty:                  1.61 kcal/mol
 Overall Penalty (tautomerization included):  2.73 kcal/mol
 Total Charge: -1
---------------------------
