COMMAND:
 /cbio/jclab/share/schrodinger/schrodinger2016-4/epik-v3.8/bin/Linux-x86_64/epik_app -imae /scratch/8332595.hal-sched1.local/tmpeayorgqs/PYRIDOXAL-5'-PHOSPHATE_pH_4.0-before_epik.mae -omae /cbio/jclab/home/rustenburg/PFK/Epik-Ligands/Results/InProgress/PYRIDOXAL-5'-PHOSPHATE/pH_4.0/PYRIDOXAL-5'-PHOSPHATE_pH_4.0-epik.mae -ms 50 -ph 4.0 -nt -p 4.5399929762484854e-05 -pKa_atom
SCHRODINGER: /cbio/jclab/share/schrodinger/schrodinger2016-4

Running Epik version     3.8015
Epik. Copyright Schrodinger, LLC. All rights reserved.

Input file name:                        /scratch/8332595.hal-sched1.local/tmpeayorgqs/PYRIDOXAL-5'-PHOSPHATE_pH_4.0-before_epik.mae
Output file name:                       /cbio/jclab/home/rustenburg/PFK/Epik-Ligands/Results/InProgress/PYRIDOXAL-5'-PHOSPHATE/pH_4.0/PYRIDOXAL-5'-PHOSPHATE_pH_4.0-epik.mae
Maximum number of states set to: 50
Structure adjustment calculation requested.
  Target pH set to 4.000
Minimum probability set to 4.539993e-05
reporting for specific atoms turned on (pKa_atom)

Adjusting structures for pH 4.000000e+00 and minimum probability 4.539993e-05
Solvent model name:                     water
Jobcontrol is not being used for this specific Epik calculation.
---------------------------
Processing Input Structure #1
        Title: PLP
                                              Calculated pKas
                                                 Conjugate
                                          Atom   Acid/Base  pKa
. . . . . . . . . . . . . . . . . . . . . . .
Variation: 1
                                            24   Conj_Acid  6.09
                                            15   Conj_Base  3.18
                                            25   Conj_Acid  8.55
                                             5   Conj_Base  2.57
 pKa penalty:                                 0.11 kcal/mol
     Charging penalty:                        0.10 kcal/mol
     Neutralization penalty:                  0.00 kcal/mol
 Overall Penalty (tautomerization included):  0.10 kcal/mol
 Total Charge: -1
. . . . . . . . . . . . . . . . . . . . . . .
Variation: 2
                                            24   Conj_Acid  3.18
                                            25   Conj_Acid  3.18
                                            26   Conj_Acid  8.50
                                             5   Conj_Base  2.52
 pKa penalty:                                 1.22 kcal/mol
     Charging penalty:                        0.02 kcal/mol
     Neutralization penalty:                  1.20 kcal/mol
 Overall Penalty (tautomerization included):  1.26 kcal/mol
 Total Charge: 0
. . . . . . . . . . . . . . . . . . . . . . .
Variation: 3
                                            25   Conj_Acid  6.09
                                            15   Conj_Base  3.18
                                            26   Conj_Acid  4.77
                                            20   Conj_Acid  2.57
 pKa penalty:                                 2.16 kcal/mol
     Charging penalty:                        0.18 kcal/mol
     Neutralization penalty:                  1.98 kcal/mol
 Overall Penalty (tautomerization included):  2.17 kcal/mol
 Total Charge: 0
. . . . . . . . . . . . . . . . . . . . . . .
Variation: 4
                                            15   Conj_Base  6.09
                                            16   Conj_Base  6.09
                                            24   Conj_Acid  8.65
                                             5   Conj_Base  2.68
 pKa penalty:                                 2.88 kcal/mol
     Charging penalty:                        2.88 kcal/mol
     Neutralization penalty:                  0.00 kcal/mol
 Overall Penalty (tautomerization included):  3.20 kcal/mol
 Total Charge: -2
. . . . . . . . . . . . . . . . . . . . . . .
Variation: 5
                                            20   Conj_Acid  7.31
                                            25   Conj_Acid  6.28
                                            15   Conj_Base  3.33
                                             1   Conj_Base  4.77
 pKa penalty:                                 1.27 kcal/mol
     Charging penalty:                        0.11 kcal/mol
     Neutralization penalty:                  1.15 kcal/mol
 Overall Penalty (tautomerization included):  3.34 kcal/mol
 Total Charge: -1
. . . . . . . . . . . . . . . . . . . . . . .
Variation: 6
                                            25   Conj_Acid  3.18
                                            26   Conj_Acid  3.18
                                            27   Conj_Acid  4.69
                                            20   Conj_Acid  2.52
 pKa penalty:                                 3.35 kcal/mol
     Charging penalty:                        0.11 kcal/mol
     Neutralization penalty:                  3.24 kcal/mol
 Overall Penalty (tautomerization included):  3.37 kcal/mol
 Total Charge: 1
. . . . . . . . . . . . . . . . . . . . . . .
Variation: 7
                                            20   Conj_Acid  7.29
                                            25   Conj_Acid  3.33
                                            26   Conj_Acid  3.33
                                             1   Conj_Base  4.69
 pKa penalty:                                 2.08 kcal/mol
     Charging penalty:                        0.00 kcal/mol
     Neutralization penalty:                  2.08 kcal/mol
 Overall Penalty (tautomerization included):  4.35 kcal/mol
 Total Charge: 0
. . . . . . . . . . . . . . . . . . . . . . .
Variation: 8
                                            15   Conj_Base  6.09
                                            16   Conj_Base  6.09
                                            25   Conj_Acid  4.98
                                            20   Conj_Acid  2.68
 pKa penalty:                                 4.74 kcal/mol
     Charging penalty:                        2.92 kcal/mol
     Neutralization penalty:                  1.82 kcal/mol
 Overall Penalty (tautomerization included):  5.17 kcal/mol
 Total Charge: -1
---------------------------
