COMMAND:
 /cbio/jclab/share/schrodinger/schrodinger2016-4/epik-v3.8/bin/Linux-x86_64/epik_app -imae /scratch/8332595.hal-sched1.local/tmpr4mbgdc3/MALTOSE_pH_4.0-before_epik.mae -omae /cbio/jclab/home/rustenburg/PFK/Epik-Ligands/Results/InProgress/MALTOSE/pH_4.0/MALTOSE_pH_4.0-epik.mae -ms 50 -ph 4.0 -nt -p 4.5399929762484854e-05 -pKa_atom
SCHRODINGER: /cbio/jclab/share/schrodinger/schrodinger2016-4

Running Epik version     3.8015
Epik. Copyright Schrodinger, LLC. All rights reserved.

Input file name:                        /scratch/8332595.hal-sched1.local/tmpr4mbgdc3/MALTOSE_pH_4.0-before_epik.mae
Output file name:                       /cbio/jclab/home/rustenburg/PFK/Epik-Ligands/Results/InProgress/MALTOSE/pH_4.0/MALTOSE_pH_4.0-epik.mae
Maximum number of states set to: 50
Structure adjustment calculation requested.
  Target pH set to 4.000
Minimum probability set to 4.539993e-05
reporting for specific atoms turned on (pKa_atom)

Adjusting structures for pH 4.000000e+00 and minimum probability 4.539993e-05
Solvent model name:                     water
Jobcontrol is not being used for this specific Epik calculation.
---------------------------
Processing Input Structure #1
        Title: MAL
                                              Calculated pKas
                                                 Conjugate
                                          Atom   Acid/Base  pKa
. . . . . . . . . . . . . . . . . . . . . . .
Variation: 1
                                            34   Conj_Acid 14.40
                                            45   Conj_Acid 14.16
                                            31   Conj_Acid 12.29
                                            32   Conj_Acid 13.45
                                            33   Conj_Acid 13.27
                                            42   Conj_Acid 12.99
                                            43   Conj_Acid 12.49
                                            44   Conj_Acid 12.81
                                             8   Conj_Base -2.08
                                             9   Conj_Base -1.19
                                            10   Conj_Base -1.33
                                            12   Conj_Base -0.34
                                            19   Conj_Base -3.00
                                            20   Conj_Base -1.93
                                            21   Conj_Base -1.68
                                            23   Conj_Base -0.59
 pKa penalty:                                 0.00 kcal/mol
     Charging penalty:                        0.00 kcal/mol
     Neutralization penalty:                  0.00 kcal/mol
 Overall Penalty (tautomerization included):  0.00 kcal/mol
 Total Charge: 0
 Chemistry Notes:   This compound contains an acetal/aminal-like group ( X-CH(R)-Y where X, Y are N, S, or O) that may be acid/base labile, releasing an aldehyde.
---------------------------
