COMMAND:
 /cbio/jclab/share/schrodinger/schrodinger2016-4/epik-v3.8/bin/Linux-x86_64/epik_app -imae /scratch/8332595.hal-sched1.local/tmph0d7f5ci/ADENOSINE MONOPHOSPHATE_pH_4.0-before_epik.mae -omae /cbio/jclab/home/rustenburg/PFK/Epik-Ligands/Results/InProgress/ADENOSINE MONOPHOSPHATE/pH_4.0/ADENOSINE MONOPHOSPHATE_pH_4.0-epik.mae -ms 50 -ph 4.0 -nt -p 4.5399929762484854e-05 -pKa_atom
SCHRODINGER: /cbio/jclab/share/schrodinger/schrodinger2016-4

Running Epik version     3.8015
Epik. Copyright Schrodinger, LLC. All rights reserved.

Input file name:                        /scratch/8332595.hal-sched1.local/tmph0d7f5ci/ADENOSINE MONOPHOSPHATE_pH_4.0-before_epik.mae
Output file name:                       /cbio/jclab/home/rustenburg/PFK/Epik-Ligands/Results/InProgress/ADENOSINE MONOPHOSPHATE/pH_4.0/ADENOSINE MONOPHOSPHATE_pH_4.0-epik.mae
Maximum number of states set to: 50
Structure adjustment calculation requested.
  Target pH set to 4.000
Minimum probability set to 4.539993e-05
reporting for specific atoms turned on (pKa_atom)

Adjusting structures for pH 4.000000e+00 and minimum probability 4.539993e-05
Solvent model name:                     water
Jobcontrol is not being used for this specific Epik calculation.
---------------------------
Processing Input Structure #1
        Title: AMP
                                              Calculated pKas
                                                 Conjugate
                                          Atom   Acid/Base  pKa
. . . . . . . . . . . . . . . . . . . . . . .
Variation: 1
                                            29   Conj_Acid 12.52
                                            31   Conj_Acid 12.16
                                            24   Conj_Acid  6.27
                                             3   Conj_Base  3.33
                                            16   Conj_Base  2.63
                                            20   Conj_Base  3.83
                                            22   Conj_Base -0.67
                                            34   Conj_Acid 13.02
                                            35   Conj_Acid 13.02
                                            10   Conj_Base -1.90
                                            12   Conj_Base -2.18
 pKa penalty:                                 0.45 kcal/mol
     Charging penalty:                        0.11 kcal/mol
     Neutralization penalty:                  0.33 kcal/mol
 Overall Penalty (tautomerization included):  0.03 kcal/mol
 Total Charge: -1
 Chemistry Notes:   This compound contains an acetal/aminal-like group ( X-CH(R)-Y where X, Y are N, S, or O) that may be acid/base labile, releasing an aldehyde.
. . . . . . . . . . . . . . . . . . . . . . .
Variation: 2
                                            30   Conj_Acid 12.43
                                            32   Conj_Acid 12.12
                                            24   Conj_Acid  3.33
                                            25   Conj_Acid  3.33
                                            16   Conj_Base  2.63
                                            20   Conj_Base  3.83
                                            22   Conj_Base -0.67
                                            35   Conj_Acid 13.02
                                            36   Conj_Acid 13.02
                                            10   Conj_Base -1.97
                                            12   Conj_Base -2.21
 pKa penalty:                                 1.36 kcal/mol
     Charging penalty:                        0.00 kcal/mol
     Neutralization penalty:                  1.36 kcal/mol
 Overall Penalty (tautomerization included):  1.86 kcal/mol
 Total Charge: 0
 Chemistry Notes:   This compound contains an acetal/aminal-like group ( X-CH(R)-Y where X, Y are N, S, or O) that may be acid/base labile, releasing an aldehyde.
. . . . . . . . . . . . . . . . . . . . . . .
Variation: 3
                                            29   Conj_Acid 12.33
                                            31   Conj_Acid 11.79
                                            24   Conj_Acid  6.27
                                             3   Conj_Base  3.32
                                            37   Conj_Acid  2.63
                                            20   Conj_Base  2.14
                                            34   Conj_Acid 12.39
                                            35   Conj_Acid 12.39
                                            10   Conj_Base -2.05
                                            12   Conj_Base -2.46
 pKa penalty:                                 2.02 kcal/mol
     Charging penalty:                        2.01 kcal/mol
     Neutralization penalty:                  0.01 kcal/mol
 Overall Penalty (tautomerization included):  3.22 kcal/mol
 Total Charge: 0
 Chemistry Notes:   This compound contains an acetal/aminal-like group ( X-CH(R)-Y where X, Y are N, S, or O) that may be acid/base labile, releasing an aldehyde.
. . . . . . . . . . . . . . . . . . . . . . .
Variation: 4
                                            28   Conj_Acid 12.88
                                            30   Conj_Acid 12.31
                                             3   Conj_Base  6.27
                                             4   Conj_Base  6.27
                                            16   Conj_Base  2.63
                                            20   Conj_Base  3.83
                                            22   Conj_Base -0.67
                                            33   Conj_Acid 13.02
                                            34   Conj_Acid 13.02
                                            10   Conj_Base -1.63
                                            12   Conj_Base -2.07
 pKa penalty:                                 3.43 kcal/mol
     Charging penalty:                        3.11 kcal/mol
     Neutralization penalty:                  0.33 kcal/mol
 Overall Penalty (tautomerization included):  3.63 kcal/mol
 Total Charge: -2
 Chemistry Notes:   This compound contains an acetal/aminal-like group ( X-CH(R)-Y where X, Y are N, S, or O) that may be acid/base labile, releasing an aldehyde.
. . . . . . . . . . . . . . . . . . . . . . .
Variation: 5
                                            30   Conj_Acid 12.24
                                            32   Conj_Acid 11.76
                                            24   Conj_Acid  3.32
                                            25   Conj_Acid  3.32
                                            38   Conj_Acid  2.63
                                            20   Conj_Base  2.14
                                            35   Conj_Acid 12.39
                                            36   Conj_Acid 12.39
                                            10   Conj_Base -2.12
                                            12   Conj_Base -2.49
 pKa penalty:                                 2.94 kcal/mol
     Charging penalty:                        1.89 kcal/mol
     Neutralization penalty:                  1.05 kcal/mol
 Overall Penalty (tautomerization included):  3.89 kcal/mol
 Total Charge: 1
 Chemistry Notes:   This compound contains an acetal/aminal-like group ( X-CH(R)-Y where X, Y are N, S, or O) that may be acid/base labile, releasing an aldehyde.
. . . . . . . . . . . . . . . . . . . . . . .
Variation: 6
                                            29   Conj_Acid 12.52
                                            31   Conj_Acid 12.16
                                            24   Conj_Acid  6.27
                                             3   Conj_Base  3.33
                                            16   Conj_Base  0.37
                                            37   Conj_Acid  3.83
                                            34   Conj_Acid  5.96
                                            35   Conj_Acid  5.96
                                            10   Conj_Base -1.90
                                            12   Conj_Base -2.18
 pKa penalty:                                 0.66 kcal/mol
     Charging penalty:                        0.65 kcal/mol
     Neutralization penalty:                  0.01 kcal/mol
 Overall Penalty (tautomerization included):  4.27 kcal/mol
 Total Charge: 0
 Chemistry Notes:   This compound contains an acetal/aminal-like group ( X-CH(R)-Y where X, Y are N, S, or O) that may be acid/base labile, releasing an aldehyde.
. . . . . . . . . . . . . . . . . . . . . . .
Variation: 7
                                            30   Conj_Acid 12.43
                                            32   Conj_Acid 12.12
                                            24   Conj_Acid  3.33
                                            25   Conj_Acid  3.33
                                            16   Conj_Base  0.37
                                            38   Conj_Acid  3.83
                                            35   Conj_Acid  5.96
                                            36   Conj_Acid  5.96
                                            10   Conj_Base -1.97
                                            12   Conj_Base -2.21
 pKa penalty:                                 1.58 kcal/mol
     Charging penalty:                        0.54 kcal/mol
     Neutralization penalty:                  1.04 kcal/mol
 Overall Penalty (tautomerization included):  4.76 kcal/mol
 Total Charge: 1
 Chemistry Notes:   This compound contains an acetal/aminal-like group ( X-CH(R)-Y where X, Y are N, S, or O) that may be acid/base labile, releasing an aldehyde.
---------------------------
