COMMAND:
 /cbio/jclab/share/schrodinger/schrodinger2016-4/epik-v3.8/bin/Linux-x86_64/epik_app -imae /scratch/8332517.hal-sched1.local/tmp_yb3g4si/ADENOSINE-5'-DIPHOSPHATE_pH_7.0-before_epik.mae -omae /cbio/jclab/home/rustenburg/PFK/Epik-Ligands/Results/InProgress/ADENOSINE-5'-DIPHOSPHATE/pH_7.0/ADENOSINE-5'-DIPHOSPHATE_pH_7.0-epik.mae -ms 50 -ph 7.0 -nt -p 4.5399929762484854e-05 -pKa_atom
SCHRODINGER: /cbio/jclab/share/schrodinger/schrodinger2016-4

Running Epik version     3.8015
Epik. Copyright Schrodinger, LLC. All rights reserved.

Input file name:                        /scratch/8332517.hal-sched1.local/tmp_yb3g4si/ADENOSINE-5'-DIPHOSPHATE_pH_7.0-before_epik.mae
Output file name:                       /cbio/jclab/home/rustenburg/PFK/Epik-Ligands/Results/InProgress/ADENOSINE-5'-DIPHOSPHATE/pH_7.0/ADENOSINE-5'-DIPHOSPHATE_pH_7.0-epik.mae
Maximum number of states set to: 50
Structure adjustment calculation requested.
  Target pH set to 7.000
Minimum probability set to 4.539993e-05
reporting for specific atoms turned on (pKa_atom)

Adjusting structures for pH 7.000000e+00 and minimum probability 4.539993e-05
Solvent model name:                     water
Jobcontrol is not being used for this specific Epik calculation.
---------------------------
Processing Input Structure #1
        Title: ADP
                                              Calculated pKas
                                                 Conjugate
                                          Atom   Acid/Base  pKa
. . . . . . . . . . . . . . . . . . . . . . .
Variation: 1
                                            32   Conj_Acid 12.62
                                            34   Conj_Acid 12.23
                                             3   Conj_Base  6.27
                                             4   Conj_Base  6.27
                                             7   Conj_Base  4.26
                                            20   Conj_Base  2.63
                                            24   Conj_Base  3.83
                                            26   Conj_Base -0.67
                                            37   Conj_Acid 13.02
                                            38   Conj_Acid 13.02
                                            14   Conj_Base -1.83
                                            16   Conj_Base -2.12
 pKa penalty:                                 0.10 kcal/mol
     Charging penalty:                        0.10 kcal/mol
     Neutralization penalty:                  0.00 kcal/mol
 Overall Penalty (tautomerization included):  0.13 kcal/mol
 Total Charge: -3
 Chemistry Notes:   This compound contains an acetal/aminal-like group ( X-CH(R)-Y where X, Y are N, S, or O) that may be acid/base labile, releasing an aldehyde.
. . . . . . . . . . . . . . . . . . . . . . .
Variation: 2
                                            33   Conj_Acid 12.62
                                            35   Conj_Acid 12.23
                                            28   Conj_Acid  6.27
                                             3   Conj_Base  3.33
                                             7   Conj_Base  3.33
                                            20   Conj_Base  2.63
                                            24   Conj_Base  3.83
                                            26   Conj_Base -0.67
                                            38   Conj_Acid 13.02
                                            39   Conj_Acid 13.02
                                            14   Conj_Base -1.83
                                            16   Conj_Base -2.12
 pKa penalty:                                 1.09 kcal/mol
     Charging penalty:                        0.00 kcal/mol
     Neutralization penalty:                  1.09 kcal/mol
 Overall Penalty (tautomerization included):  0.98 kcal/mol
 Total Charge: -2
 Chemistry Notes:   This compound contains an acetal/aminal-like group ( X-CH(R)-Y where X, Y are N, S, or O) that may be acid/base labile, releasing an aldehyde.
. . . . . . . . . . . . . . . . . . . . . . .
Variation: 3
                                            33   Conj_Acid 12.44
                                            35   Conj_Acid 12.23
                                            28   Conj_Acid  4.26
                                             3   Conj_Base  5.70
                                             4   Conj_Base  5.70
                                            20   Conj_Base  2.63
                                            24   Conj_Base  3.83
                                            26   Conj_Base -0.67
                                            38   Conj_Acid 13.02
                                            39   Conj_Acid 13.02
                                            14   Conj_Base -1.96
                                            16   Conj_Base -2.12
 pKa penalty:                                 3.76 kcal/mol
     Charging penalty:                        0.03 kcal/mol
     Neutralization penalty:                  3.74 kcal/mol
 Overall Penalty (tautomerization included):  4.22 kcal/mol
 Total Charge: -2
 Chemistry Notes:   This compound contains an acetal/aminal-like group ( X-CH(R)-Y where X, Y are N, S, or O) that may be acid/base labile, releasing an aldehyde.
---------------------------
