COMMAND:
 /cbio/jclab/share/schrodinger/schrodinger2016-4/epik-v3.8/bin/Linux-x86_64/epik_app -imae /scratch/8332517.hal-sched1.local/tmp_w_4njdf/GUANOSINE-5'-TRIPHOSPHATE_pH_7.0-before_epik.mae -omae /cbio/jclab/home/rustenburg/PFK/Epik-Ligands/Results/InProgress/GUANOSINE-5'-TRIPHOSPHATE/pH_7.0/GUANOSINE-5'-TRIPHOSPHATE_pH_7.0-epik.mae -ms 50 -ph 7.0 -nt -p 4.5399929762484854e-05 -pKa_atom
SCHRODINGER: /cbio/jclab/share/schrodinger/schrodinger2016-4

Running Epik version     3.8015
Epik. Copyright Schrodinger, LLC. All rights reserved.

Input file name:                        /scratch/8332517.hal-sched1.local/tmp_w_4njdf/GUANOSINE-5'-TRIPHOSPHATE_pH_7.0-before_epik.mae
Output file name:                       /cbio/jclab/home/rustenburg/PFK/Epik-Ligands/Results/InProgress/GUANOSINE-5'-TRIPHOSPHATE/pH_7.0/GUANOSINE-5'-TRIPHOSPHATE_pH_7.0-epik.mae
Maximum number of states set to: 50
Structure adjustment calculation requested.
  Target pH set to 7.000
Minimum probability set to 4.539993e-05
reporting for specific atoms turned on (pKa_atom)

Adjusting structures for pH 7.000000e+00 and minimum probability 4.539993e-05
Solvent model name:                     water
Jobcontrol is not being used for this specific Epik calculation.
---------------------------
Processing Input Structure #1
        Title: GTP
                                              Calculated pKas
                                                 Conjugate
                                          Atom   Acid/Base  pKa
. . . . . . . . . . . . . . . . . . . . . . .
Variation: 1
                                            37   Conj_Acid 12.62
                                            39   Conj_Acid 12.23
                                             3   Conj_Base  6.16
                                             4   Conj_Base  6.16
                                             8   Conj_Base  4.26
                                            12   Conj_Base  3.65
                                            30   Conj_Base -2.61
                                            24   Conj_Base  2.85
                                            42   Conj_Acid  9.51
                                            31   Conj_Base  1.73
                                            43   Conj_Acid 12.22
                                            44   Conj_Acid 12.22
                                            18   Conj_Base -1.83
                                            20   Conj_Base -2.12
 pKa penalty:                                 0.08 kcal/mol
     Charging penalty:                        0.08 kcal/mol
     Neutralization penalty:                  0.00 kcal/mol
 Overall Penalty (tautomerization included):  0.10 kcal/mol
 Total Charge: -4
 Chemistry Notes:   This compound contains an acetal/aminal-like group ( X-CH(R)-Y where X, Y are N, S, or O) that may be acid/base labile, releasing an aldehyde.
. . . . . . . . . . . . . . . . . . . . . . .
Variation: 2
                                            38   Conj_Acid 12.62
                                            40   Conj_Acid 12.23
                                            33   Conj_Acid  6.16
                                             3   Conj_Base  3.23
                                             8   Conj_Base  3.33
                                            12   Conj_Base  3.53
                                            30   Conj_Base -2.61
                                            24   Conj_Base  2.85
                                            43   Conj_Acid  9.51
                                            31   Conj_Base  1.73
                                            44   Conj_Acid 12.22
                                            45   Conj_Acid 12.22
                                            18   Conj_Base -1.83
                                            20   Conj_Base -2.12
 pKa penalty:                                 1.23 kcal/mol
     Charging penalty:                        0.00 kcal/mol
     Neutralization penalty:                  1.23 kcal/mol
 Overall Penalty (tautomerization included):  1.12 kcal/mol
 Total Charge: -3
 Chemistry Notes:   This compound contains an acetal/aminal-like group ( X-CH(R)-Y where X, Y are N, S, or O) that may be acid/base labile, releasing an aldehyde.
. . . . . . . . . . . . . . . . . . . . . . .
Variation: 3
                                            37   Conj_Acid 12.62
                                            39   Conj_Acid 12.23
                                             3   Conj_Base  6.16
                                             4   Conj_Base  6.16
                                             8   Conj_Base  4.26
                                            12   Conj_Base  3.65
                                            31   Conj_Base  4.36
                                            30   Conj_Base  0.50
                                            24   Conj_Base  4.89
                                            28   Conj_Base  9.51
                                            27   Conj_Base -2.71
                                            42   Conj_Acid 13.92
                                            43   Conj_Acid 13.92
                                            18   Conj_Base -1.83
                                            20   Conj_Base -2.12
 pKa penalty:                                 3.51 kcal/mol
     Charging penalty:                        0.08 kcal/mol
     Neutralization penalty:                  3.43 kcal/mol
 Overall Penalty (tautomerization included):  3.21 kcal/mol
 Total Charge: -5
 Chemistry Notes:   This compound contains an acetal/aminal-like group ( X-CH(R)-Y where X, Y are N, S, or O) that may be acid/base labile, releasing an aldehyde.
. . . . . . . . . . . . . . . . . . . . . . .
Variation: 4
                                            38   Conj_Acid 12.62
                                            40   Conj_Acid 12.23
                                            33   Conj_Acid  4.26
                                             3   Conj_Base  5.58
                                             4   Conj_Base  5.58
                                            12   Conj_Base  3.19
                                            30   Conj_Base -2.61
                                            24   Conj_Base  2.85
                                            43   Conj_Acid  9.51
                                            31   Conj_Base  1.73
                                            44   Conj_Acid 12.22
                                            45   Conj_Acid 12.22
                                            18   Conj_Base -1.83
                                            20   Conj_Base -2.12
 pKa penalty:                                 3.76 kcal/mol
     Charging penalty:                        0.02 kcal/mol
     Neutralization penalty:                  3.73 kcal/mol
 Overall Penalty (tautomerization included):  4.03 kcal/mol
 Total Charge: -3
 Chemistry Notes:   This compound contains an acetal/aminal-like group ( X-CH(R)-Y where X, Y are N, S, or O) that may be acid/base labile, releasing an aldehyde.
. . . . . . . . . . . . . . . . . . . . . . .
Variation: 5
                                            38   Conj_Acid 12.62
                                            40   Conj_Acid 12.23
                                            33   Conj_Acid  6.16
                                             3   Conj_Base  3.23
                                             8   Conj_Base  3.33
                                            12   Conj_Base  3.53
                                            31   Conj_Base  4.36
                                            30   Conj_Base  0.50
                                            24   Conj_Base  4.89
                                            28   Conj_Base  9.51
                                            27   Conj_Base -2.71
                                            43   Conj_Acid 13.92
                                            44   Conj_Acid 13.92
                                            18   Conj_Base -1.83
                                            20   Conj_Base -2.12
 pKa penalty:                                 4.65 kcal/mol
     Charging penalty:                        0.00 kcal/mol
     Neutralization penalty:                  4.65 kcal/mol
 Overall Penalty (tautomerization included):  4.59 kcal/mol
 Total Charge: -4
 Chemistry Notes:   This compound contains an acetal/aminal-like group ( X-CH(R)-Y where X, Y are N, S, or O) that may be acid/base labile, releasing an aldehyde.
. . . . . . . . . . . . . . . . . . . . . . .
Variation: 6
                                            38   Conj_Acid 12.44
                                            40   Conj_Acid 12.23
                                            33   Conj_Acid  3.65
                                             3   Conj_Base  6.09
                                             4   Conj_Base  6.09
                                             8   Conj_Base  3.80
                                            30   Conj_Base -2.61
                                            24   Conj_Base  2.85
                                            43   Conj_Acid  9.51
                                            31   Conj_Base  1.73
                                            44   Conj_Acid 12.22
                                            45   Conj_Acid 12.22
                                            18   Conj_Base -1.96
                                            20   Conj_Base -2.12
 pKa penalty:                                 4.64 kcal/mol
     Charging penalty:                        0.07 kcal/mol
     Neutralization penalty:                  4.57 kcal/mol
 Overall Penalty (tautomerization included):  4.93 kcal/mol
 Total Charge: -3
 Chemistry Notes:   This compound contains an acetal/aminal-like group ( X-CH(R)-Y where X, Y are N, S, or O) that may be acid/base labile, releasing an aldehyde.
---------------------------
