COMMAND:
 /cbio/jclab/share/schrodinger/schrodinger2016-4/epik-v3.8/bin/Linux-x86_64/epik_app -imae /scratch/8332595.hal-sched1.local/tmpoxzjxa5v/GUANOSINE-5'-TRIPHOSPHATE_pH_10.0-before_epik.mae -omae /cbio/jclab/home/rustenburg/PFK/Epik-Ligands/Results/InProgress/GUANOSINE-5'-TRIPHOSPHATE/pH_10.0/GUANOSINE-5'-TRIPHOSPHATE_pH_10.0-epik.mae -ms 50 -ph 10.0 -nt -p 4.5399929762484854e-05 -pKa_atom
SCHRODINGER: /cbio/jclab/share/schrodinger/schrodinger2016-4

Running Epik version     3.8015
Epik. Copyright Schrodinger, LLC. All rights reserved.

Input file name:                        /scratch/8332595.hal-sched1.local/tmpoxzjxa5v/GUANOSINE-5'-TRIPHOSPHATE_pH_10.0-before_epik.mae
Output file name:                       /cbio/jclab/home/rustenburg/PFK/Epik-Ligands/Results/InProgress/GUANOSINE-5'-TRIPHOSPHATE/pH_10.0/GUANOSINE-5'-TRIPHOSPHATE_pH_10.0-epik.mae
Maximum number of states set to: 50
Structure adjustment calculation requested.
  Target pH set to 10.000
Minimum probability set to 4.539993e-05
reporting for specific atoms turned on (pKa_atom)

Adjusting structures for pH 1.000000e+01 and minimum probability 4.539993e-05
Solvent model name:                     water
Jobcontrol is not being used for this specific Epik calculation.
---------------------------
Processing Input Structure #1
        Title: GTP
                                              Calculated pKas
                                                 Conjugate
                                          Atom   Acid/Base  pKa
. . . . . . . . . . . . . . . . . . . . . . .
Variation: 1
                                            37   Conj_Acid 12.62
                                            39   Conj_Acid 12.23
                                             3   Conj_Base  6.16
                                             4   Conj_Base  6.16
                                             8   Conj_Base  4.26
                                            12   Conj_Base  3.65
                                            31   Conj_Base  4.36
                                            30   Conj_Base  0.50
                                            24   Conj_Base  4.89
                                            28   Conj_Base  9.51
                                            27   Conj_Base -2.71
                                            42   Conj_Acid 13.92
                                            43   Conj_Acid 13.92
                                            18   Conj_Base -1.83
                                            20   Conj_Base -2.12
 pKa penalty:                                 0.17 kcal/mol
     Charging penalty:                        0.00 kcal/mol
     Neutralization penalty:                  0.17 kcal/mol
 Overall Penalty (tautomerization included):  0.04 kcal/mol
 Total Charge: -5
 Chemistry Notes:   This compound contains an acetal/aminal-like group ( X-CH(R)-Y where X, Y are N, S, or O) that may be acid/base labile, releasing an aldehyde.
. . . . . . . . . . . . . . . . . . . . . . .
Variation: 2
                                            37   Conj_Acid 12.62
                                            39   Conj_Acid 12.23
                                             3   Conj_Base  6.16
                                             4   Conj_Base  6.16
                                             8   Conj_Base  4.26
                                            12   Conj_Base  3.65
                                            30   Conj_Base -2.61
                                            24   Conj_Base  2.85
                                            42   Conj_Acid  9.51
                                            31   Conj_Base  1.73
                                            43   Conj_Acid 12.22
                                            44   Conj_Acid 12.22
                                            18   Conj_Base -1.83
                                            20   Conj_Base -2.12
 pKa penalty:                                 0.85 kcal/mol
     Charging penalty:                        0.84 kcal/mol
     Neutralization penalty:                  0.01 kcal/mol
 Overall Penalty (tautomerization included):  1.97 kcal/mol
 Total Charge: -4
 Chemistry Notes:   This compound contains an acetal/aminal-like group ( X-CH(R)-Y where X, Y are N, S, or O) that may be acid/base labile, releasing an aldehyde.
. . . . . . . . . . . . . . . . . . . . . . .
Variation: 3
                                            37   Conj_Acid 15.69
                                            20   Conj_Base 12.23
                                             3   Conj_Base  6.16
                                             4   Conj_Base  6.16
                                             8   Conj_Base  4.27
                                            12   Conj_Base  3.69
                                            31   Conj_Base  4.60
                                            30   Conj_Base  0.64
                                            24   Conj_Base  5.16
                                            28   Conj_Base  9.65
                                            27   Conj_Base -2.55
                                            41   Conj_Acid 14.01
                                            42   Conj_Acid 14.01
                                            18   Conj_Base  0.51
 pKa penalty:                                 3.26 kcal/mol
     Charging penalty:                        3.05 kcal/mol
     Neutralization penalty:                  0.22 kcal/mol
 Overall Penalty (tautomerization included):  2.22 kcal/mol
 Total Charge: -6
 Chemistry Notes:   This compound contains an acetal/aminal-like group ( X-CH(R)-Y where X, Y are N, S, or O) that may be acid/base labile, releasing an aldehyde.
. . . . . . . . . . . . . . . . . . . . . . .
Variation: 4
                                            38   Conj_Acid 15.33
                                            18   Conj_Base 12.62
                                             3   Conj_Base  6.16
                                             4   Conj_Base  6.16
                                             8   Conj_Base  4.27
                                            12   Conj_Base  3.74
                                            31   Conj_Base  4.41
                                            30   Conj_Base  0.47
                                            24   Conj_Base  4.95
                                            28   Conj_Base  9.54
                                            27   Conj_Base -2.71
                                            41   Conj_Acid 13.92
                                            42   Conj_Acid 13.92
                                            20   Conj_Base  0.24
 pKa penalty:                                 3.75 kcal/mol
     Charging penalty:                        3.58 kcal/mol
     Neutralization penalty:                  0.18 kcal/mol
 Overall Penalty (tautomerization included):  4.56 kcal/mol
 Total Charge: -6
 Chemistry Notes:   This compound contains an acetal/aminal-like group ( X-CH(R)-Y where X, Y are N, S, or O) that may be acid/base labile, releasing an aldehyde.
. . . . . . . . . . . . . . . . . . . . . . .
Variation: 5
                                            37   Conj_Acid 15.69
                                            20   Conj_Base 12.23
                                             3   Conj_Base  6.16
                                             4   Conj_Base  6.16
                                             8   Conj_Base  4.27
                                            12   Conj_Base  3.69
                                            30   Conj_Base -2.47
                                            24   Conj_Base  3.14
                                            41   Conj_Acid  9.65
                                            31   Conj_Base  2.10
                                            42   Conj_Acid 12.31
                                            43   Conj_Acid 12.31
                                            18   Conj_Base  0.51
 pKa penalty:                                 3.75 kcal/mol
     Charging penalty:                        3.74 kcal/mol
     Neutralization penalty:                  0.00 kcal/mol
 Overall Penalty (tautomerization included):  5.54 kcal/mol
 Total Charge: -5
 Chemistry Notes:   This compound contains an acetal/aminal-like group ( X-CH(R)-Y where X, Y are N, S, or O) that may be acid/base labile, releasing an aldehyde.
---------------------------
