COMMAND:
 /cbio/jclab/share/schrodinger/schrodinger2016-4/epik-v3.8/bin/Linux-x86_64/epik_app -imae /scratch/8333014.hal-sched1.local/tmpdjkh8yod/PEPTIDE DERIVED CHROMOPHORE_pH_7.4-before_epik.mae -omae /cbio/jclab/home/rustenburg/PFK/Epik-Ligands/Results/InProgress/PEPTIDE DERIVED CHROMOPHORE/pH_7.4/PEPTIDE DERIVED CHROMOPHORE_pH_7.4-epik.mae -ms 50 -ph 7.4 -nt -p 4.5399929762484854e-05 -pKa_atom
SCHRODINGER: /cbio/jclab/share/schrodinger/schrodinger2016-4

Running Epik version     3.8015
Epik. Copyright Schrodinger, LLC. All rights reserved.

Input file name:                        /scratch/8333014.hal-sched1.local/tmpdjkh8yod/PEPTIDE DERIVED CHROMOPHORE_pH_7.4-before_epik.mae
Output file name:                       /cbio/jclab/home/rustenburg/PFK/Epik-Ligands/Results/InProgress/PEPTIDE DERIVED CHROMOPHORE/pH_7.4/PEPTIDE DERIVED CHROMOPHORE_pH_7.4-epik.mae
Maximum number of states set to: 50
Structure adjustment calculation requested.
  Target pH set to 7.400
Minimum probability set to 4.539993e-05
reporting for specific atoms turned on (pKa_atom)

Adjusting structures for pH 7.400000e+00 and minimum probability 4.539993e-05
Solvent model name:                     water
Jobcontrol is not being used for this specific Epik calculation.
---------------------------
Processing Input Structure #1
        Title: CRO
                                              Calculated pKas
                                                 Conjugate
                                          Atom   Acid/Base  pKa
. . . . . . . . . . . . . . . . . . . . . . .
Variation: 1
                                            31   Conj_Acid 11.95
                                            39   Conj_Acid  7.78
                                             1   Conj_Base  5.13
                                             7   Conj_Base  1.64
                                             5   Conj_Base -2.34
 pKa penalty:                                 0.21 kcal/mol
     Charging penalty:                        0.00 kcal/mol
     Neutralization penalty:                  0.21 kcal/mol
 Overall Penalty (tautomerization included):  0.22 kcal/mol
 Total Charge: -2
 Chemistry Notes:   This compound has an imine and may undergo hydrolysis.
. . . . . . . . . . . . . . . . . . . . . . .
Variation: 2
                                            31   Conj_Acid 11.95
                                            22   Conj_Base  7.78
                                             1   Conj_Base  5.13
                                             7   Conj_Base  1.64
                                             5   Conj_Base -2.34
 pKa penalty:                                 0.73 kcal/mol
     Charging penalty:                        0.73 kcal/mol
     Neutralization penalty:                  0.00 kcal/mol
 Overall Penalty (tautomerization included):  0.69 kcal/mol
 Total Charge: -3
 Chemistry Notes:   This compound has an imine and may undergo hydrolysis.
. . . . . . . . . . . . . . . . . . . . . . .
Variation: 3
                                            31   Conj_Acid 11.30
                                            39   Conj_Acid  7.55
                                            24   Conj_Acid  5.13
                                            25   Conj_Acid  5.13
                                            40   Conj_Acid  5.13
                                             7   Conj_Base -0.15
 pKa penalty:                                 3.42 kcal/mol
     Charging penalty:                        3.10 kcal/mol
     Neutralization penalty:                  0.32 kcal/mol
 Overall Penalty (tautomerization included):  3.61 kcal/mol
 Total Charge: -1
 Chemistry Notes:   This compound has an imine and may undergo hydrolysis.
. . . . . . . . . . . . . . . . . . . . . . .
Variation: 4
                                            31   Conj_Acid 11.30
                                            22   Conj_Base  7.55
                                            24   Conj_Acid  5.13
                                            25   Conj_Acid  5.13
                                            39   Conj_Acid  5.13
                                             7   Conj_Base -0.15
 pKa penalty:                                 3.62 kcal/mol
     Charging penalty:                        3.62 kcal/mol
     Neutralization penalty:                  0.00 kcal/mol
 Overall Penalty (tautomerization included):  3.91 kcal/mol
 Total Charge: -2
 Chemistry Notes:   This compound has an imine and may undergo hydrolysis.
---------------------------
