COMMAND:
 /cbio/jclab/share/schrodinger/schrodinger2016-4/epik-v3.8/bin/Linux-x86_64/epik_app -imae /scratch/8332595.hal-sched1.local/tmptdrmr_0s/GUANOSINE-5'-TRIPHOSPHATE_pH_7.4-before_epik.mae -omae /cbio/jclab/home/rustenburg/PFK/Epik-Ligands/Results/InProgress/GUANOSINE-5'-TRIPHOSPHATE/pH_7.4/GUANOSINE-5'-TRIPHOSPHATE_pH_7.4-epik.mae -ms 50 -ph 7.4 -nt -p 4.5399929762484854e-05 -pKa_atom
SCHRODINGER: /cbio/jclab/share/schrodinger/schrodinger2016-4

Running Epik version     3.8015
Epik. Copyright Schrodinger, LLC. All rights reserved.

Input file name:                        /scratch/8332595.hal-sched1.local/tmptdrmr_0s/GUANOSINE-5'-TRIPHOSPHATE_pH_7.4-before_epik.mae
Output file name:                       /cbio/jclab/home/rustenburg/PFK/Epik-Ligands/Results/InProgress/GUANOSINE-5'-TRIPHOSPHATE/pH_7.4/GUANOSINE-5'-TRIPHOSPHATE_pH_7.4-epik.mae
Maximum number of states set to: 50
Structure adjustment calculation requested.
  Target pH set to 7.400
Minimum probability set to 4.539993e-05
reporting for specific atoms turned on (pKa_atom)

Adjusting structures for pH 7.400000e+00 and minimum probability 4.539993e-05
Solvent model name:                     water
Jobcontrol is not being used for this specific Epik calculation.
---------------------------
Processing Input Structure #1
        Title: GTP
                                              Calculated pKas
                                                 Conjugate
                                          Atom   Acid/Base  pKa
. . . . . . . . . . . . . . . . . . . . . . .
Variation: 1
                                            37   Conj_Acid 12.62
                                            39   Conj_Acid 12.23
                                             3   Conj_Base  6.16
                                             4   Conj_Base  6.16
                                             8   Conj_Base  4.26
                                            12   Conj_Base  3.65
                                            30   Conj_Base -2.61
                                            24   Conj_Base  2.85
                                            42   Conj_Acid  9.51
                                            31   Conj_Base  1.73
                                            43   Conj_Acid 12.22
                                            44   Conj_Acid 12.22
                                            18   Conj_Base -1.83
                                            20   Conj_Base -2.12
 pKa penalty:                                 0.04 kcal/mol
     Charging penalty:                        0.04 kcal/mol
     Neutralization penalty:                  0.00 kcal/mol
 Overall Penalty (tautomerization included):  0.05 kcal/mol
 Total Charge: -4
 Chemistry Notes:   This compound contains an acetal/aminal-like group ( X-CH(R)-Y where X, Y are N, S, or O) that may be acid/base labile, releasing an aldehyde.
. . . . . . . . . . . . . . . . . . . . . . .
Variation: 2
                                            38   Conj_Acid 12.62
                                            40   Conj_Acid 12.23
                                            33   Conj_Acid  6.16
                                             3   Conj_Base  3.23
                                             8   Conj_Base  3.33
                                            12   Conj_Base  3.53
                                            30   Conj_Base -2.61
                                            24   Conj_Base  2.85
                                            43   Conj_Acid  9.51
                                            31   Conj_Base  1.73
                                            44   Conj_Acid 12.22
                                            45   Conj_Acid 12.22
                                            18   Conj_Base -1.83
                                            20   Conj_Base -2.12
 pKa penalty:                                 1.73 kcal/mol
     Charging penalty:                        0.00 kcal/mol
     Neutralization penalty:                  1.72 kcal/mol
 Overall Penalty (tautomerization included):  1.61 kcal/mol
 Total Charge: -3
 Chemistry Notes:   This compound contains an acetal/aminal-like group ( X-CH(R)-Y where X, Y are N, S, or O) that may be acid/base labile, releasing an aldehyde.
. . . . . . . . . . . . . . . . . . . . . . .
Variation: 3
                                            37   Conj_Acid 12.62
                                            39   Conj_Acid 12.23
                                             3   Conj_Base  6.16
                                             4   Conj_Base  6.16
                                             8   Conj_Base  4.26
                                            12   Conj_Base  3.65
                                            31   Conj_Base  4.36
                                            30   Conj_Base  0.50
                                            24   Conj_Base  4.89
                                            28   Conj_Base  9.51
                                            27   Conj_Base -2.71
                                            42   Conj_Acid 13.92
                                            43   Conj_Acid 13.92
                                            18   Conj_Base -1.83
                                            20   Conj_Base -2.12
 pKa penalty:                                 2.91 kcal/mol
     Charging penalty:                        0.03 kcal/mol
     Neutralization penalty:                  2.88 kcal/mol
 Overall Penalty (tautomerization included):  2.58 kcal/mol
 Total Charge: -5
 Chemistry Notes:   This compound contains an acetal/aminal-like group ( X-CH(R)-Y where X, Y are N, S, or O) that may be acid/base labile, releasing an aldehyde.
. . . . . . . . . . . . . . . . . . . . . . .
Variation: 4
                                            38   Conj_Acid 12.62
                                            40   Conj_Acid 12.23
                                            33   Conj_Acid  6.16
                                             3   Conj_Base  3.23
                                             8   Conj_Base  3.33
                                            12   Conj_Base  3.53
                                            31   Conj_Base  4.36
                                            30   Conj_Base  0.50
                                            24   Conj_Base  4.89
                                            28   Conj_Base  9.51
                                            27   Conj_Base -2.71
                                            43   Conj_Acid 13.92
                                            44   Conj_Acid 13.92
                                            18   Conj_Base -1.83
                                            20   Conj_Base -2.12
 pKa penalty:                                 4.60 kcal/mol
     Charging penalty:                        0.00 kcal/mol
     Neutralization penalty:                  4.60 kcal/mol
 Overall Penalty (tautomerization included):  4.53 kcal/mol
 Total Charge: -4
 Chemistry Notes:   This compound contains an acetal/aminal-like group ( X-CH(R)-Y where X, Y are N, S, or O) that may be acid/base labile, releasing an aldehyde.
. . . . . . . . . . . . . . . . . . . . . . .
Variation: 5
                                            38   Conj_Acid 12.62
                                            40   Conj_Acid 12.23
                                            33   Conj_Acid  4.26
                                             3   Conj_Base  5.58
                                             4   Conj_Base  5.58
                                            12   Conj_Base  3.19
                                            30   Conj_Base -2.61
                                            24   Conj_Base  2.85
                                            43   Conj_Acid  9.51
                                            31   Conj_Base  1.73
                                            44   Conj_Acid 12.22
                                            45   Conj_Acid 12.22
                                            18   Conj_Base -1.83
                                            20   Conj_Base -2.12
 pKa penalty:                                 4.29 kcal/mol
     Charging penalty:                        0.01 kcal/mol
     Neutralization penalty:                  4.28 kcal/mol
 Overall Penalty (tautomerization included):  4.55 kcal/mol
 Total Charge: -3
 Chemistry Notes:   This compound contains an acetal/aminal-like group ( X-CH(R)-Y where X, Y are N, S, or O) that may be acid/base labile, releasing an aldehyde.
. . . . . . . . . . . . . . . . . . . . . . .
Variation: 6
                                            38   Conj_Acid 12.44
                                            40   Conj_Acid 12.23
                                            33   Conj_Acid  3.65
                                             3   Conj_Base  6.09
                                             4   Conj_Base  6.09
                                             8   Conj_Base  3.80
                                            30   Conj_Base -2.61
                                            24   Conj_Base  2.85
                                            43   Conj_Acid  9.51
                                            31   Conj_Base  1.73
                                            44   Conj_Acid 12.22
                                            45   Conj_Acid 12.22
                                            18   Conj_Base -1.96
                                            20   Conj_Base -2.12
 pKa penalty:                                 5.15 kcal/mol
     Charging penalty:                        0.03 kcal/mol
     Neutralization penalty:                  5.12 kcal/mol
 Overall Penalty (tautomerization included):  5.45 kcal/mol
 Total Charge: -3
 Chemistry Notes:   This compound contains an acetal/aminal-like group ( X-CH(R)-Y where X, Y are N, S, or O) that may be acid/base labile, releasing an aldehyde.
---------------------------
