COMMAND:
 /cbio/jclab/share/schrodinger/schrodinger2016-4/epik-v3.8/bin/Linux-x86_64/epik_app -imae /scratch/8332595.hal-sched1.local/tmpxkj74t1l/PYRIDOXAL-5'-PHOSPHATE_pH_10.0-before_epik.mae -omae /cbio/jclab/home/rustenburg/PFK/Epik-Ligands/Results/InProgress/PYRIDOXAL-5'-PHOSPHATE/pH_10.0/PYRIDOXAL-5'-PHOSPHATE_pH_10.0-epik.mae -ms 50 -ph 10.0 -nt -p 4.5399929762484854e-05 -pKa_atom
SCHRODINGER: /cbio/jclab/share/schrodinger/schrodinger2016-4

Running Epik version     3.8015
Epik. Copyright Schrodinger, LLC. All rights reserved.

Input file name:                        /scratch/8332595.hal-sched1.local/tmpxkj74t1l/PYRIDOXAL-5'-PHOSPHATE_pH_10.0-before_epik.mae
Output file name:                       /cbio/jclab/home/rustenburg/PFK/Epik-Ligands/Results/InProgress/PYRIDOXAL-5'-PHOSPHATE/pH_10.0/PYRIDOXAL-5'-PHOSPHATE_pH_10.0-epik.mae
Maximum number of states set to: 50
Structure adjustment calculation requested.
  Target pH set to 10.000
Minimum probability set to 4.539993e-05
reporting for specific atoms turned on (pKa_atom)

Adjusting structures for pH 1.000000e+01 and minimum probability 4.539993e-05
Solvent model name:                     water
Jobcontrol is not being used for this specific Epik calculation.
---------------------------
Processing Input Structure #1
        Title: PLP
                                              Calculated pKas
                                                 Conjugate
                                          Atom   Acid/Base  pKa
. . . . . . . . . . . . . . . . . . . . . . .
Variation: 1
                                             5   Conj_Base  7.37
                                            15   Conj_Base  6.28
                                            16   Conj_Base  6.28
                                             1   Conj_Base  8.65
 pKa penalty:                                 0.03 kcal/mol
     Charging penalty:                        0.00 kcal/mol
     Neutralization penalty:                  0.03 kcal/mol
 Overall Penalty (tautomerization included):  0.02 kcal/mol
 Total Charge: -3
. . . . . . . . . . . . . . . . . . . . . . .
Variation: 2
                                            15   Conj_Base  6.09
                                            16   Conj_Base  6.09
                                            24   Conj_Acid  8.65
                                             5   Conj_Base  2.68
 pKa penalty:                                 1.86 kcal/mol
     Charging penalty:                        1.86 kcal/mol
     Neutralization penalty:                  0.00 kcal/mol
 Overall Penalty (tautomerization included):  1.98 kcal/mol
 Total Charge: -2
. . . . . . . . . . . . . . . . . . . . . . .
Variation: 3
                                            20   Conj_Acid  7.37
                                            15   Conj_Base  6.28
                                            16   Conj_Base  6.28
                                             1   Conj_Base  4.98
 pKa penalty:                                 3.59 kcal/mol
     Charging penalty:                        0.00 kcal/mol
     Neutralization penalty:                  3.59 kcal/mol
 Overall Penalty (tautomerization included):  3.85 kcal/mol
 Total Charge: -2
. . . . . . . . . . . . . . . . . . . . . . .
Variation: 4
                                             5   Conj_Base  7.31
                                            24   Conj_Acid  6.28
                                            15   Conj_Base  3.33
                                             1   Conj_Base  8.55
 pKa penalty:                                 5.10 kcal/mol
     Charging penalty:                        0.00 kcal/mol
     Neutralization penalty:                  5.10 kcal/mol
 Overall Penalty (tautomerization included):  5.44 kcal/mol
 Total Charge: -2
---------------------------
