COMMAND:
 /cbio/jclab/share/schrodinger/schrodinger2016-4/epik-v3.8/bin/Linux-x86_64/epik_app -imae /scratch/8332595.hal-sched1.local/tmpr1rn5mac/L(+)-TARTARIC ACID_pH_4.0-before_epik.mae -omae /cbio/jclab/home/rustenburg/PFK/Epik-Ligands/Results/InProgress/L(+)-TARTARIC ACID/pH_4.0/L(+)-TARTARIC ACID_pH_4.0-epik.mae -ms 50 -ph 4.0 -nt -p 4.5399929762484854e-05 -pKa_atom
SCHRODINGER: /cbio/jclab/share/schrodinger/schrodinger2016-4

Running Epik version     3.8015
Epik. Copyright Schrodinger, LLC. All rights reserved.

Input file name:                        /scratch/8332595.hal-sched1.local/tmpr1rn5mac/L(+)-TARTARIC ACID_pH_4.0-before_epik.mae
Output file name:                       /cbio/jclab/home/rustenburg/PFK/Epik-Ligands/Results/InProgress/L(+)-TARTARIC ACID/pH_4.0/L(+)-TARTARIC ACID_pH_4.0-epik.mae
Maximum number of states set to: 50
Structure adjustment calculation requested.
  Target pH set to 4.000
Minimum probability set to 4.539993e-05
reporting for specific atoms turned on (pKa_atom)

Adjusting structures for pH 4.000000e+00 and minimum probability 4.539993e-05
Solvent model name:                     water
Jobcontrol is not being used for this specific Epik calculation.
---------------------------
Processing Input Structure #1
        Title: TLA
                                              Calculated pKas
                                                 Conjugate
                                          Atom   Acid/Base  pKa
. . . . . . . . . . . . . . . . . . . . . . .
Variation: 1
                                            13   Conj_Acid  8.11
                                            15   Conj_Acid  8.11
                                            11   Conj_Acid  2.92
                                            16   Conj_Acid  2.92
 pKa penalty:                                 1.52 kcal/mol
     Charging penalty:                        0.00 kcal/mol
     Neutralization penalty:                  1.52 kcal/mol
 Overall Penalty (tautomerization included):  0.03 kcal/mol
 Total Charge: 0
. . . . . . . . . . . . . . . . . . . . . . .
Variation: 2
                                            12   Conj_Acid 15.00
                                            14   Conj_Acid 10.80
                                            15   Conj_Acid  3.50
                                             2   Conj_Base  2.92
                                             5   Conj_Base -0.01
 pKa penalty:                                 0.89 kcal/mol
     Charging penalty:                        0.05 kcal/mol
     Neutralization penalty:                  0.84 kcal/mol
 Overall Penalty (tautomerization included):  1.90 kcal/mol
 Total Charge: -1
. . . . . . . . . . . . . . . . . . . . . . .
Variation: 3
                                             2   Conj_Base  3.80
                                            10   Conj_Base  3.80
                                             5   Conj_Base  2.11
                                             7   Conj_Base  2.11
 pKa penalty:                                 0.30 kcal/mol
     Charging penalty:                        0.29 kcal/mol
     Neutralization penalty:                  0.01 kcal/mol
 Overall Penalty (tautomerization included):  3.81 kcal/mol
 Total Charge: -2
---------------------------
