COMMAND:
 /cbio/jclab/share/schrodinger/schrodinger2016-4/epik-v3.8/bin/Linux-x86_64/epik_app -imae /scratch/8333014.hal-sched1.local/tmpk_05b88q/PEPTIDE DERIVED CHROMOPHORE_pH_4.0-before_epik.mae -omae /cbio/jclab/home/rustenburg/PFK/Epik-Ligands/Results/InProgress/PEPTIDE DERIVED CHROMOPHORE/pH_4.0/PEPTIDE DERIVED CHROMOPHORE_pH_4.0-epik.mae -ms 50 -ph 4.0 -nt -p 4.5399929762484854e-05 -pKa_atom
SCHRODINGER: /cbio/jclab/share/schrodinger/schrodinger2016-4

Running Epik version     3.8015
Epik. Copyright Schrodinger, LLC. All rights reserved.

Input file name:                        /scratch/8333014.hal-sched1.local/tmpk_05b88q/PEPTIDE DERIVED CHROMOPHORE_pH_4.0-before_epik.mae
Output file name:                       /cbio/jclab/home/rustenburg/PFK/Epik-Ligands/Results/InProgress/PEPTIDE DERIVED CHROMOPHORE/pH_4.0/PEPTIDE DERIVED CHROMOPHORE_pH_4.0-epik.mae
Maximum number of states set to: 50
Structure adjustment calculation requested.
  Target pH set to 4.000
Minimum probability set to 4.539993e-05
reporting for specific atoms turned on (pKa_atom)

Adjusting structures for pH 4.000000e+00 and minimum probability 4.539993e-05
Solvent model name:                     water
Jobcontrol is not being used for this specific Epik calculation.
---------------------------
Processing Input Structure #1
        Title: CRO
                                              Calculated pKas
                                                 Conjugate
                                          Atom   Acid/Base  pKa
. . . . . . . . . . . . . . . . . . . . . . .
Variation: 1
                                            31   Conj_Acid 11.30
                                            39   Conj_Acid  7.55
                                            24   Conj_Acid  5.13
                                            25   Conj_Acid  5.13
                                            40   Conj_Acid  5.13
                                             7   Conj_Base -0.15
 pKa penalty:                                 0.04 kcal/mol
     Charging penalty:                        0.04 kcal/mol
     Neutralization penalty:                  0.00 kcal/mol
 Overall Penalty (tautomerization included):  0.05 kcal/mol
 Total Charge: -1
 Chemistry Notes:   This compound has an imine and may undergo hydrolysis.
. . . . . . . . . . . . . . . . . . . . . . .
Variation: 2
                                            31   Conj_Acid 11.21
                                            34   Conj_Acid  2.90
                                            40   Conj_Acid  7.56
                                            24   Conj_Acid  5.02
                                            25   Conj_Acid  5.02
                                            41   Conj_Acid  5.02
                                             7   Conj_Base -0.72
 pKa penalty:                                 1.61 kcal/mol
     Charging penalty:                        0.05 kcal/mol
     Neutralization penalty:                  1.55 kcal/mol
 Overall Penalty (tautomerization included):  1.79 kcal/mol
 Total Charge: 0
 Chemistry Notes:   This compound has an imine and may undergo hydrolysis.
. . . . . . . . . . . . . . . . . . . . . . .
Variation: 3
                                            31   Conj_Acid 11.95
                                            39   Conj_Acid  7.78
                                             1   Conj_Base  5.13
                                             7   Conj_Base  1.64
                                             5   Conj_Base -2.34
 pKa penalty:                                 1.59 kcal/mol
     Charging penalty:                        0.00 kcal/mol
     Neutralization penalty:                  1.59 kcal/mol
 Overall Penalty (tautomerization included):  2.11 kcal/mol
 Total Charge: -2
 Chemistry Notes:   This compound has an imine and may undergo hydrolysis.
. . . . . . . . . . . . . . . . . . . . . . .
Variation: 4
                                            31   Conj_Acid 11.86
                                            34   Conj_Acid  3.07
                                            40   Conj_Acid  7.79
                                             1   Conj_Base  5.02
                                             7   Conj_Base  1.08
                                             5   Conj_Base -2.41
 pKa penalty:                                 2.78 kcal/mol
     Charging penalty:                        0.00 kcal/mol
     Neutralization penalty:                  2.78 kcal/mol
 Overall Penalty (tautomerization included):  3.34 kcal/mol
 Total Charge: -1
 Chemistry Notes:   This compound has an imine and may undergo hydrolysis.
. . . . . . . . . . . . . . . . . . . . . . .
Variation: 5
                                            31   Conj_Acid 11.30
                                            22   Conj_Base  7.55
                                            24   Conj_Acid  5.13
                                            25   Conj_Acid  5.13
                                            39   Conj_Acid  5.13
                                             7   Conj_Base -0.15
 pKa penalty:                                 4.88 kcal/mol
     Charging penalty:                        4.88 kcal/mol
     Neutralization penalty:                  0.00 kcal/mol
 Overall Penalty (tautomerization included):  5.22 kcal/mol
 Total Charge: -2
 Chemistry Notes:   This compound has an imine and may undergo hydrolysis.
. . . . . . . . . . . . . . . . . . . . . . .
Variation: 6
                                            31   Conj_Acid 10.87
                                            39   Conj_Acid  7.06
                                            24   Conj_Acid  4.63
                                            25   Conj_Acid  4.63
                                            40   Conj_Acid  4.63
                                            41   Conj_Acid -0.15
                                            15   Conj_Base -0.05
 pKa penalty:                                 5.79 kcal/mol
     Charging penalty:                        5.79 kcal/mol
     Neutralization penalty:                  0.00 kcal/mol
 Overall Penalty (tautomerization included):  5.61 kcal/mol
 Total Charge: 0
 Chemistry Notes:   This compound has an imine and may undergo hydrolysis.
---------------------------
