      0.29570000
      1.38280000
      1.63920000
      1.71530000
      1.94120000
      2.17660000
      2.19760000
      2.51190000
      2.63910000
      2.76880000
      2.78240000
      2.90250000
      2.94980000
      3.03430000
      3.07100000
      3.21270000
      3.29700000
      3.84220000
      3.97920000
      4.06020000
      4.18040000
      4.25230000
      4.37740000
      4.46540000
      4.50220000
      4.50220000
      4.51840000
      4.55680000
      4.79740000
      4.81740000
      4.81740000
      4.81840000
      5.05910000
      5.08090000
      5.08090000
      5.11600000
      5.11600000
      5.27900000
      5.27900000
      5.53870000
      5.53870000
      5.63270000
      5.63270000
