COMMAND:
 /cbio/jclab/share/schrodinger/schrodinger2016-4/epik-v3.8/bin/Linux-x86_64/epik_app -imae /scratch/8332595.hal-sched1.local/tmpa10ijwhs/COENZYME A_pH_4.0-before_epik.mae -omae /cbio/jclab/home/rustenburg/PFK/Epik-Ligands/Results/InProgress/COENZYME A/pH_4.0/COENZYME A_pH_4.0-epik.mae -ms 50 -ph 4.0 -nt -p 4.5399929762484854e-05 -pKa_atom
SCHRODINGER: /cbio/jclab/share/schrodinger/schrodinger2016-4

Running Epik version     3.8015
Epik. Copyright Schrodinger, LLC. All rights reserved.

Input file name:                        /scratch/8332595.hal-sched1.local/tmpa10ijwhs/COENZYME A_pH_4.0-before_epik.mae
Output file name:                       /cbio/jclab/home/rustenburg/PFK/Epik-Ligands/Results/InProgress/COENZYME A/pH_4.0/COENZYME A_pH_4.0-epik.mae
Maximum number of states set to: 50
Structure adjustment calculation requested.
  Target pH set to 4.000
Minimum probability set to 4.539993e-05
reporting for specific atoms turned on (pKa_atom)

Adjusting structures for pH 4.000000e+00 and minimum probability 4.539993e-05
Solvent model name:                     water
Jobcontrol is not being used for this specific Epik calculation.
---------------------------
Processing Input Structure #1
        Title: COA
                                              Calculated pKas
                                                 Conjugate
                                          Atom   Acid/Base  pKa
. . . . . . . . . . . . . . . . . . . . . . .
Variation: 1
                                            55   Conj_Acid 10.72
                                            70   Conj_Acid 12.90
                                            71   Conj_Acid 14.49
                                            76   Conj_Acid 14.46
                                            57   Conj_Acid  6.13
                                            18   Conj_Base  3.21
                                            26   Conj_Base  3.58
                                            30   Conj_Base  3.76
                                            81   Conj_Acid  9.33
                                             8   Conj_Base  2.82
                                             1   Conj_Base  3.97
                                             3   Conj_Base -0.50
                                            50   Conj_Acid 13.03
                                            51   Conj_Acid 13.03
                                            37   Conj_Base -1.61
                                            39   Conj_Base -1.40
                                            44   Conj_Base -1.45
 pKa penalty:                                 0.98 kcal/mol
     Charging penalty:                        0.55 kcal/mol
     Neutralization penalty:                  0.43 kcal/mol
 Overall Penalty (tautomerization included):  0.30 kcal/mol
 Total Charge: -3
 Chemistry Notes:   This compound contains an acetal/aminal-like group ( X-CH(R)-Y where X, Y are N, S, or O) that may be acid/base labile, releasing an aldehyde.
. . . . . . . . . . . . . . . . . . . . . . .
Variation: 2
                                            55   Conj_Acid 10.72
                                            71   Conj_Acid 12.72
                                            72   Conj_Acid 14.49
                                            77   Conj_Acid 14.46
                                            57   Conj_Acid  6.13
                                            61   Conj_Acid  3.76
                                            18   Conj_Base  3.21
                                            26   Conj_Base  3.12
                                            82   Conj_Acid  9.33
                                             8   Conj_Base  2.82
                                             1   Conj_Base  3.97
                                             3   Conj_Base -0.50
                                            50   Conj_Acid 13.03
                                            51   Conj_Acid 13.03
                                            37   Conj_Base -1.75
                                            39   Conj_Base -1.40
                                            44   Conj_Base -1.45
 pKa penalty:                                 1.19 kcal/mol
     Charging penalty:                        0.16 kcal/mol
     Neutralization penalty:                  1.03 kcal/mol
 Overall Penalty (tautomerization included):  1.38 kcal/mol
 Total Charge: -2
 Chemistry Notes:   This compound contains an acetal/aminal-like group ( X-CH(R)-Y where X, Y are N, S, or O) that may be acid/base labile, releasing an aldehyde.
. . . . . . . . . . . . . . . . . . . . . . .
Variation: 3
                                            55   Conj_Acid 10.72
                                            71   Conj_Acid 12.90
                                            72   Conj_Acid 14.49
                                            77   Conj_Acid 14.46
                                            57   Conj_Acid  6.13
                                            61   Conj_Acid  3.58
                                            18   Conj_Base  3.21
                                            30   Conj_Base  3.30
                                            82   Conj_Acid  9.33
                                             8   Conj_Base  2.82
                                             1   Conj_Base  3.97
                                             3   Conj_Base -0.50
                                            50   Conj_Acid 13.03
                                            51   Conj_Acid 13.03
                                            37   Conj_Base -1.61
                                            39   Conj_Base -1.40
                                            44   Conj_Base -1.45
 pKa penalty:                                 1.39 kcal/mol
     Charging penalty:                        0.20 kcal/mol
     Neutralization penalty:                  1.20 kcal/mol
 Overall Penalty (tautomerization included):  1.64 kcal/mol
 Total Charge: -2
 Chemistry Notes:   This compound contains an acetal/aminal-like group ( X-CH(R)-Y where X, Y are N, S, or O) that may be acid/base labile, releasing an aldehyde.
. . . . . . . . . . . . . . . . . . . . . . .
Variation: 4
                                            55   Conj_Acid 10.72
                                            70   Conj_Acid 12.90
                                            71   Conj_Acid 14.49
                                            76   Conj_Acid 14.46
                                            57   Conj_Acid  6.13
                                            18   Conj_Base  3.21
                                            26   Conj_Base  3.58
                                            30   Conj_Base  3.76
                                            81   Conj_Acid  9.33
                                             8   Conj_Base  0.65
                                            82   Conj_Acid  3.97
                                            50   Conj_Acid  5.98
                                            51   Conj_Acid  5.98
                                            37   Conj_Base -1.61
                                            39   Conj_Base -1.40
                                            44   Conj_Base -1.45
 pKa penalty:                                 0.99 kcal/mol
     Charging penalty:                        0.98 kcal/mol
     Neutralization penalty:                  0.01 kcal/mol
 Overall Penalty (tautomerization included):  1.72 kcal/mol
 Total Charge: -2
 Chemistry Notes:   This compound contains an acetal/aminal-like group ( X-CH(R)-Y where X, Y are N, S, or O) that may be acid/base labile, releasing an aldehyde.
. . . . . . . . . . . . . . . . . . . . . . .
Variation: 5
                                            55   Conj_Acid 10.72
                                            71   Conj_Acid 12.72
                                            72   Conj_Acid 14.49
                                            77   Conj_Acid 14.46
                                            57   Conj_Acid  6.13
                                            61   Conj_Acid  3.76
                                            18   Conj_Base  3.21
                                            26   Conj_Base  3.12
                                            82   Conj_Acid  9.33
                                             8   Conj_Base  0.65
                                            83   Conj_Acid  3.97
                                            50   Conj_Acid  5.98
                                            51   Conj_Acid  5.98
                                            37   Conj_Base -1.75
                                            39   Conj_Base -1.40
                                            44   Conj_Base -1.45
 pKa penalty:                                 1.20 kcal/mol
     Charging penalty:                        0.59 kcal/mol
     Neutralization penalty:                  0.61 kcal/mol
 Overall Penalty (tautomerization included):  1.94 kcal/mol
 Total Charge: -1
 Chemistry Notes:   This compound contains an acetal/aminal-like group ( X-CH(R)-Y where X, Y are N, S, or O) that may be acid/base labile, releasing an aldehyde.
. . . . . . . . . . . . . . . . . . . . . . .
Variation: 6
                                            55   Conj_Acid 10.50
                                            71   Conj_Acid 12.90
                                            72   Conj_Acid 14.49
                                            77   Conj_Acid 14.46
                                            57   Conj_Acid  3.21
                                            58   Conj_Acid  3.21
                                            26   Conj_Base  3.57
                                            30   Conj_Base  3.76
                                            82   Conj_Acid  9.33
                                             8   Conj_Base  2.82
                                             1   Conj_Base  3.97
                                             3   Conj_Base -0.50
                                            50   Conj_Acid 13.03
                                            51   Conj_Acid 13.03
                                            37   Conj_Base -1.61
                                            39   Conj_Base -1.40
                                            44   Conj_Base -1.45
 pKa penalty:                                 2.06 kcal/mol
     Charging penalty:                        0.46 kcal/mol
     Neutralization penalty:                  1.60 kcal/mol
 Overall Penalty (tautomerization included):  2.18 kcal/mol
 Total Charge: -2
 Chemistry Notes:   This compound contains an acetal/aminal-like group ( X-CH(R)-Y where X, Y are N, S, or O) that may be acid/base labile, releasing an aldehyde.
. . . . . . . . . . . . . . . . . . . . . . .
Variation: 7
                                            55   Conj_Acid 10.72
                                            71   Conj_Acid 12.90
                                            72   Conj_Acid 14.49
                                            77   Conj_Acid 14.46
                                            57   Conj_Acid  6.13
                                            61   Conj_Acid  3.58
                                            18   Conj_Base  3.21
                                            30   Conj_Base  3.30
                                            82   Conj_Acid  9.33
                                             8   Conj_Base  0.65
                                            83   Conj_Acid  3.97
                                            50   Conj_Acid  5.98
                                            51   Conj_Acid  5.98
                                            37   Conj_Base -1.61
                                            39   Conj_Base -1.40
                                            44   Conj_Base -1.45
 pKa penalty:                                 1.40 kcal/mol
     Charging penalty:                        0.63 kcal/mol
     Neutralization penalty:                  0.77 kcal/mol
 Overall Penalty (tautomerization included):  2.20 kcal/mol
 Total Charge: -1
 Chemistry Notes:   This compound contains an acetal/aminal-like group ( X-CH(R)-Y where X, Y are N, S, or O) that may be acid/base labile, releasing an aldehyde.
. . . . . . . . . . . . . . . . . . . . . . .
Variation: 8
                                            55   Conj_Acid 10.35
                                            70   Conj_Acid 12.90
                                            71   Conj_Acid 14.49
                                            76   Conj_Acid 14.46
                                            57   Conj_Acid  6.11
                                            18   Conj_Base  3.20
                                            26   Conj_Base  3.58
                                            30   Conj_Base  3.76
                                            81   Conj_Acid  9.33
                                            82   Conj_Acid  2.82
                                             1   Conj_Base  2.30
                                            50   Conj_Acid 12.40
                                            51   Conj_Acid 12.40
                                            37   Conj_Base -1.61
                                            39   Conj_Base -1.40
                                            44   Conj_Base -1.45
 pKa penalty:                                 2.21 kcal/mol
     Charging penalty:                        2.19 kcal/mol
     Neutralization penalty:                  0.02 kcal/mol
 Overall Penalty (tautomerization included):  2.51 kcal/mol
 Total Charge: -2
 Chemistry Notes:   This compound contains an acetal/aminal-like group ( X-CH(R)-Y where X, Y are N, S, or O) that may be acid/base labile, releasing an aldehyde.
. . . . . . . . . . . . . . . . . . . . . . .
Variation: 9
                                            55   Conj_Acid 10.50
                                            72   Conj_Acid 12.72
                                            73   Conj_Acid 14.49
                                            78   Conj_Acid 14.46
                                            57   Conj_Acid  3.21
                                            58   Conj_Acid  3.21
                                            62   Conj_Acid  3.76
                                            26   Conj_Base  3.11
                                            83   Conj_Acid  9.33
                                             8   Conj_Base  2.82
                                             1   Conj_Base  3.97
                                             3   Conj_Base -0.50
                                            50   Conj_Acid 13.03
                                            51   Conj_Acid 13.03
                                            37   Conj_Base -1.75
                                            39   Conj_Base -1.40
                                            44   Conj_Base -1.45
 pKa penalty:                                 2.27 kcal/mol
     Charging penalty:                        0.07 kcal/mol
     Neutralization penalty:                  2.20 kcal/mol
 Overall Penalty (tautomerization included):  2.64 kcal/mol
 Total Charge: -1
 Chemistry Notes:   This compound contains an acetal/aminal-like group ( X-CH(R)-Y where X, Y are N, S, or O) that may be acid/base labile, releasing an aldehyde.
. . . . . . . . . . . . . . . . . . . . . . .
Variation: 10
                                            55   Conj_Acid 10.72
                                            72   Conj_Acid 12.72
                                            73   Conj_Acid 14.49
                                            78   Conj_Acid 14.46
                                            57   Conj_Acid  6.13
                                            61   Conj_Acid  3.12
                                            62   Conj_Acid  3.30
                                            18   Conj_Base  3.21
                                            83   Conj_Acid  9.33
                                             8   Conj_Base  2.82
                                             1   Conj_Base  3.97
                                             3   Conj_Base -0.50
                                            50   Conj_Acid 13.03
                                            51   Conj_Acid 13.03
                                            37   Conj_Base -1.75
                                            39   Conj_Base -1.40
                                            44   Conj_Base -1.45
 pKa penalty:                                 2.86 kcal/mol
     Charging penalty:                        0.09 kcal/mol
     Neutralization penalty:                  2.78 kcal/mol
 Overall Penalty (tautomerization included):  2.77 kcal/mol
 Total Charge: -1
 Chemistry Notes:   This compound contains an acetal/aminal-like group ( X-CH(R)-Y where X, Y are N, S, or O) that may be acid/base labile, releasing an aldehyde.
. . . . . . . . . . . . . . . . . . . . . . .
Variation: 11
                                            55   Conj_Acid 10.50
                                            71   Conj_Acid 12.90
                                            72   Conj_Acid 14.49
                                            77   Conj_Acid 14.46
                                            57   Conj_Acid  3.21
                                            58   Conj_Acid  3.21
                                            26   Conj_Base  3.57
                                            30   Conj_Base  3.76
                                            82   Conj_Acid  9.33
                                             8   Conj_Base  0.65
                                            83   Conj_Acid  3.97
                                            50   Conj_Acid  5.98
                                            51   Conj_Acid  5.98
                                            37   Conj_Base -1.61
                                            39   Conj_Base -1.40
                                            44   Conj_Base -1.45
 pKa penalty:                                 2.06 kcal/mol
     Charging penalty:                        0.89 kcal/mol
     Neutralization penalty:                  1.17 kcal/mol
 Overall Penalty (tautomerization included):  2.78 kcal/mol
 Total Charge: -1
 Chemistry Notes:   This compound contains an acetal/aminal-like group ( X-CH(R)-Y where X, Y are N, S, or O) that may be acid/base labile, releasing an aldehyde.
. . . . . . . . . . . . . . . . . . . . . . .
Variation: 12
                                            55   Conj_Acid 10.50
                                            72   Conj_Acid 12.90
                                            73   Conj_Acid 14.49
                                            78   Conj_Acid 14.46
                                            57   Conj_Acid  3.21
                                            58   Conj_Acid  3.21
                                            62   Conj_Acid  3.57
                                            30   Conj_Base  3.30
                                            83   Conj_Acid  9.33
                                             8   Conj_Base  2.82
                                             1   Conj_Base  3.97
                                             3   Conj_Base -0.50
                                            50   Conj_Acid 13.03
                                            51   Conj_Acid 13.03
                                            37   Conj_Base -1.61
                                            39   Conj_Base -1.40
                                            44   Conj_Base -1.45
 pKa penalty:                                 2.47 kcal/mol
     Charging penalty:                        0.11 kcal/mol
     Neutralization penalty:                  2.37 kcal/mol
 Overall Penalty (tautomerization included):  2.90 kcal/mol
 Total Charge: -1
 Chemistry Notes:   This compound contains an acetal/aminal-like group ( X-CH(R)-Y where X, Y are N, S, or O) that may be acid/base labile, releasing an aldehyde.
. . . . . . . . . . . . . . . . . . . . . . .
Variation: 13
                                            55   Conj_Acid 10.50
                                            72   Conj_Acid 12.72
                                            73   Conj_Acid 14.49
                                            78   Conj_Acid 14.46
                                            57   Conj_Acid  3.21
                                            58   Conj_Acid  3.21
                                            62   Conj_Acid  3.76
                                            26   Conj_Base  3.11
                                            83   Conj_Acid  9.33
                                             8   Conj_Base  0.65
                                            84   Conj_Acid  3.97
                                            50   Conj_Acid  5.98
                                            51   Conj_Acid  5.98
                                            37   Conj_Base -1.75
                                            39   Conj_Base -1.40
                                            44   Conj_Base -1.45
 pKa penalty:                                 2.28 kcal/mol
     Charging penalty:                        0.50 kcal/mol
     Neutralization penalty:                  1.77 kcal/mol
 Overall Penalty (tautomerization included):  2.95 kcal/mol
 Total Charge: 0
 Chemistry Notes:   This compound contains an acetal/aminal-like group ( X-CH(R)-Y where X, Y are N, S, or O) that may be acid/base labile, releasing an aldehyde.
. . . . . . . . . . . . . . . . . . . . . . .
Variation: 14
                                            55   Conj_Acid 10.35
                                            71   Conj_Acid 12.72
                                            72   Conj_Acid 14.49
                                            77   Conj_Acid 14.46
                                            57   Conj_Acid  6.11
                                            61   Conj_Acid  3.76
                                            18   Conj_Base  3.20
                                            26   Conj_Base  3.11
                                            82   Conj_Acid  9.33
                                            83   Conj_Acid  2.82
                                             1   Conj_Base  2.30
                                            50   Conj_Acid 12.40
                                            51   Conj_Acid 12.40
                                            37   Conj_Base -1.75
                                            39   Conj_Base -1.40
                                            44   Conj_Base -1.45
 pKa penalty:                                 2.42 kcal/mol
     Charging penalty:                        1.81 kcal/mol
     Neutralization penalty:                  0.62 kcal/mol
 Overall Penalty (tautomerization included):  3.03 kcal/mol
 Total Charge: -1
 Chemistry Notes:   This compound contains an acetal/aminal-like group ( X-CH(R)-Y where X, Y are N, S, or O) that may be acid/base labile, releasing an aldehyde.
. . . . . . . . . . . . . . . . . . . . . . .
Variation: 15
                                            55   Conj_Acid 10.72
                                            72   Conj_Acid 12.72
                                            73   Conj_Acid 14.49
                                            78   Conj_Acid 14.46
                                            57   Conj_Acid  6.13
                                            61   Conj_Acid  3.12
                                            62   Conj_Acid  3.30
                                            18   Conj_Base  3.21
                                            83   Conj_Acid  9.33
                                             8   Conj_Base  0.65
                                            84   Conj_Acid  3.97
                                            50   Conj_Acid  5.98
                                            51   Conj_Acid  5.98
                                            37   Conj_Base -1.75
                                            39   Conj_Base -1.40
                                            44   Conj_Base -1.45
 pKa penalty:                                 2.87 kcal/mol
     Charging penalty:                        0.52 kcal/mol
     Neutralization penalty:                  2.35 kcal/mol
 Overall Penalty (tautomerization included):  3.07 kcal/mol
 Total Charge: 0
 Chemistry Notes:   This compound contains an acetal/aminal-like group ( X-CH(R)-Y where X, Y are N, S, or O) that may be acid/base labile, releasing an aldehyde.
. . . . . . . . . . . . . . . . . . . . . . .
Variation: 16
                                            55   Conj_Acid 10.50
                                            72   Conj_Acid 12.90
                                            73   Conj_Acid 14.49
                                            78   Conj_Acid 14.46
                                            57   Conj_Acid  3.21
                                            58   Conj_Acid  3.21
                                            62   Conj_Acid  3.57
                                            30   Conj_Base  3.30
                                            83   Conj_Acid  9.33
                                             8   Conj_Base  0.65
                                            84   Conj_Acid  3.97
                                            50   Conj_Acid  5.98
                                            51   Conj_Acid  5.98
                                            37   Conj_Base -1.61
                                            39   Conj_Base -1.40
                                            44   Conj_Base -1.45
 pKa penalty:                                 2.48 kcal/mol
     Charging penalty:                        0.54 kcal/mol
     Neutralization penalty:                  1.94 kcal/mol
 Overall Penalty (tautomerization included):  3.21 kcal/mol
 Total Charge: 0
 Chemistry Notes:   This compound contains an acetal/aminal-like group ( X-CH(R)-Y where X, Y are N, S, or O) that may be acid/base labile, releasing an aldehyde.
. . . . . . . . . . . . . . . . . . . . . . .
Variation: 17
                                            55   Conj_Acid 10.35
                                            71   Conj_Acid 12.90
                                            72   Conj_Acid 14.49
                                            77   Conj_Acid 14.46
                                            57   Conj_Acid  6.11
                                            61   Conj_Acid  3.58
                                            18   Conj_Base  3.20
                                            30   Conj_Base  3.30
                                            82   Conj_Acid  9.33
                                            83   Conj_Acid  2.82
                                             1   Conj_Base  2.30
                                            50   Conj_Acid 12.40
                                            51   Conj_Acid 12.40
                                            37   Conj_Base -1.61
                                            39   Conj_Base -1.40
                                            44   Conj_Base -1.45
 pKa penalty:                                 2.63 kcal/mol
     Charging penalty:                        1.84 kcal/mol
     Neutralization penalty:                  0.78 kcal/mol
 Overall Penalty (tautomerization included):  3.30 kcal/mol
 Total Charge: -1
 Chemistry Notes:   This compound contains an acetal/aminal-like group ( X-CH(R)-Y where X, Y are N, S, or O) that may be acid/base labile, releasing an aldehyde.
. . . . . . . . . . . . . . . . . . . . . . .
Variation: 18
                                            55   Conj_Acid 10.13
                                            71   Conj_Acid 12.90
                                            72   Conj_Acid 14.49
                                            77   Conj_Acid 14.46
                                            57   Conj_Acid  3.20
                                            58   Conj_Acid  3.20
                                            26   Conj_Base  3.57
                                            30   Conj_Base  3.76
                                            82   Conj_Acid  9.33
                                            83   Conj_Acid  2.82
                                             1   Conj_Base  2.30
                                            50   Conj_Acid 12.40
                                            51   Conj_Acid 12.40
                                            37   Conj_Base -1.61
                                            39   Conj_Base -1.40
                                            44   Conj_Base -1.45
 pKa penalty:                                 3.30 kcal/mol
     Charging penalty:                        2.10 kcal/mol
     Neutralization penalty:                  1.19 kcal/mol
 Overall Penalty (tautomerization included):  3.84 kcal/mol
 Total Charge: -1
 Chemistry Notes:   This compound contains an acetal/aminal-like group ( X-CH(R)-Y where X, Y are N, S, or O) that may be acid/base labile, releasing an aldehyde.
. . . . . . . . . . . . . . . . . . . . . . .
Variation: 19
                                            55   Conj_Acid 10.50
                                            73   Conj_Acid 12.72
                                            74   Conj_Acid 14.49
                                            79   Conj_Acid 14.46
                                            57   Conj_Acid  3.21
                                            58   Conj_Acid  3.21
                                            62   Conj_Acid  3.11
                                            63   Conj_Acid  3.30
                                            84   Conj_Acid  9.33
                                             8   Conj_Base  2.82
                                             1   Conj_Base  3.97
                                             3   Conj_Base -0.50
                                            50   Conj_Acid 13.03
                                            51   Conj_Acid 13.03
                                            37   Conj_Base -1.75
                                            39   Conj_Base -1.40
                                            44   Conj_Base -1.45
 pKa penalty:                                 3.95 kcal/mol
     Charging penalty:                        0.00 kcal/mol
     Neutralization penalty:                  3.95 kcal/mol
 Overall Penalty (tautomerization included):  3.98 kcal/mol
 Total Charge: 0
 Chemistry Notes:   This compound contains an acetal/aminal-like group ( X-CH(R)-Y where X, Y are N, S, or O) that may be acid/base labile, releasing an aldehyde.
. . . . . . . . . . . . . . . . . . . . . . .
Variation: 20
                                            55   Conj_Acid 11.60
                                            69   Conj_Acid 12.90
                                            70   Conj_Acid 14.49
                                            75   Conj_Acid 14.46
                                            18   Conj_Base  6.13
                                            19   Conj_Base  6.13
                                            26   Conj_Base  3.60
                                            30   Conj_Base  3.76
                                            80   Conj_Acid  9.33
                                             8   Conj_Base  2.82
                                             1   Conj_Base  3.97
                                             3   Conj_Base -0.50
                                            50   Conj_Acid 13.03
                                            51   Conj_Acid 13.03
                                            13   Conj_Base -2.61
                                            37   Conj_Base -1.61
                                            39   Conj_Base -1.40
                                            44   Conj_Base -1.45
 pKa penalty:                                 3.80 kcal/mol
     Charging penalty:                        3.38 kcal/mol
     Neutralization penalty:                  0.43 kcal/mol
 Overall Penalty (tautomerization included):  4.06 kcal/mol
 Total Charge: -4
 Chemistry Notes:   This compound contains an acetal/aminal-like group ( X-CH(R)-Y where X, Y are N, S, or O) that may be acid/base labile, releasing an aldehyde.
. . . . . . . . . . . . . . . . . . . . . . .
Variation: 21
                                            55   Conj_Acid 10.50
                                            73   Conj_Acid 12.72
                                            74   Conj_Acid 14.49
                                            79   Conj_Acid 14.46
                                            57   Conj_Acid  3.21
                                            58   Conj_Acid  3.21
                                            62   Conj_Acid  3.11
                                            63   Conj_Acid  3.30
                                            84   Conj_Acid  9.33
                                             8   Conj_Base  0.65
                                            85   Conj_Acid  3.97
                                            50   Conj_Acid  5.98
                                            51   Conj_Acid  5.98
                                            37   Conj_Base -1.75
                                            39   Conj_Base -1.40
                                            44   Conj_Base -1.45
 pKa penalty:                                 3.95 kcal/mol
     Charging penalty:                        0.43 kcal/mol
     Neutralization penalty:                  3.52 kcal/mol
 Overall Penalty (tautomerization included):  4.18 kcal/mol
 Total Charge: 1
 Chemistry Notes:   This compound contains an acetal/aminal-like group ( X-CH(R)-Y where X, Y are N, S, or O) that may be acid/base labile, releasing an aldehyde.
. . . . . . . . . . . . . . . . . . . . . . .
Variation: 22
                                            55   Conj_Acid 10.13
                                            72   Conj_Acid 12.72
                                            73   Conj_Acid 14.49
                                            78   Conj_Acid 14.46
                                            57   Conj_Acid  3.20
                                            58   Conj_Acid  3.20
                                            62   Conj_Acid  3.76
                                            26   Conj_Base  3.11
                                            83   Conj_Acid  9.33
                                            84   Conj_Acid  2.82
                                             1   Conj_Base  2.30
                                            50   Conj_Acid 12.40
                                            51   Conj_Acid 12.40
                                            37   Conj_Base -1.75
                                            39   Conj_Base -1.40
                                            44   Conj_Base -1.45
 pKa penalty:                                 3.51 kcal/mol
     Charging penalty:                        1.72 kcal/mol
     Neutralization penalty:                  1.79 kcal/mol
 Overall Penalty (tautomerization included):  4.25 kcal/mol
 Total Charge: 0
 Chemistry Notes:   This compound contains an acetal/aminal-like group ( X-CH(R)-Y where X, Y are N, S, or O) that may be acid/base labile, releasing an aldehyde.
. . . . . . . . . . . . . . . . . . . . . . .
Variation: 23
                                            55   Conj_Acid 10.35
                                            72   Conj_Acid 12.72
                                            73   Conj_Acid 14.49
                                            78   Conj_Acid 14.46
                                            57   Conj_Acid  6.11
                                            61   Conj_Acid  3.11
                                            62   Conj_Acid  3.30
                                            18   Conj_Base  3.20
                                            83   Conj_Acid  9.33
                                            84   Conj_Acid  2.82
                                             1   Conj_Base  2.30
                                            50   Conj_Acid 12.40
                                            51   Conj_Acid 12.40
                                            37   Conj_Base -1.75
                                            39   Conj_Base -1.40
                                            44   Conj_Base -1.45
 pKa penalty:                                 4.10 kcal/mol
     Charging penalty:                        1.73 kcal/mol
     Neutralization penalty:                  2.36 kcal/mol
 Overall Penalty (tautomerization included):  4.38 kcal/mol
 Total Charge: 0
 Chemistry Notes:   This compound contains an acetal/aminal-like group ( X-CH(R)-Y where X, Y are N, S, or O) that may be acid/base labile, releasing an aldehyde.
. . . . . . . . . . . . . . . . . . . . . . .
Variation: 24
                                            55   Conj_Acid 11.60
                                            69   Conj_Acid 12.90
                                            70   Conj_Acid 14.49
                                            75   Conj_Acid 14.46
                                            18   Conj_Base  6.13
                                            19   Conj_Base  6.13
                                            26   Conj_Base  3.60
                                            30   Conj_Base  3.76
                                            80   Conj_Acid  9.33
                                             8   Conj_Base  0.65
                                            81   Conj_Acid  3.97
                                            50   Conj_Acid  5.98
                                            51   Conj_Acid  5.98
                                            13   Conj_Base -2.61
                                            37   Conj_Base -1.61
                                            39   Conj_Base -1.40
                                            44   Conj_Base -1.45
 pKa penalty:                                 3.81 kcal/mol
     Charging penalty:                        3.81 kcal/mol
     Neutralization penalty:                  0.01 kcal/mol
 Overall Penalty (tautomerization included):  4.47 kcal/mol
 Total Charge: -3
 Chemistry Notes:   This compound contains an acetal/aminal-like group ( X-CH(R)-Y where X, Y are N, S, or O) that may be acid/base labile, releasing an aldehyde.
. . . . . . . . . . . . . . . . . . . . . . .
Variation: 25
                                            54   Conj_Acid 10.35
                                            69   Conj_Acid 12.90
                                            70   Conj_Acid 14.49
                                            75   Conj_Acid 14.46
                                            56   Conj_Acid  6.11
                                            18   Conj_Base  3.20
                                            26   Conj_Base  3.58
                                            30   Conj_Base  3.76
                                            80   Conj_Acid  9.33
                                            82   Conj_Acid  4.34
                                            81   Conj_Acid  5.62
                                             7   Conj_Base  4.18
                                            37   Conj_Base -1.61
                                            39   Conj_Base -1.40
                                            44   Conj_Base -1.45
 pKa penalty:                                 1.33 kcal/mol
     Charging penalty:                        1.11 kcal/mol
     Neutralization penalty:                  0.23 kcal/mol
 Overall Penalty (tautomerization included):  4.50 kcal/mol
 Total Charge: -2
 Chemistry Notes:   This compound contains an acetal/aminal-like group ( X-CH(R)-Y where X, Y are N, S, or O) that may be acid/base labile, releasing an aldehyde.
. . . . . . . . . . . . . . . . . . . . . . .
Variation: 26
                                            54   Conj_Acid 10.35
                                            69   Conj_Acid 12.90
                                            70   Conj_Acid 14.49
                                            75   Conj_Acid 14.46
                                            56   Conj_Acid  6.11
                                            18   Conj_Base  3.20
                                            26   Conj_Base  3.58
                                            30   Conj_Base  3.76
                                            80   Conj_Acid  9.33
                                            82   Conj_Acid  4.34
                                            81   Conj_Acid  5.62
                                             7   Conj_Base  4.18
                                            37   Conj_Base -1.61
                                            39   Conj_Base -1.40
                                            44   Conj_Base -1.45
 pKa penalty:                                 1.33 kcal/mol
     Charging penalty:                        1.11 kcal/mol
     Neutralization penalty:                  0.23 kcal/mol
 Overall Penalty (tautomerization included):  4.50 kcal/mol
 Total Charge: -2
 Chemistry Notes:   This compound contains an acetal/aminal-like group ( X-CH(R)-Y where X, Y are N, S, or O) that may be acid/base labile, releasing an aldehyde.
. . . . . . . . . . . . . . . . . . . . . . .
Variation: 27
                                            55   Conj_Acid 10.13
                                            72   Conj_Acid 12.90
                                            73   Conj_Acid 14.49
                                            78   Conj_Acid 14.46
                                            57   Conj_Acid  3.20
                                            58   Conj_Acid  3.20
                                            62   Conj_Acid  3.57
                                            30   Conj_Base  3.30
                                            83   Conj_Acid  9.33
                                            84   Conj_Acid  2.82
                                             1   Conj_Base  2.30
                                            50   Conj_Acid 12.40
                                            51   Conj_Acid 12.40
                                            37   Conj_Base -1.61
                                            39   Conj_Base -1.40
                                            44   Conj_Base -1.45
 pKa penalty:                                 3.72 kcal/mol
     Charging penalty:                        1.76 kcal/mol
     Neutralization penalty:                  1.97 kcal/mol
 Overall Penalty (tautomerization included):  4.52 kcal/mol
 Total Charge: 0
 Chemistry Notes:   This compound contains an acetal/aminal-like group ( X-CH(R)-Y where X, Y are N, S, or O) that may be acid/base labile, releasing an aldehyde.
. . . . . . . . . . . . . . . . . . . . . . .
Variation: 28
                                            55   Conj_Acid 11.60
                                            70   Conj_Acid 12.72
                                            71   Conj_Acid 14.49
                                            76   Conj_Acid 14.46
                                            60   Conj_Acid  3.76
                                            18   Conj_Base  6.13
                                            19   Conj_Base  6.13
                                            26   Conj_Base  3.14
                                            81   Conj_Acid  9.33
                                             8   Conj_Base  2.82
                                             1   Conj_Base  3.97
                                             3   Conj_Base -0.50
                                            50   Conj_Acid 13.03
                                            51   Conj_Acid 13.03
                                            13   Conj_Base -2.61
                                            37   Conj_Base -1.75
                                            39   Conj_Base -1.40
                                            44   Conj_Base -1.45
 pKa penalty:                                 4.01 kcal/mol
     Charging penalty:                        2.98 kcal/mol
     Neutralization penalty:                  1.03 kcal/mol
 Overall Penalty (tautomerization included):  4.56 kcal/mol
 Total Charge: -3
 Chemistry Notes:   This compound contains an acetal/aminal-like group ( X-CH(R)-Y where X, Y are N, S, or O) that may be acid/base labile, releasing an aldehyde.
. . . . . . . . . . . . . . . . . . . . . . .
Variation: 29
                                            55   Conj_Acid 11.60
                                            70   Conj_Acid 12.90
                                            71   Conj_Acid 14.49
                                            76   Conj_Acid 14.46
                                            60   Conj_Acid  3.60
                                            18   Conj_Base  6.13
                                            19   Conj_Base  6.13
                                            30   Conj_Base  3.30
                                            81   Conj_Acid  9.33
                                             8   Conj_Base  2.82
                                             1   Conj_Base  3.97
                                             3   Conj_Base -0.50
                                            50   Conj_Acid 13.03
                                            51   Conj_Acid 13.03
                                            13   Conj_Base -2.61
                                            37   Conj_Base -1.61
                                            39   Conj_Base -1.40
                                            44   Conj_Base -1.45
 pKa penalty:                                 4.18 kcal/mol
     Charging penalty:                        3.01 kcal/mol
     Neutralization penalty:                  1.17 kcal/mol
 Overall Penalty (tautomerization included):  4.80 kcal/mol
 Total Charge: -3
 Chemistry Notes:   This compound contains an acetal/aminal-like group ( X-CH(R)-Y where X, Y are N, S, or O) that may be acid/base labile, releasing an aldehyde.
. . . . . . . . . . . . . . . . . . . . . . .
Variation: 30
                                            54   Conj_Acid 10.35
                                            70   Conj_Acid 12.72
                                            71   Conj_Acid 14.49
                                            76   Conj_Acid 14.46
                                            56   Conj_Acid  6.11
                                            60   Conj_Acid  3.76
                                            18   Conj_Base  3.20
                                            26   Conj_Base  3.11
                                            81   Conj_Acid  9.33
                                            83   Conj_Acid  4.34
                                            82   Conj_Acid  5.62
                                             7   Conj_Base  4.18
                                            37   Conj_Base -1.75
                                            39   Conj_Base -1.40
                                            44   Conj_Base -1.45
 pKa penalty:                                 1.55 kcal/mol
     Charging penalty:                        0.72 kcal/mol
     Neutralization penalty:                  0.83 kcal/mol
 Overall Penalty (tautomerization included):  4.82 kcal/mol
 Total Charge: -1
 Chemistry Notes:   This compound contains an acetal/aminal-like group ( X-CH(R)-Y where X, Y are N, S, or O) that may be acid/base labile, releasing an aldehyde.
. . . . . . . . . . . . . . . . . . . . . . .
Variation: 31
                                            54   Conj_Acid 10.35
                                            70   Conj_Acid 12.72
                                            71   Conj_Acid 14.49
                                            76   Conj_Acid 14.46
                                            56   Conj_Acid  6.11
                                            60   Conj_Acid  3.76
                                            18   Conj_Base  3.20
                                            26   Conj_Base  3.11
                                            81   Conj_Acid  9.33
                                            83   Conj_Acid  4.34
                                            82   Conj_Acid  5.62
                                             7   Conj_Base  4.18
                                            37   Conj_Base -1.75
                                            39   Conj_Base -1.40
                                            44   Conj_Base -1.45
 pKa penalty:                                 1.55 kcal/mol
     Charging penalty:                        0.72 kcal/mol
     Neutralization penalty:                  0.83 kcal/mol
 Overall Penalty (tautomerization included):  4.82 kcal/mol
 Total Charge: -1
 Chemistry Notes:   This compound contains an acetal/aminal-like group ( X-CH(R)-Y where X, Y are N, S, or O) that may be acid/base labile, releasing an aldehyde.
. . . . . . . . . . . . . . . . . . . . . . .
Variation: 32
                                            55   Conj_Acid 11.60
                                            70   Conj_Acid 12.72
                                            71   Conj_Acid 14.49
                                            76   Conj_Acid 14.46
                                            60   Conj_Acid  3.76
                                            18   Conj_Base  6.13
                                            19   Conj_Base  6.13
                                            26   Conj_Base  3.14
                                            81   Conj_Acid  9.33
                                             8   Conj_Base  0.65
                                            82   Conj_Acid  3.97
                                            50   Conj_Acid  5.98
                                            51   Conj_Acid  5.98
                                            13   Conj_Base -2.61
                                            37   Conj_Base -1.75
                                            39   Conj_Base -1.40
                                            44   Conj_Base -1.45
 pKa penalty:                                 4.02 kcal/mol
     Charging penalty:                        3.41 kcal/mol
     Neutralization penalty:                  0.60 kcal/mol
 Overall Penalty (tautomerization included):  4.82 kcal/mol
 Total Charge: -2
 Chemistry Notes:   This compound contains an acetal/aminal-like group ( X-CH(R)-Y where X, Y are N, S, or O) that may be acid/base labile, releasing an aldehyde.
. . . . . . . . . . . . . . . . . . . . . . .
Variation: 33
                                            55   Conj_Acid 11.60
                                            70   Conj_Acid 12.90
                                            71   Conj_Acid 14.49
                                            76   Conj_Acid 14.46
                                            60   Conj_Acid  3.60
                                            18   Conj_Base  6.13
                                            19   Conj_Base  6.13
                                            30   Conj_Base  3.30
                                            81   Conj_Acid  9.33
                                             8   Conj_Base  0.65
                                            82   Conj_Acid  3.97
                                            50   Conj_Acid  5.98
                                            51   Conj_Acid  5.98
                                            13   Conj_Base -2.61
                                            37   Conj_Base -1.61
                                            39   Conj_Base -1.40
                                            44   Conj_Base -1.45
 pKa penalty:                                 4.19 kcal/mol
     Charging penalty:                        3.44 kcal/mol
     Neutralization penalty:                  0.75 kcal/mol
 Overall Penalty (tautomerization included):  5.06 kcal/mol
 Total Charge: -2
 Chemistry Notes:   This compound contains an acetal/aminal-like group ( X-CH(R)-Y where X, Y are N, S, or O) that may be acid/base labile, releasing an aldehyde.
. . . . . . . . . . . . . . . . . . . . . . .
Variation: 34
                                            54   Conj_Acid 10.35
                                            70   Conj_Acid 12.90
                                            71   Conj_Acid 14.49
                                            76   Conj_Acid 14.46
                                            56   Conj_Acid  6.11
                                            60   Conj_Acid  3.58
                                            18   Conj_Base  3.20
                                            30   Conj_Base  3.30
                                            81   Conj_Acid  9.33
                                            83   Conj_Acid  4.34
                                            82   Conj_Acid  5.62
                                             7   Conj_Base  4.18
                                            37   Conj_Base -1.61
                                            39   Conj_Base -1.40
                                            44   Conj_Base -1.45
 pKa penalty:                                 1.75 kcal/mol
     Charging penalty:                        0.76 kcal/mol
     Neutralization penalty:                  0.99 kcal/mol
 Overall Penalty (tautomerization included):  5.08 kcal/mol
 Total Charge: -1
 Chemistry Notes:   This compound contains an acetal/aminal-like group ( X-CH(R)-Y where X, Y are N, S, or O) that may be acid/base labile, releasing an aldehyde.
. . . . . . . . . . . . . . . . . . . . . . .
Variation: 35
                                            54   Conj_Acid 10.35
                                            70   Conj_Acid 12.90
                                            71   Conj_Acid 14.49
                                            76   Conj_Acid 14.46
                                            56   Conj_Acid  6.11
                                            60   Conj_Acid  3.58
                                            18   Conj_Base  3.20
                                            30   Conj_Base  3.30
                                            81   Conj_Acid  9.33
                                            83   Conj_Acid  4.34
                                            82   Conj_Acid  5.62
                                             7   Conj_Base  4.18
                                            37   Conj_Base -1.61
                                            39   Conj_Base -1.40
                                            44   Conj_Base -1.45
 pKa penalty:                                 1.75 kcal/mol
     Charging penalty:                        0.76 kcal/mol
     Neutralization penalty:                  0.99 kcal/mol
 Overall Penalty (tautomerization included):  5.08 kcal/mol
 Total Charge: -1
 Chemistry Notes:   This compound contains an acetal/aminal-like group ( X-CH(R)-Y where X, Y are N, S, or O) that may be acid/base labile, releasing an aldehyde.
. . . . . . . . . . . . . . . . . . . . . . .
Variation: 36
                                            54   Conj_Acid 10.72
                                            69   Conj_Acid 12.90
                                            70   Conj_Acid 14.49
                                            75   Conj_Acid 14.46
                                            56   Conj_Acid  6.13
                                            18   Conj_Base  3.21
                                            26   Conj_Base  3.58
                                            30   Conj_Base  3.76
                                            80   Conj_Acid  9.33
                                             8   Conj_Base  4.34
                                            81   Conj_Acid  6.16
                                             7   Conj_Base  5.98
                                            37   Conj_Base -1.61
                                            39   Conj_Base -1.40
                                            44   Conj_Base -1.45
 pKa penalty:                                 3.95 kcal/mol
     Charging penalty:                        3.95 kcal/mol
     Neutralization penalty:                  0.00 kcal/mol
 Overall Penalty (tautomerization included):  5.12 kcal/mol
 Total Charge: -3
 Chemistry Notes:   This compound contains an acetal/aminal-like group ( X-CH(R)-Y where X, Y are N, S, or O) that may be acid/base labile, releasing an aldehyde.
. . . . . . . . . . . . . . . . . . . . . . .
Variation: 37
                                            54   Conj_Acid 10.72
                                            69   Conj_Acid 12.90
                                            70   Conj_Acid 14.49
                                            75   Conj_Acid 14.46
                                            56   Conj_Acid  6.13
                                            18   Conj_Base  3.21
                                            26   Conj_Base  3.58
                                            30   Conj_Base  3.76
                                            80   Conj_Acid  9.33
                                             8   Conj_Base  4.34
                                            81   Conj_Acid  6.16
                                             7   Conj_Base  5.98
                                            37   Conj_Base -1.61
                                            39   Conj_Base -1.40
                                            44   Conj_Base -1.45
 pKa penalty:                                 3.95 kcal/mol
     Charging penalty:                        3.95 kcal/mol
     Neutralization penalty:                  0.00 kcal/mol
 Overall Penalty (tautomerization included):  5.12 kcal/mol
 Total Charge: -3
 Chemistry Notes:   This compound contains an acetal/aminal-like group ( X-CH(R)-Y where X, Y are N, S, or O) that may be acid/base labile, releasing an aldehyde.
. . . . . . . . . . . . . . . . . . . . . . .
Variation: 38
                                            54   Conj_Acid 10.72
                                            70   Conj_Acid 12.72
                                            71   Conj_Acid 14.49
                                            76   Conj_Acid 14.46
                                            56   Conj_Acid  6.13
                                            60   Conj_Acid  3.76
                                            18   Conj_Base  3.21
                                            26   Conj_Base  3.12
                                            81   Conj_Acid  9.33
                                             8   Conj_Base  4.34
                                            82   Conj_Acid  6.16
                                             7   Conj_Base  5.98
                                            37   Conj_Base -1.75
                                            39   Conj_Base -1.40
                                            44   Conj_Base -1.45
 pKa penalty:                                 4.17 kcal/mol
     Charging penalty:                        3.56 kcal/mol
     Neutralization penalty:                  0.60 kcal/mol
 Overall Penalty (tautomerization included):  5.28 kcal/mol
 Total Charge: -2
 Chemistry Notes:   This compound contains an acetal/aminal-like group ( X-CH(R)-Y where X, Y are N, S, or O) that may be acid/base labile, releasing an aldehyde.
. . . . . . . . . . . . . . . . . . . . . . .
Variation: 39
                                            54   Conj_Acid 10.72
                                            70   Conj_Acid 12.72
                                            71   Conj_Acid 14.49
                                            76   Conj_Acid 14.46
                                            56   Conj_Acid  6.13
                                            60   Conj_Acid  3.76
                                            18   Conj_Base  3.21
                                            26   Conj_Base  3.12
                                            81   Conj_Acid  9.33
                                             8   Conj_Base  4.34
                                            82   Conj_Acid  6.16
                                             7   Conj_Base  5.98
                                            37   Conj_Base -1.75
                                            39   Conj_Base -1.40
                                            44   Conj_Base -1.45
 pKa penalty:                                 4.17 kcal/mol
     Charging penalty:                        3.56 kcal/mol
     Neutralization penalty:                  0.60 kcal/mol
 Overall Penalty (tautomerization included):  5.28 kcal/mol
 Total Charge: -2
 Chemistry Notes:   This compound contains an acetal/aminal-like group ( X-CH(R)-Y where X, Y are N, S, or O) that may be acid/base labile, releasing an aldehyde.
. . . . . . . . . . . . . . . . . . . . . . .
Variation: 40
                                            54   Conj_Acid 10.72
                                            70   Conj_Acid 12.90
                                            71   Conj_Acid 14.49
                                            76   Conj_Acid 14.46
                                            56   Conj_Acid  6.13
                                            60   Conj_Acid  3.58
                                            18   Conj_Base  3.21
                                            30   Conj_Base  3.30
                                            81   Conj_Acid  9.33
                                             8   Conj_Base  4.34
                                            82   Conj_Acid  6.16
                                             7   Conj_Base  5.98
                                            37   Conj_Base -1.61
                                            39   Conj_Base -1.40
                                            44   Conj_Base -1.45
 pKa penalty:                                 4.37 kcal/mol
     Charging penalty:                        3.60 kcal/mol
     Neutralization penalty:                  0.77 kcal/mol
 Overall Penalty (tautomerization included):  5.54 kcal/mol
 Total Charge: -2
 Chemistry Notes:   This compound contains an acetal/aminal-like group ( X-CH(R)-Y where X, Y are N, S, or O) that may be acid/base labile, releasing an aldehyde.
. . . . . . . . . . . . . . . . . . . . . . .
Variation: 41
                                            54   Conj_Acid 10.72
                                            70   Conj_Acid 12.90
                                            71   Conj_Acid 14.49
                                            76   Conj_Acid 14.46
                                            56   Conj_Acid  6.13
                                            60   Conj_Acid  3.58
                                            18   Conj_Base  3.21
                                            30   Conj_Base  3.30
                                            81   Conj_Acid  9.33
                                             8   Conj_Base  4.34
                                            82   Conj_Acid  6.16
                                             7   Conj_Base  5.98
                                            37   Conj_Base -1.61
                                            39   Conj_Base -1.40
                                            44   Conj_Base -1.45
 pKa penalty:                                 4.37 kcal/mol
     Charging penalty:                        3.60 kcal/mol
     Neutralization penalty:                  0.77 kcal/mol
 Overall Penalty (tautomerization included):  5.54 kcal/mol
 Total Charge: -2
 Chemistry Notes:   This compound contains an acetal/aminal-like group ( X-CH(R)-Y where X, Y are N, S, or O) that may be acid/base labile, releasing an aldehyde.
. . . . . . . . . . . . . . . . . . . . . . .
Variation: 42
                                            54   Conj_Acid 10.13
                                            70   Conj_Acid 12.90
                                            71   Conj_Acid 14.49
                                            76   Conj_Acid 14.46
                                            56   Conj_Acid  3.20
                                            57   Conj_Acid  3.20
                                            26   Conj_Base  3.57
                                            30   Conj_Base  3.76
                                            81   Conj_Acid  9.33
                                            83   Conj_Acid  4.34
                                            82   Conj_Acid  5.62
                                             7   Conj_Base  4.18
                                            37   Conj_Base -1.61
                                            39   Conj_Base -1.40
                                            44   Conj_Base -1.45
 pKa penalty:                                 2.42 kcal/mol
     Charging penalty:                        1.02 kcal/mol
     Neutralization penalty:                  1.40 kcal/mol
 Overall Penalty (tautomerization included):  5.63 kcal/mol
 Total Charge: -1
 Chemistry Notes:   This compound contains an acetal/aminal-like group ( X-CH(R)-Y where X, Y are N, S, or O) that may be acid/base labile, releasing an aldehyde.
. . . . . . . . . . . . . . . . . . . . . . .
Variation: 43
                                            54   Conj_Acid 10.13
                                            70   Conj_Acid 12.90
                                            71   Conj_Acid 14.49
                                            76   Conj_Acid 14.46
                                            56   Conj_Acid  3.20
                                            57   Conj_Acid  3.20
                                            26   Conj_Base  3.57
                                            30   Conj_Base  3.76
                                            81   Conj_Acid  9.33
                                            83   Conj_Acid  4.34
                                            82   Conj_Acid  5.62
                                             7   Conj_Base  4.18
                                            37   Conj_Base -1.61
                                            39   Conj_Base -1.40
                                            44   Conj_Base -1.45
 pKa penalty:                                 2.42 kcal/mol
     Charging penalty:                        1.02 kcal/mol
     Neutralization penalty:                  1.40 kcal/mol
 Overall Penalty (tautomerization included):  5.63 kcal/mol
 Total Charge: -1
 Chemistry Notes:   This compound contains an acetal/aminal-like group ( X-CH(R)-Y where X, Y are N, S, or O) that may be acid/base labile, releasing an aldehyde.
---------------------------
