COMMAND:
 /cbio/jclab/share/schrodinger/schrodinger2016-4/epik-v3.8/bin/Linux-x86_64/epik_app -imae /scratch/8332595.hal-sched1.local/tmpo6en13y3/2,3-DIHYDROXY-1,4-DITHIOBUTANE_pH_7.4-before_epik.mae -omae /cbio/jclab/home/rustenburg/PFK/Epik-Ligands/Results/InProgress/2,3-DIHYDROXY-1,4-DITHIOBUTANE/pH_7.4/2,3-DIHYDROXY-1,4-DITHIOBUTANE_pH_7.4-epik.mae -ms 50 -ph 7.4 -nt -p 4.5399929762484854e-05 -pKa_atom
SCHRODINGER: /cbio/jclab/share/schrodinger/schrodinger2016-4

Running Epik version     3.8015
Epik. Copyright Schrodinger, LLC. All rights reserved.

Input file name:                        /scratch/8332595.hal-sched1.local/tmpo6en13y3/2,3-DIHYDROXY-1,4-DITHIOBUTANE_pH_7.4-before_epik.mae
Output file name:                       /cbio/jclab/home/rustenburg/PFK/Epik-Ligands/Results/InProgress/2,3-DIHYDROXY-1,4-DITHIOBUTANE/pH_7.4/2,3-DIHYDROXY-1,4-DITHIOBUTANE_pH_7.4-epik.mae
Maximum number of states set to: 50
Structure adjustment calculation requested.
  Target pH set to 7.400
Minimum probability set to 4.539993e-05
reporting for specific atoms turned on (pKa_atom)

Adjusting structures for pH 7.400000e+00 and minimum probability 4.539993e-05
Solvent model name:                     water
Jobcontrol is not being used for this specific Epik calculation.
---------------------------
Processing Input Structure #1
        Title: DTT
                                              Calculated pKas
                                                 Conjugate
                                          Atom   Acid/Base  pKa
. . . . . . . . . . . . . . . . . . . . . . .
Variation: 1
                                            13   Conj_Acid 13.75
                                            15   Conj_Acid 13.75
                                             9   Conj_Acid  9.04
                                            18   Conj_Acid  9.04
                                             4   Conj_Base -0.43
                                             6   Conj_Base -0.43
 pKa penalty:                                 0.01 kcal/mol
     Charging penalty:                        0.00 kcal/mol
     Neutralization penalty:                  0.01 kcal/mol
 Overall Penalty (tautomerization included):  0.01 kcal/mol
 Total Charge: 0
. . . . . . . . . . . . . . . . . . . . . . .
Variation: 2
                                            12   Conj_Acid 16.39
                                            14   Conj_Acid 15.07
                                            17   Conj_Acid  9.79
                                             1   Conj_Base  9.04
                                             4   Conj_Base  1.04
                                             6   Conj_Base  0.04
 pKa penalty:                                 2.25 kcal/mol
     Charging penalty:                        2.25 kcal/mol
     Neutralization penalty:                  0.00 kcal/mol
 Overall Penalty (tautomerization included):  2.40 kcal/mol
 Total Charge: -1
. . . . . . . . . . . . . . . . . . . . . . .
Variation: 3
                                             1   Conj_Base  9.79
                                             8   Conj_Base  9.79
                                             4   Conj_Base  2.12
                                             6   Conj_Base  2.12
 pKa penalty:                                 3.26 kcal/mol
     Charging penalty:                        3.26 kcal/mol
     Neutralization penalty:                  0.00 kcal/mol
 Overall Penalty (tautomerization included):  5.88 kcal/mol
 Total Charge: -2
---------------------------
