COMMAND:
 /cbio/jclab/share/schrodinger/schrodinger2016-4/epik-v3.8/bin/Linux-x86_64/epik_app -imae /scratch/8332595.hal-sched1.local/tmptgofj2sm/CITRIC ACID_pH_4.0-before_epik.mae -omae /cbio/jclab/home/rustenburg/PFK/Epik-Ligands/Results/InProgress/CITRIC ACID/pH_4.0/CITRIC ACID_pH_4.0-epik.mae -ms 50 -ph 4.0 -nt -p 4.5399929762484854e-05 -pKa_atom
SCHRODINGER: /cbio/jclab/share/schrodinger/schrodinger2016-4

Running Epik version     3.8015
Epik. Copyright Schrodinger, LLC. All rights reserved.

Input file name:                        /scratch/8332595.hal-sched1.local/tmptgofj2sm/CITRIC ACID_pH_4.0-before_epik.mae
Output file name:                       /cbio/jclab/home/rustenburg/PFK/Epik-Ligands/Results/InProgress/CITRIC ACID/pH_4.0/CITRIC ACID_pH_4.0-epik.mae
Maximum number of states set to: 50
Structure adjustment calculation requested.
  Target pH set to 4.000
Minimum probability set to 4.539993e-05
reporting for specific atoms turned on (pKa_atom)

Adjusting structures for pH 4.000000e+00 and minimum probability 4.539993e-05
Solvent model name:                     water
Jobcontrol is not being used for this specific Epik calculation.
---------------------------
Processing Input Structure #1
        Title: CIT
                                              Calculated pKas
                                                 Conjugate
                                          Atom   Acid/Base  pKa
. . . . . . . . . . . . . . . . . . . . . . .
Variation: 1
                                            17   Conj_Acid 11.38
                                            14   Conj_Acid  3.37
                                            20   Conj_Acid  3.37
                                            21   Conj_Acid  2.88
 pKa penalty:                                 2.55 kcal/mol
     Charging penalty:                        0.00 kcal/mol
     Neutralization penalty:                  2.55 kcal/mol
 Overall Penalty (tautomerization included):  0.52 kcal/mol
 Total Charge: 0
. . . . . . . . . . . . . . . . . . . . . . .
Variation: 2
                                            16   Conj_Acid 13.00
                                            19   Conj_Acid  4.28
                                             3   Conj_Base  3.37
                                            20   Conj_Acid  3.57
 pKa penalty:                                 1.15 kcal/mol
     Charging penalty:                        0.12 kcal/mol
     Neutralization penalty:                  1.03 kcal/mol
 Overall Penalty (tautomerization included):  0.61 kcal/mol
 Total Charge: -1
. . . . . . . . . . . . . . . . . . . . . . .
Variation: 3
                                            17   Conj_Acid 15.84
                                            14   Conj_Acid  3.90
                                            20   Conj_Acid  3.90
                                            13   Conj_Base  2.88
                                             6   Conj_Base -0.86
 pKa penalty:                                 0.52 kcal/mol
     Charging penalty:                        0.04 kcal/mol
     Neutralization penalty:                  0.48 kcal/mol
 Overall Penalty (tautomerization included):  1.07 kcal/mol
 Total Charge: -1
. . . . . . . . . . . . . . . . . . . . . . .
Variation: 4
                                            19   Conj_Acid  4.82
                                             3   Conj_Base  3.90
                                            13   Conj_Base  3.57
                                             6   Conj_Base  0.96
 pKa penalty:                                 0.62 kcal/mol
     Charging penalty:                        0.53 kcal/mol
     Neutralization penalty:                  0.08 kcal/mol
 Overall Penalty (tautomerization included):  2.05 kcal/mol
 Total Charge: -2
. . . . . . . . . . . . . . . . . . . . . . .
Variation: 5
                                            16   Conj_Acid 14.62
                                             3   Conj_Base  4.28
                                            10   Conj_Base  4.28
                                            19   Conj_Acid  4.07
                                             6   Conj_Base -2.24
 pKa penalty:                                 1.00 kcal/mol
     Charging penalty:                        0.63 kcal/mol
     Neutralization penalty:                  0.37 kcal/mol
 Overall Penalty (tautomerization included):  2.09 kcal/mol
 Total Charge: -2
. . . . . . . . . . . . . . . . . . . . . . .
Variation: 6
                                             3   Conj_Base  4.82
                                            10   Conj_Base  4.82
                                            13   Conj_Base  4.07
                                             6   Conj_Base  2.79
 pKa penalty:                                 1.70 kcal/mol
     Charging penalty:                        1.66 kcal/mol
     Neutralization penalty:                  0.04 kcal/mol
 Overall Penalty (tautomerization included):  4.30 kcal/mol
 Total Charge: -3
---------------------------
