COMMAND:
 C:\Program Files\Schrodinger2017-2\epik-v4.0\bin\Windows-x64\epik_app -imae C:\Users\rustenba\AppData\Local\Temp\tmpn6h8d5cf\S-ADENOSYL-L-HOMOCYSTEINE_pH_10.0-before_epik.mae -omae C:\Users\rustenba\GitHub\Epik-Ligands\Results\InProgress\S-ADENOSYL-L-HOMOCYSTEINE\pH_10.0\S-ADENOSYL-L-HOMOCYSTEINE_pH_10.0-epik.mae -ms 50 -ph 10.0 -ma 150 -nt -p 4.5399929762484854e-05 -pKa_atom
SCHRODINGER: C:\Program Files\Schrodinger2017-2

Running Epik version     4.0013
Epik. Copyright Schrodinger, LLC. All rights reserved.

Input file name:                        C:\Users\rustenba\AppData\Local\Temp\tmpn6h8d5cf\S-ADENOSYL-L-HOMOCYSTEINE_pH_10.0-before_epik.mae
Output file name:                       C:\Users\rustenba\GitHub\Epik-Ligands\Results\InProgress\S-ADENOSYL-L-HOMOCYSTEINE\pH_10.0\S-ADENOSYL-L-HOMOCYSTEINE_pH_10.0-epik.mae
Maximum number of states set to: 50
Structure adjustment calculation requested.
  Target pH set to 10.000
Maximum number of atoms set to: 150
Minimum probability set to 4.539993e-005
reporting for specific atoms turned on (pKa_atom)

Adjusting structures for pH 1.000000e+001 and minimum probability 4.539993e-005
Solvent model name:                     water
WARNING number of days until EPIK license expires: 28
Jobcontrol is not being used for this specific Epik calculation.
---------------------------
Processing Input Structure #1
        Title: SAH
FATAL mmlewis error: Problems remain with the following atoms:
mmlewis error:  2 3
WARNING mmtaut:fix_using_mmlewis: Problem in mmlewis_apply
WARNING mmtaut_fix_lewis_structures: Problem in fix_using_mmlewis
FATAL mmlewis error: Problems remain with the following atoms:
mmlewis error:  2 3
WARNING mmtaut:fix_using_mmlewis: Problem in mmlewis_apply
WARNING mmtaut_fix_lewis_structures: Problem in fix_using_mmlewis
FATAL mmlewis error: Problems remain with the following atoms:
mmlewis error:  2 3
WARNING mmtaut:fix_using_mmlewis: Problem in mmlewis_apply
WARNING mmtaut_fix_lewis_structures: Problem in fix_using_mmlewis
FATAL mmlewis error: Problems remain with the following atoms:
mmlewis error:  2 3
WARNING mmtaut:fix_using_mmlewis: Problem in mmlewis_apply
WARNING mmtaut_fix_lewis_structures: Problem in fix_using_mmlewis
FATAL mmlewis error: Problems remain with the following atoms:
mmlewis error:  2 3
WARNING mmtaut:fix_using_mmlewis: Problem in mmlewis_apply
WARNING mmtaut_fix_lewis_structures: Problem in fix_using_mmlewis
FATAL mmlewis error: Problems remain with the following atoms:
mmlewis error:  2 3
WARNING mmtaut:fix_using_mmlewis: Problem in mmlewis_apply
WARNING mmtaut_fix_lewis_structures: Problem in fix_using_mmlewis
                                              Calculated pKas
                                                 Conjugate
                                          Atom   Acid/Base  pKa
. . . . . . . . . . . . . . . . . . . . . . .
Variation: 1
                                            44   Conj_Acid 12.80
                                            45   Conj_Acid 12.29
                                            20   Conj_Base  6.96
                                            17   Conj_Base  2.81
                                            16   Conj_Base  3.96
                                            15   Conj_Base -0.51
                                            40   Conj_Acid 13.03
                                            41   Conj_Acid 13.03
                                            24   Conj_Base -1.69
                                            25   Conj_Base -2.08
 pKa penalty:                                 0.01 kcal/mol
     Charging penalty:                        0.00 kcal/mol
     Neutralization penalty:                  0.01 kcal/mol
 Overall Penalty (tautomerization included):  0.00 kcal/mol
 Total Charge: -2
 Chemistry Notes:   This compound contains an acetal/aminal-like group ( X-CH(R)-Y where X, Y are N, S, or O) that may be acid/base labile, releasing an aldehyde.
. . . . . . . . . . . . . . . . . . . . . . .
Variation: 2
                                            44   Conj_Acid 15.86
                                            25   Conj_Base 12.29
                                            20   Conj_Base  6.96
                                            17   Conj_Base  2.92
                                            16   Conj_Base  4.05
                                            15   Conj_Base -0.41
                                            40   Conj_Acid 13.09
                                            41   Conj_Acid 13.09
                                            24   Conj_Base  0.64
 pKa penalty:                                 3.13 kcal/mol
     Charging penalty:                        3.12 kcal/mol
     Neutralization penalty:                  0.00 kcal/mol
 Overall Penalty (tautomerization included):  3.33 kcal/mol
 Total Charge: -3
 Chemistry Notes:   This compound contains an acetal/aminal-like group ( X-CH(R)-Y where X, Y are N, S, or O) that may be acid/base labile, releasing an aldehyde.
. . . . . . . . . . . . . . . . . . . . . . .
Variation: 3
                                            44   Conj_Acid 15.38
                                            24   Conj_Base 12.80
                                            20   Conj_Base  6.97
                                            17   Conj_Base  2.81
                                            16   Conj_Base  3.97
                                            15   Conj_Base -0.51
                                            40   Conj_Acid 13.03
                                            41   Conj_Acid 13.03
                                            25   Conj_Base  0.28
 pKa penalty:                                 3.82 kcal/mol
     Charging penalty:                        3.82 kcal/mol
     Neutralization penalty:                  0.00 kcal/mol
 Overall Penalty (tautomerization included):  4.08 kcal/mol
 Total Charge: -3
 Chemistry Notes:   This compound contains an acetal/aminal-like group ( X-CH(R)-Y where X, Y are N, S, or O) that may be acid/base labile, releasing an aldehyde.
. . . . . . . . . . . . . . . . . . . . . . .
Variation: 4
                                            43   Conj_Acid 12.80
                                            44   Conj_Acid 12.29
                                            20   Conj_Base  6.96
                                            17   Conj_Base  3.93
                                            16   Conj_Base  6.15
                                            15   Conj_Base -0.81
                                            19   Conj_Base 13.03
                                            24   Conj_Base -1.69
                                            25   Conj_Base -2.08
 pKa penalty:                                 4.14 kcal/mol
     Charging penalty:                        4.13 kcal/mol
     Neutralization penalty:                  0.00 kcal/mol
 Overall Penalty (tautomerization included):  4.42 kcal/mol
 Total Charge: -3
 Chemistry Notes:   This compound contains an acetal/aminal-like group ( X-CH(R)-Y where X, Y are N, S, or O) that may be acid/base labile, releasing an aldehyde.
. . . . . . . . . . . . . . . . . . . . . . .
Variation: 5
                                            44   Conj_Acid 12.77
                                            45   Conj_Acid 12.29
                                            42   Conj_Acid  6.96
                                            43   Conj_Acid  6.96
                                            46   Conj_Acid  6.96
                                            17   Conj_Base  2.81
                                            16   Conj_Base  3.96
                                            15   Conj_Base -0.51
                                            40   Conj_Acid 13.03
                                            41   Conj_Acid 13.03
                                            24   Conj_Base -1.71
                                            25   Conj_Base -2.08
 pKa penalty:                                 4.16 kcal/mol
     Charging penalty:                        4.15 kcal/mol
     Neutralization penalty:                  0.00 kcal/mol
 Overall Penalty (tautomerization included):  4.44 kcal/mol
 Total Charge: -1
 Chemistry Notes:   This compound contains an acetal/aminal-like group ( X-CH(R)-Y where X, Y are N, S, or O) that may be acid/base labile, releasing an aldehyde.
---------------------------
