COMMAND:
 /cbio/jclab/share/schrodinger/schrodinger2016-4/epik-v3.8/bin/Linux-x86_64/epik_app -imae /scratch/8333014.hal-sched1.local/tmpi9_jvuq5/PHOSPHOMETHYLPHOSPHONIC ACID ADENYLATE ESTER_pH_7.0-before_epik.mae -omae /cbio/jclab/home/rustenburg/PFK/Epik-Ligands/Results/InProgress/PHOSPHOMETHYLPHOSPHONIC ACID ADENYLATE ESTER/pH_7.0/PHOSPHOMETHYLPHOSPHONIC ACID ADENYLATE ESTER_pH_7.0-epik.mae -ms 50 -ph 7.0 -nt -p 4.5399929762484854e-05 -pKa_atom
SCHRODINGER: /cbio/jclab/share/schrodinger/schrodinger2016-4

Running Epik version     3.8015
Epik. Copyright Schrodinger, LLC. All rights reserved.

Input file name:                        /scratch/8333014.hal-sched1.local/tmpi9_jvuq5/PHOSPHOMETHYLPHOSPHONIC ACID ADENYLATE ESTER_pH_7.0-before_epik.mae
Output file name:                       /cbio/jclab/home/rustenburg/PFK/Epik-Ligands/Results/InProgress/PHOSPHOMETHYLPHOSPHONIC ACID ADENYLATE ESTER/pH_7.0/PHOSPHOMETHYLPHOSPHONIC ACID ADENYLATE ESTER_pH_7.0-epik.mae
Maximum number of states set to: 50
Structure adjustment calculation requested.
  Target pH set to 7.000
Minimum probability set to 4.539993e-05
reporting for specific atoms turned on (pKa_atom)

Adjusting structures for pH 7.000000e+00 and minimum probability 4.539993e-05
Solvent model name:                     water
Jobcontrol is not being used for this specific Epik calculation.
---------------------------
Processing Input Structure #1
        Title: ACP
                                              Calculated pKas
                                                 Conjugate
                                          Atom   Acid/Base  pKa
. . . . . . . . . . . . . . . . . . . . . . .
Variation: 1
                                            39   Conj_Acid 12.62
                                            41   Conj_Acid 12.23
                                            32   Conj_Acid  7.48
                                             3   Conj_Base  2.32
                                             7   Conj_Base  1.19
                                            11   Conj_Base  3.73
                                            24   Conj_Base  2.63
                                            28   Conj_Base  3.83
                                            30   Conj_Base -0.67
                                            44   Conj_Acid 13.02
                                            45   Conj_Acid 13.02
                                            18   Conj_Base -1.83
                                            20   Conj_Base -2.12
 pKa penalty:                                 0.17 kcal/mol
     Charging penalty:                        0.00 kcal/mol
     Neutralization penalty:                  0.17 kcal/mol
 Overall Penalty (tautomerization included):  0.15 kcal/mol
 Total Charge: -3
 Chemistry Notes:   This compound contains an acetal/aminal-like group ( X-CH(R)-Y where X, Y are N, S, or O) that may be acid/base labile, releasing an aldehyde.
. . . . . . . . . . . . . . . . . . . . . . .
Variation: 2
                                            38   Conj_Acid 12.62
                                            40   Conj_Acid 12.23
                                             3   Conj_Base  7.48
                                             4   Conj_Base  7.48
                                             7   Conj_Base  2.14
                                            11   Conj_Base  3.86
                                            24   Conj_Base  2.63
                                            28   Conj_Base  3.83
                                            30   Conj_Base -0.67
                                            43   Conj_Acid 13.02
                                            44   Conj_Acid 13.02
                                            18   Conj_Base -1.83
                                            20   Conj_Base -2.12
 pKa penalty:                                 0.82 kcal/mol
     Charging penalty:                        0.82 kcal/mol
     Neutralization penalty:                  0.00 kcal/mol
 Overall Penalty (tautomerization included):  0.88 kcal/mol
 Total Charge: -4
 Chemistry Notes:   This compound contains an acetal/aminal-like group ( X-CH(R)-Y where X, Y are N, S, or O) that may be acid/base labile, releasing an aldehyde.
. . . . . . . . . . . . . . . . . . . . . . .
Variation: 3
                                            40   Conj_Acid 12.44
                                            42   Conj_Acid 12.23
                                            32   Conj_Acid  7.40
                                            35   Conj_Acid  3.73
                                             3   Conj_Base  2.26
                                             7   Conj_Base  0.78
                                            24   Conj_Base  2.63
                                            28   Conj_Base  3.83
                                            30   Conj_Base -0.67
                                            45   Conj_Acid 13.02
                                            46   Conj_Acid 13.02
                                            18   Conj_Base -1.96
                                            20   Conj_Base -2.12
 pKa penalty:                                 4.66 kcal/mol
     Charging penalty:                        0.00 kcal/mol
     Neutralization penalty:                  4.66 kcal/mol
 Overall Penalty (tautomerization included):  4.90 kcal/mol
 Total Charge: -2
 Chemistry Notes:   This compound contains an acetal/aminal-like group ( X-CH(R)-Y where X, Y are N, S, or O) that may be acid/base labile, releasing an aldehyde.
. . . . . . . . . . . . . . . . . . . . . . .
Variation: 4
                                            39   Conj_Acid 12.44
                                            41   Conj_Acid 12.23
                                            34   Conj_Acid  3.86
                                             3   Conj_Base  7.40
                                             4   Conj_Base  7.40
                                             7   Conj_Base  1.74
                                            24   Conj_Base  2.63
                                            28   Conj_Base  3.83
                                            30   Conj_Base -0.67
                                            44   Conj_Acid 13.02
                                            45   Conj_Acid 13.02
                                            18   Conj_Base -1.96
                                            20   Conj_Base -2.12
 pKa penalty:                                 5.03 kcal/mol
     Charging penalty:                        0.75 kcal/mol
     Neutralization penalty:                  4.28 kcal/mol
 Overall Penalty (tautomerization included):  5.47 kcal/mol
 Total Charge: -3
 Chemistry Notes:   This compound contains an acetal/aminal-like group ( X-CH(R)-Y where X, Y are N, S, or O) that may be acid/base labile, releasing an aldehyde.
---------------------------
