COMMAND:
 /cbio/jclab/share/schrodinger/schrodinger2016-4/epik-v3.8/bin/Linux-x86_64/epik_app -imae /scratch/8332595.hal-sched1.local/tmp3b7w7yvw/NADP NICOTINAMIDE-ADENINE-DINUCLEOTIDE PHOSPHATE_pH_7.4-before_epik.mae -omae /cbio/jclab/home/rustenburg/PFK/Epik-Ligands/Results/InProgress/NADP NICOTINAMIDE-ADENINE-DINUCLEOTIDE PHOSPHATE/pH_7.4/NADP NICOTINAMIDE-ADENINE-DINUCLEOTIDE PHOSPHATE_pH_7.4-epik.mae -ms 50 -ph 7.4 -nt -p 4.5399929762484854e-05 -pKa_atom
SCHRODINGER: /cbio/jclab/share/schrodinger/schrodinger2016-4

Running Epik version     3.8015
Epik. Copyright Schrodinger, LLC. All rights reserved.

Input file name:                        /scratch/8332595.hal-sched1.local/tmp3b7w7yvw/NADP NICOTINAMIDE-ADENINE-DINUCLEOTIDE PHOSPHATE_pH_7.4-before_epik.mae
Output file name:                       /cbio/jclab/home/rustenburg/PFK/Epik-Ligands/Results/InProgress/NADP NICOTINAMIDE-ADENINE-DINUCLEOTIDE PHOSPHATE/pH_7.4/NADP NICOTINAMIDE-ADENINE-DINUCLEOTIDE PHOSPHATE_pH_7.4-epik.mae
Maximum number of states set to: 50
Structure adjustment calculation requested.
  Target pH set to 7.400
Minimum probability set to 4.539993e-05
reporting for specific atoms turned on (pKa_atom)

Adjusting structures for pH 7.400000e+00 and minimum probability 4.539993e-05
Solvent model name:                     water
Jobcontrol is not being used for this specific Epik calculation.
---------------------------
Processing Input Structure #1
        Title: NAP
                                              Calculated pKas
                                                 Conjugate
                                          Atom   Acid/Base  pKa
. . . . . . . . . . . . . . . . . . . . . . .
Variation: 1
                                            53   Conj_Acid 11.95
                                            64   Conj_Acid 11.92
                                            66   Conj_Acid 11.34
                                            69   Conj_Acid 11.46
                                            70   Conj_Acid 11.46
                                             3   Conj_Base  3.04
                                            47   Conj_Base  6.09
                                            48   Conj_Base  6.09
                                            15   Conj_Base  2.83
                                            19   Conj_Base  3.98
                                            21   Conj_Base -0.49
                                            57   Conj_Acid 13.07
                                            58   Conj_Acid 13.07
                                             9   Conj_Base -2.34
                                            32   Conj_Base -2.36
                                            34   Conj_Base -2.80
                                            43   Conj_Base -1.34
                                            38   Conj_Base  1.03
                                            40   Conj_Base -1.57
 pKa penalty:                                 0.03 kcal/mol
     Charging penalty:                        0.03 kcal/mol
     Neutralization penalty:                  0.00 kcal/mol
 Overall Penalty (tautomerization included):  0.02 kcal/mol
 Total Charge: -3
 Chemistry Notes:   This compound has an imine and may undergo hydrolysis. This compound contains an acetal/aminal-like group ( X-CH(R)-Y where X, Y are N, S, or O) that may be acid/base labile, releasing an aldehyde.
. . . . . . . . . . . . . . . . . . . . . . .
Variation: 2
                                            53   Conj_Acid 11.08
                                            64   Conj_Acid 11.92
                                            66   Conj_Acid 11.34
                                            69   Conj_Acid 11.46
                                            70   Conj_Acid 11.46
                                            74   Conj_Acid  6.09
                                             3   Conj_Base  3.04
                                            47   Conj_Base  3.18
                                            15   Conj_Base  2.77
                                            19   Conj_Base  3.94
                                            21   Conj_Base -0.54
                                            57   Conj_Acid 13.05
                                            58   Conj_Acid 13.05
                                            32   Conj_Base -2.36
                                            34   Conj_Base -2.80
                                            43   Conj_Base -1.34
                                            38   Conj_Base  1.03
                                            40   Conj_Base -1.57
 pKa penalty:                                 1.82 kcal/mol
     Charging penalty:                        0.00 kcal/mol
     Neutralization penalty:                  1.82 kcal/mol
 Overall Penalty (tautomerization included):  2.02 kcal/mol
 Total Charge: -2
 Chemistry Notes:   This compound has an imine and may undergo hydrolysis. This compound contains an acetal/aminal-like group ( X-CH(R)-Y where X, Y are N, S, or O) that may be acid/base labile, releasing an aldehyde.
. . . . . . . . . . . . . . . . . . . . . . .
Variation: 3
                                            53   Conj_Acid 11.95
                                            64   Conj_Acid 14.98
                                            34   Conj_Base 11.34
                                            68   Conj_Acid 11.70
                                            69   Conj_Acid 11.70
                                             3   Conj_Base  3.04
                                            47   Conj_Base  6.09
                                            48   Conj_Base  6.09
                                            15   Conj_Base  2.83
                                            19   Conj_Base  3.98
                                            21   Conj_Base -0.49
                                            57   Conj_Acid 13.07
                                            58   Conj_Acid 13.07
                                             9   Conj_Base -2.34
                                            32   Conj_Base -0.03
                                            43   Conj_Base -0.74
                                            38   Conj_Base  1.30
                                            40   Conj_Base -1.24
 pKa penalty:                                 5.41 kcal/mol
     Charging penalty:                        5.41 kcal/mol
     Neutralization penalty:                  0.00 kcal/mol
 Overall Penalty (tautomerization included):  5.79 kcal/mol
 Total Charge: -4
 Chemistry Notes:   This compound has an imine and may undergo hydrolysis. This compound contains an acetal/aminal-like group ( X-CH(R)-Y where X, Y are N, S, or O) that may be acid/base labile, releasing an aldehyde.
---------------------------
