COMMAND:
 /cbio/jclab/share/schrodinger/schrodinger2016-4/epik-v3.8/bin/Linux-x86_64/epik_app -imae /scratch/8332595.hal-sched1.local/tmpc3q5nwxh/COENZYME A_pH_10.0-before_epik.mae -omae /cbio/jclab/home/rustenburg/PFK/Epik-Ligands/Results/InProgress/COENZYME A/pH_10.0/COENZYME A_pH_10.0-epik.mae -ms 50 -ph 10.0 -nt -p 4.5399929762484854e-05 -pKa_atom
SCHRODINGER: /cbio/jclab/share/schrodinger/schrodinger2016-4

Running Epik version     3.8015
Epik. Copyright Schrodinger, LLC. All rights reserved.

Input file name:                        /scratch/8332595.hal-sched1.local/tmpc3q5nwxh/COENZYME A_pH_10.0-before_epik.mae
Output file name:                       /cbio/jclab/home/rustenburg/PFK/Epik-Ligands/Results/InProgress/COENZYME A/pH_10.0/COENZYME A_pH_10.0-epik.mae
Maximum number of states set to: 50
Structure adjustment calculation requested.
  Target pH set to 10.000
Minimum probability set to 4.539993e-05
reporting for specific atoms turned on (pKa_atom)

Adjusting structures for pH 1.000000e+01 and minimum probability 4.539993e-05
Solvent model name:                     water
Jobcontrol is not being used for this specific Epik calculation.
---------------------------
Processing Input Structure #1
        Title: COA
                                              Calculated pKas
                                                 Conjugate
                                          Atom   Acid/Base  pKa
. . . . . . . . . . . . . . . . . . . . . . .
Variation: 1
                                            55   Conj_Acid 11.60
                                            69   Conj_Acid 12.90
                                            70   Conj_Acid 14.50
                                            75   Conj_Acid 15.05
                                            18   Conj_Base  6.13
                                            19   Conj_Base  6.13
                                            26   Conj_Base  3.60
                                            30   Conj_Base  3.76
                                            48   Conj_Base  9.33
                                            45   Conj_Base -2.98
                                             8   Conj_Base  2.82
                                             1   Conj_Base  3.97
                                             3   Conj_Base -0.50
                                            50   Conj_Acid 13.03
                                            51   Conj_Acid 13.03
                                            13   Conj_Base -2.61
                                            37   Conj_Base -1.61
                                            39   Conj_Base -1.37
                                            44   Conj_Base -0.38
 pKa penalty:                                 0.13 kcal/mol
     Charging penalty:                        0.11 kcal/mol
     Neutralization penalty:                  0.02 kcal/mol
 Overall Penalty (tautomerization included):  0.12 kcal/mol
 Total Charge: -5
 Chemistry Notes:   This compound contains an acetal/aminal-like group ( X-CH(R)-Y where X, Y are N, S, or O) that may be acid/base labile, releasing an aldehyde.
. . . . . . . . . . . . . . . . . . . . . . .
Variation: 2
                                            55   Conj_Acid 11.60
                                            69   Conj_Acid 12.90
                                            70   Conj_Acid 14.49
                                            75   Conj_Acid 14.46
                                            18   Conj_Base  6.13
                                            19   Conj_Base  6.13
                                            26   Conj_Base  3.60
                                            30   Conj_Base  3.76
                                            80   Conj_Acid  9.33
                                             8   Conj_Base  2.82
                                             1   Conj_Base  3.97
                                             3   Conj_Base -0.50
                                            50   Conj_Acid 13.03
                                            51   Conj_Acid 13.03
                                            13   Conj_Base -2.61
                                            37   Conj_Base -1.61
                                            39   Conj_Base -1.40
                                            44   Conj_Base -1.45
 pKa penalty:                                 1.05 kcal/mol
     Charging penalty:                        0.00 kcal/mol
     Neutralization penalty:                  1.05 kcal/mol
 Overall Penalty (tautomerization included):  1.09 kcal/mol
 Total Charge: -4
 Chemistry Notes:   This compound contains an acetal/aminal-like group ( X-CH(R)-Y where X, Y are N, S, or O) that may be acid/base labile, releasing an aldehyde.
. . . . . . . . . . . . . . . . . . . . . . .
Variation: 3
                                            68   Conj_Acid 12.90
                                            13   Conj_Base 11.60
                                            69   Conj_Acid 14.50
                                            74   Conj_Acid 15.05
                                            18   Conj_Base  6.40
                                            19   Conj_Base  6.40
                                            26   Conj_Base  3.65
                                            30   Conj_Base  3.76
                                            48   Conj_Base  9.33
                                            45   Conj_Base -2.98
                                             8   Conj_Base  2.93
                                             1   Conj_Base  4.06
                                             3   Conj_Base -0.40
                                            50   Conj_Acid 13.09
                                            51   Conj_Acid 13.09
                                            37   Conj_Base -1.61
                                            39   Conj_Base -1.37
                                            44   Conj_Base -0.38
 pKa penalty:                                 2.31 kcal/mol
     Charging penalty:                        2.31 kcal/mol
     Neutralization penalty:                  0.00 kcal/mol
 Overall Penalty (tautomerization included):  2.24 kcal/mol
 Total Charge: -6
 Chemistry Notes:   This compound contains an acetal/aminal-like group ( X-CH(R)-Y where X, Y are N, S, or O) that may be acid/base labile, releasing an aldehyde.
. . . . . . . . . . . . . . . . . . . . . . .
Variation: 4
                                            68   Conj_Acid 12.90
                                            13   Conj_Base 11.60
                                            69   Conj_Acid 14.49
                                            74   Conj_Acid 14.46
                                            18   Conj_Base  6.40
                                            19   Conj_Base  6.40
                                            26   Conj_Base  3.65
                                            30   Conj_Base  3.76
                                            79   Conj_Acid  9.33
                                             8   Conj_Base  2.93
                                             1   Conj_Base  4.06
                                             3   Conj_Base -0.40
                                            50   Conj_Acid 13.09
                                            51   Conj_Acid 13.09
                                            37   Conj_Base -1.61
                                            39   Conj_Base -1.40
                                            44   Conj_Base -1.45
 pKa penalty:                                 3.23 kcal/mol
     Charging penalty:                        2.19 kcal/mol
     Neutralization penalty:                  1.03 kcal/mol
 Overall Penalty (tautomerization included):  3.24 kcal/mol
 Total Charge: -5
 Chemistry Notes:   This compound contains an acetal/aminal-like group ( X-CH(R)-Y where X, Y are N, S, or O) that may be acid/base labile, releasing an aldehyde.
. . . . . . . . . . . . . . . . . . . . . . .
Variation: 5
                                            55   Conj_Acid 11.60
                                            37   Conj_Base 12.90
                                            69   Conj_Acid 16.71
                                            74   Conj_Acid 15.17
                                            18   Conj_Base  6.13
                                            19   Conj_Base  6.13
                                            26   Conj_Base  3.60
                                            30   Conj_Base  3.85
                                            48   Conj_Base  9.33
                                            40   Conj_Base -1.79
                                            45   Conj_Base -2.89
                                             8   Conj_Base  2.82
                                             1   Conj_Base  3.97
                                             3   Conj_Base -0.50
                                            50   Conj_Acid 13.03
                                            51   Conj_Acid 13.03
                                            13   Conj_Base -2.61
                                            39   Conj_Base  1.66
                                            44   Conj_Base -0.23
 pKa penalty:                                 4.09 kcal/mol
     Charging penalty:                        4.08 kcal/mol
     Neutralization penalty:                  0.02 kcal/mol
 Overall Penalty (tautomerization included):  4.32 kcal/mol
 Total Charge: -6
 Chemistry Notes:   This compound contains an acetal/aminal-like group ( X-CH(R)-Y where X, Y are N, S, or O) that may be acid/base labile, releasing an aldehyde.
. . . . . . . . . . . . . . . . . . . . . . .
Variation: 6
                                            54   Conj_Acid 11.60
                                            68   Conj_Acid 12.90
                                            69   Conj_Acid 14.50
                                            74   Conj_Acid 15.05
                                            18   Conj_Base  6.13
                                            19   Conj_Base  6.13
                                            26   Conj_Base  3.60
                                            30   Conj_Base  3.76
                                            48   Conj_Base  9.33
                                            45   Conj_Base -2.98
                                             8   Conj_Base  3.94
                                             1   Conj_Base  6.16
                                             3   Conj_Base -0.80
                                             7   Conj_Base 13.03
                                            13   Conj_Base -2.61
                                            37   Conj_Base -1.61
                                            39   Conj_Base -1.37
                                            44   Conj_Base -0.38
 pKa penalty:                                 4.26 kcal/mol
     Charging penalty:                        4.25 kcal/mol
     Neutralization penalty:                  0.02 kcal/mol
 Overall Penalty (tautomerization included):  4.52 kcal/mol
 Total Charge: -6
 Chemistry Notes:   This compound contains an acetal/aminal-like group ( X-CH(R)-Y where X, Y are N, S, or O) that may be acid/base labile, releasing an aldehyde.
. . . . . . . . . . . . . . . . . . . . . . .
Variation: 7
                                            55   Conj_Acid 11.60
                                            37   Conj_Base 12.90
                                            69   Conj_Acid 16.70
                                            74   Conj_Acid 14.57
                                            18   Conj_Base  6.13
                                            19   Conj_Base  6.13
                                            26   Conj_Base  3.60
                                            30   Conj_Base  3.85
                                            79   Conj_Acid  9.33
                                            40   Conj_Base -1.81
                                             8   Conj_Base  2.82
                                             1   Conj_Base  3.97
                                             3   Conj_Base -0.50
                                            50   Conj_Acid 13.03
                                            51   Conj_Acid 13.03
                                            13   Conj_Base -2.61
                                            39   Conj_Base  1.64
                                            44   Conj_Base -1.29
 pKa penalty:                                 5.00 kcal/mol
     Charging penalty:                        3.96 kcal/mol
     Neutralization penalty:                  1.04 kcal/mol
 Overall Penalty (tautomerization included):  5.27 kcal/mol
 Total Charge: -5
 Chemistry Notes:   This compound contains an acetal/aminal-like group ( X-CH(R)-Y where X, Y are N, S, or O) that may be acid/base labile, releasing an aldehyde.
. . . . . . . . . . . . . . . . . . . . . . .
Variation: 8
                                            54   Conj_Acid 11.60
                                            68   Conj_Acid 12.90
                                            69   Conj_Acid 14.49
                                            74   Conj_Acid 14.46
                                            18   Conj_Base  6.13
                                            19   Conj_Base  6.13
                                            26   Conj_Base  3.60
                                            30   Conj_Base  3.76
                                            79   Conj_Acid  9.33
                                             8   Conj_Base  3.94
                                             1   Conj_Base  6.16
                                             3   Conj_Base -0.80
                                             7   Conj_Base 13.03
                                            13   Conj_Base -2.61
                                            37   Conj_Base -1.61
                                            39   Conj_Base -1.40
                                            44   Conj_Base -1.45
 pKa penalty:                                 5.18 kcal/mol
     Charging penalty:                        4.14 kcal/mol
     Neutralization penalty:                  1.05 kcal/mol
 Overall Penalty (tautomerization included):  5.48 kcal/mol
 Total Charge: -5
 Chemistry Notes:   This compound contains an acetal/aminal-like group ( X-CH(R)-Y where X, Y are N, S, or O) that may be acid/base labile, releasing an aldehyde.
---------------------------
