COMMAND:
 /cbio/jclab/share/schrodinger/schrodinger2016-4/epik-v3.8/bin/Linux-x86_64/epik_app -imae /scratch/8333014.hal-sched1.local/tmp0su_7w05/FRUCTOSE-6-PHOSPHATE_pH_10.0-before_epik.mae -omae /cbio/jclab/home/rustenburg/PFK/Epik-Ligands/Results/InProgress/FRUCTOSE-6-PHOSPHATE/pH_10.0/FRUCTOSE-6-PHOSPHATE_pH_10.0-epik.mae -ms 50 -ph 10.0 -nt -p 4.5399929762484854e-05 -pKa_atom
SCHRODINGER: /cbio/jclab/share/schrodinger/schrodinger2016-4

Running Epik version     3.8015
Epik. Copyright Schrodinger, LLC. All rights reserved.

Input file name:                        /scratch/8333014.hal-sched1.local/tmp0su_7w05/FRUCTOSE-6-PHOSPHATE_pH_10.0-before_epik.mae
Output file name:                       /cbio/jclab/home/rustenburg/PFK/Epik-Ligands/Results/InProgress/FRUCTOSE-6-PHOSPHATE/pH_10.0/FRUCTOSE-6-PHOSPHATE_pH_10.0-epik.mae
Maximum number of states set to: 50
Structure adjustment calculation requested.
  Target pH set to 10.000
Minimum probability set to 4.539993e-05
reporting for specific atoms turned on (pKa_atom)

Adjusting structures for pH 1.000000e+01 and minimum probability 4.539993e-05
Solvent model name:                     water
Jobcontrol is not being used for this specific Epik calculation.
---------------------------
Processing Input Structure #1
        Title: F6P
                                              Calculated pKas
                                                 Conjugate
                                          Atom   Acid/Base  pKa
. . . . . . . . . . . . . . . . . . . . . . .
Variation: 1
                                            17   Conj_Acid 13.69
                                            22   Conj_Acid 12.68
                                            24   Conj_Acid 12.92
                                            20   Conj_Acid 11.76
                                            15   Conj_Base  6.27
                                            16   Conj_Base  6.27
                                             1   Conj_Base -1.07
                                             6   Conj_Base -1.78
                                             8   Conj_Base -1.60
 pKa penalty:                                 0.01 kcal/mol
     Charging penalty:                        0.00 kcal/mol
     Neutralization penalty:                  0.01 kcal/mol
 Overall Penalty (tautomerization included):  0.01 kcal/mol
 Total Charge: -2
. . . . . . . . . . . . . . . . . . . . . . .
Variation: 2
                                            17   Conj_Acid 16.18
                                            21   Conj_Acid 16.09
                                            23   Conj_Acid 14.88
                                             4   Conj_Base 11.76
                                            15   Conj_Base  6.33
                                            16   Conj_Base  6.33
                                            10   Conj_Base -2.35
                                             1   Conj_Base  1.50
                                             6   Conj_Base  0.82
                                             8   Conj_Base -0.10
 pKa penalty:                                 2.41 kcal/mol
     Charging penalty:                        2.41 kcal/mol
     Neutralization penalty:                  0.00 kcal/mol
 Overall Penalty (tautomerization included):  2.57 kcal/mol
 Total Charge: -3
. . . . . . . . . . . . . . . . . . . . . . .
Variation: 3
                                            17   Conj_Acid 14.77
                                            23   Conj_Acid 15.99
                                             6   Conj_Base 12.68
                                            20   Conj_Acid 13.83
                                            15   Conj_Base  6.32
                                            16   Conj_Base  6.32
                                             1   Conj_Base  0.04
                                             4   Conj_Base -1.43
                                             8   Conj_Base  0.74
 pKa penalty:                                 3.66 kcal/mol
     Charging penalty:                        3.66 kcal/mol
     Neutralization penalty:                  0.00 kcal/mol
 Overall Penalty (tautomerization included):  3.91 kcal/mol
 Total Charge: -3
. . . . . . . . . . . . . . . . . . . . . . .
Variation: 4
                                            17   Conj_Acid 14.21
                                            22   Conj_Acid 15.79
                                             8   Conj_Base 12.92
                                            20   Conj_Acid 13.09
                                            15   Conj_Base  6.38
                                            16   Conj_Base  6.38
                                             1   Conj_Base -0.54
                                             4   Conj_Base -2.27
                                             6   Conj_Base  0.59
 pKa penalty:                                 3.99 kcal/mol
     Charging penalty:                        3.99 kcal/mol
     Neutralization penalty:                  0.00 kcal/mol
 Overall Penalty (tautomerization included):  4.26 kcal/mol
 Total Charge: -3
. . . . . . . . . . . . . . . . . . . . . . .
Variation: 5
                                             1   Conj_Base 13.69
                                            21   Conj_Acid 14.22
                                            23   Conj_Acid 13.70
                                            19   Conj_Acid 14.06
                                            15   Conj_Base  6.29
                                            16   Conj_Base  6.29
                                             4   Conj_Base -1.18
                                             6   Conj_Base -0.61
                                             8   Conj_Base -1.00
 pKa penalty:                                 5.04 kcal/mol
     Charging penalty:                        5.04 kcal/mol
     Neutralization penalty:                  0.00 kcal/mol
 Overall Penalty (tautomerization included):  5.38 kcal/mol
 Total Charge: -3
. . . . . . . . . . . . . . . . . . . . . . .
Variation: 6
                                            17   Conj_Acid 13.69
                                            22   Conj_Acid 12.53
                                            24   Conj_Acid 12.56
                                            20   Conj_Acid 11.67
                                            28   Conj_Acid  6.27
                                            15   Conj_Base  3.32
                                             1   Conj_Base -1.07
                                             6   Conj_Base -1.89
                                             8   Conj_Base -1.87
 pKa penalty:                                 5.11 kcal/mol
     Charging penalty:                        0.00 kcal/mol
     Neutralization penalty:                  5.11 kcal/mol
 Overall Penalty (tautomerization included):  5.44 kcal/mol
 Total Charge: -1
---------------------------
