COMMAND:
 /cbio/jclab/share/schrodinger/schrodinger2016-4/epik-v3.8/bin/Linux-x86_64/epik_app -imae /scratch/8332595.hal-sched1.local/tmpg_ivpb21/FLAVIN MONONUCLEOTIDE_pH_10.0-before_epik.mae -omae /cbio/jclab/home/rustenburg/PFK/Epik-Ligands/Results/InProgress/FLAVIN MONONUCLEOTIDE/pH_10.0/FLAVIN MONONUCLEOTIDE_pH_10.0-epik.mae -ms 50 -ph 10.0 -nt -p 4.5399929762484854e-05 -pKa_atom
SCHRODINGER: /cbio/jclab/share/schrodinger/schrodinger2016-4

Running Epik version     3.8015
Epik. Copyright Schrodinger, LLC. All rights reserved.

Input file name:                        /scratch/8332595.hal-sched1.local/tmpg_ivpb21/FLAVIN MONONUCLEOTIDE_pH_10.0-before_epik.mae
Output file name:                       /cbio/jclab/home/rustenburg/PFK/Epik-Ligands/Results/InProgress/FLAVIN MONONUCLEOTIDE/pH_10.0/FLAVIN MONONUCLEOTIDE_pH_10.0-epik.mae
Maximum number of states set to: 50
Structure adjustment calculation requested.
  Target pH set to 10.000
Minimum probability set to 4.539993e-05
reporting for specific atoms turned on (pKa_atom)

Adjusting structures for pH 1.000000e+01 and minimum probability 4.539993e-05
Solvent model name:                     water
Jobcontrol is not being used for this specific Epik calculation.
---------------------------
Processing Input Structure #1
        Title: FMN
                                              Calculated pKas
                                                 Conjugate
                                          Atom   Acid/Base  pKa
. . . . . . . . . . . . . . . . . . . . . . .
Variation: 1
                                            44   Conj_Acid 14.64
                                            46   Conj_Acid 14.98
                                            48   Conj_Acid 14.26
                                            30   Conj_Base  6.33
                                            31   Conj_Base  6.33
                                            32   Conj_Acid 10.02
                                             1   Conj_Base  1.59
                                            21   Conj_Base -0.29
                                            23   Conj_Base -0.03
                                            25   Conj_Base -0.58
 pKa penalty:                                 0.40 kcal/mol
     Charging penalty:                        0.40 kcal/mol
     Neutralization penalty:                  0.00 kcal/mol
 Overall Penalty (tautomerization included):  0.40 kcal/mol
 Total Charge: -2
. . . . . . . . . . . . . . . . . . . . . . .
Variation: 2
                                            43   Conj_Acid 14.64
                                            45   Conj_Acid 14.98
                                            47   Conj_Acid 14.26
                                             3   Conj_Base  2.31
                                            30   Conj_Base  6.33
                                            31   Conj_Base  6.33
                                             1   Conj_Base  3.13
                                             4   Conj_Base 10.02
                                            21   Conj_Base -0.29
                                            23   Conj_Base -0.03
                                            25   Conj_Base -0.58
 pKa penalty:                                 0.42 kcal/mol
     Charging penalty:                        0.00 kcal/mol
     Neutralization penalty:                  0.42 kcal/mol
 Overall Penalty (tautomerization included):  0.42 kcal/mol
 Total Charge: -3
. . . . . . . . . . . . . . . . . . . . . . .
Variation: 3
                                            44   Conj_Acid 14.50
                                            46   Conj_Acid 14.62
                                            48   Conj_Acid 13.38
                                            51   Conj_Acid  6.33
                                            30   Conj_Base  3.37
                                            32   Conj_Acid 10.02
                                             1   Conj_Base  1.59
                                            21   Conj_Base -0.40
                                            23   Conj_Base -0.31
                                            25   Conj_Base -1.25
 pKa penalty:                                 5.40 kcal/mol
     Charging penalty:                        0.40 kcal/mol
     Neutralization penalty:                  5.00 kcal/mol
 Overall Penalty (tautomerization included):  5.73 kcal/mol
 Total Charge: -1
. . . . . . . . . . . . . . . . . . . . . . .
Variation: 4
                                            43   Conj_Acid 14.50
                                            45   Conj_Acid 14.62
                                            47   Conj_Acid 13.38
                                             3   Conj_Base  2.31
                                            50   Conj_Acid  6.33
                                            30   Conj_Base  3.37
                                             1   Conj_Base  3.13
                                             4   Conj_Base 10.02
                                            21   Conj_Base -0.40
                                            23   Conj_Base -0.31
                                            25   Conj_Base -1.25
 pKa penalty:                                 5.42 kcal/mol
     Charging penalty:                        0.00 kcal/mol
     Neutralization penalty:                  5.42 kcal/mol
 Overall Penalty (tautomerization included):  5.76 kcal/mol
 Total Charge: -2
---------------------------
