COMMAND:
 /cbio/jclab/share/schrodinger/schrodinger2016-4/epik-v3.8/bin/Linux-x86_64/epik_app -imae /scratch/8332595.hal-sched1.local/tmpwphp8tls/CITRIC ACID_pH_7.4-before_epik.mae -omae /cbio/jclab/home/rustenburg/PFK/Epik-Ligands/Results/InProgress/CITRIC ACID/pH_7.4/CITRIC ACID_pH_7.4-epik.mae -ms 50 -ph 7.4 -nt -p 4.5399929762484854e-05 -pKa_atom
SCHRODINGER: /cbio/jclab/share/schrodinger/schrodinger2016-4

Running Epik version     3.8015
Epik. Copyright Schrodinger, LLC. All rights reserved.

Input file name:                        /scratch/8332595.hal-sched1.local/tmpwphp8tls/CITRIC ACID_pH_7.4-before_epik.mae
Output file name:                       /cbio/jclab/home/rustenburg/PFK/Epik-Ligands/Results/InProgress/CITRIC ACID/pH_7.4/CITRIC ACID_pH_7.4-epik.mae
Maximum number of states set to: 50
Structure adjustment calculation requested.
  Target pH set to 7.400
Minimum probability set to 4.539993e-05
reporting for specific atoms turned on (pKa_atom)

Adjusting structures for pH 7.400000e+00 and minimum probability 4.539993e-05
Solvent model name:                     water
Jobcontrol is not being used for this specific Epik calculation.
---------------------------
Processing Input Structure #1
        Title: CIT
                                              Calculated pKas
                                                 Conjugate
                                          Atom   Acid/Base  pKa
. . . . . . . . . . . . . . . . . . . . . . .
Variation: 1
                                             3   Conj_Base  4.82
                                            10   Conj_Base  4.82
                                            13   Conj_Base  4.07
                                             6   Conj_Base  2.79
 pKa penalty:                                 0.00 kcal/mol
     Charging penalty:                        0.00 kcal/mol
     Neutralization penalty:                  0.00 kcal/mol
 Overall Penalty (tautomerization included):  0.00 kcal/mol
 Total Charge: -3
. . . . . . . . . . . . . . . . . . . . . . .
Variation: 2
                                            19   Conj_Acid  4.82
                                             3   Conj_Base  3.90
                                            13   Conj_Base  3.57
                                             6   Conj_Base  0.96
 pKa penalty:                                 3.52 kcal/mol
     Charging penalty:                        0.00 kcal/mol
     Neutralization penalty:                  3.52 kcal/mol
 Overall Penalty (tautomerization included):  3.76 kcal/mol
 Total Charge: -2
. . . . . . . . . . . . . . . . . . . . . . .
Variation: 3
                                            16   Conj_Acid 14.62
                                             3   Conj_Base  4.28
                                            10   Conj_Base  4.28
                                            19   Conj_Acid  4.07
                                             6   Conj_Base -2.24
 pKa penalty:                                 4.55 kcal/mol
     Charging penalty:                        0.00 kcal/mol
     Neutralization penalty:                  4.55 kcal/mol
 Overall Penalty (tautomerization included):  4.85 kcal/mol
 Total Charge: -2
---------------------------
