COMMAND:
 /cbio/jclab/share/schrodinger/schrodinger2016-4/epik-v3.8/bin/Linux-x86_64/epik_app -imae /scratch/8332595.hal-sched1.local/tmp6z1bt8iw/FLAVIN-ADENINE DINUCLEOTIDE_pH_10.0-before_epik.mae -omae /cbio/jclab/home/rustenburg/PFK/Epik-Ligands/Results/InProgress/FLAVIN-ADENINE DINUCLEOTIDE/pH_10.0/FLAVIN-ADENINE DINUCLEOTIDE_pH_10.0-epik.mae -ms 50 -ph 10.0 -nt -p 4.5399929762484854e-05 -pKa_atom
SCHRODINGER: /cbio/jclab/share/schrodinger/schrodinger2016-4

Running Epik version     3.8015
Epik. Copyright Schrodinger, LLC. All rights reserved.

Input file name:                        /scratch/8332595.hal-sched1.local/tmp6z1bt8iw/FLAVIN-ADENINE DINUCLEOTIDE_pH_10.0-before_epik.mae
Output file name:                       /cbio/jclab/home/rustenburg/PFK/Epik-Ligands/Results/InProgress/FLAVIN-ADENINE DINUCLEOTIDE/pH_10.0/FLAVIN-ADENINE DINUCLEOTIDE_pH_10.0-epik.mae
Maximum number of states set to: 50
Structure adjustment calculation requested.
  Target pH set to 10.000
Minimum probability set to 4.539993e-05
reporting for specific atoms turned on (pKa_atom)

Adjusting structures for pH 1.000000e+01 and minimum probability 4.539993e-05
Solvent model name:                     water
Jobcontrol is not being used for this specific Epik calculation.
---------------------------
Processing Input Structure #1
        Title: FAD
                                              Calculated pKas
                                                 Conjugate
                                          Atom   Acid/Base  pKa
. . . . . . . . . . . . . . . . . . . . . . .
Variation: 1
                                            58   Conj_Acid 12.62
                                            60   Conj_Acid 12.23
                                            78   Conj_Acid 14.57
                                            80   Conj_Acid 14.72
                                            82   Conj_Acid 13.63
                                             3   Conj_Base  3.67
                                            52   Conj_Base  3.72
                                            15   Conj_Base  2.63
                                            19   Conj_Base  3.83
                                            21   Conj_Base -0.67
                                            66   Conj_Acid 10.02
                                            23   Conj_Base  1.59
                                            63   Conj_Acid 13.02
                                            64   Conj_Acid 13.02
                                             9   Conj_Base -1.83
                                            11   Conj_Base -2.12
                                            43   Conj_Base -0.34
                                            45   Conj_Base -0.23
                                            47   Conj_Base -1.06
 pKa penalty:                                 0.40 kcal/mol
     Charging penalty:                        0.40 kcal/mol
     Neutralization penalty:                  0.01 kcal/mol
 Overall Penalty (tautomerization included):  0.39 kcal/mol
 Total Charge: -2
 Chemistry Notes:   This compound contains an acetal/aminal-like group ( X-CH(R)-Y where X, Y are N, S, or O) that may be acid/base labile, releasing an aldehyde.
. . . . . . . . . . . . . . . . . . . . . . .
Variation: 2
                                            58   Conj_Acid 12.62
                                            60   Conj_Acid 12.23
                                            77   Conj_Acid 14.57
                                            79   Conj_Acid 14.72
                                            81   Conj_Acid 13.63
                                            25   Conj_Base  2.31
                                             3   Conj_Base  3.67
                                            52   Conj_Base  3.72
                                            23   Conj_Base  3.13
                                            15   Conj_Base  2.63
                                            19   Conj_Base  3.83
                                            21   Conj_Base -0.67
                                            26   Conj_Base 10.02
                                            63   Conj_Acid 13.02
                                            64   Conj_Acid 13.02
                                             9   Conj_Base -1.83
                                            11   Conj_Base -2.12
                                            43   Conj_Base -0.34
                                            45   Conj_Base -0.23
                                            47   Conj_Base -1.06
 pKa penalty:                                 0.43 kcal/mol
     Charging penalty:                        0.00 kcal/mol
     Neutralization penalty:                  0.43 kcal/mol
 Overall Penalty (tautomerization included):  0.44 kcal/mol
 Total Charge: -3
 Chemistry Notes:   This compound contains an acetal/aminal-like group ( X-CH(R)-Y where X, Y are N, S, or O) that may be acid/base labile, releasing an aldehyde.
. . . . . . . . . . . . . . . . . . . . . . .
Variation: 3
                                            58   Conj_Acid 15.69
                                            77   Conj_Acid 14.57
                                            79   Conj_Acid 14.72
                                            81   Conj_Acid 13.63
                                            11   Conj_Base 12.23
                                             3   Conj_Base  3.71
                                            52   Conj_Base  3.72
                                            15   Conj_Base  2.90
                                            19   Conj_Base  4.03
                                            21   Conj_Base -0.43
                                            65   Conj_Acid 10.02
                                            23   Conj_Base  1.59
                                            62   Conj_Acid 13.09
                                            63   Conj_Acid 13.09
                                             9   Conj_Base  0.51
                                            43   Conj_Base -0.34
                                            45   Conj_Base -0.23
                                            47   Conj_Base -1.06
 pKa penalty:                                 3.45 kcal/mol
     Charging penalty:                        3.44 kcal/mol
     Neutralization penalty:                  0.00 kcal/mol
 Overall Penalty (tautomerization included):  3.62 kcal/mol
 Total Charge: -3
 Chemistry Notes:   This compound contains an acetal/aminal-like group ( X-CH(R)-Y where X, Y are N, S, or O) that may be acid/base labile, releasing an aldehyde.
. . . . . . . . . . . . . . . . . . . . . . .
Variation: 4
                                            58   Conj_Acid 15.69
                                            76   Conj_Acid 14.57
                                            78   Conj_Acid 14.72
                                            80   Conj_Acid 13.63
                                            11   Conj_Base 12.23
                                            25   Conj_Base  2.31
                                             3   Conj_Base  3.71
                                            52   Conj_Base  3.72
                                            23   Conj_Base  3.13
                                            15   Conj_Base  2.90
                                            19   Conj_Base  4.03
                                            21   Conj_Base -0.43
                                            26   Conj_Base 10.02
                                            62   Conj_Acid 13.09
                                            63   Conj_Acid 13.09
                                             9   Conj_Base  0.51
                                            43   Conj_Base -0.34
                                            45   Conj_Base -0.23
                                            47   Conj_Base -1.06
 pKa penalty:                                 3.47 kcal/mol
     Charging penalty:                        3.05 kcal/mol
     Neutralization penalty:                  0.42 kcal/mol
 Overall Penalty (tautomerization included):  3.65 kcal/mol
 Total Charge: -4
 Chemistry Notes:   This compound contains an acetal/aminal-like group ( X-CH(R)-Y where X, Y are N, S, or O) that may be acid/base labile, releasing an aldehyde.
. . . . . . . . . . . . . . . . . . . . . . .
Variation: 5
                                            59   Conj_Acid 15.33
                                            77   Conj_Acid 14.57
                                            79   Conj_Acid 14.72
                                            81   Conj_Acid 13.63
                                             9   Conj_Base 12.62
                                             3   Conj_Base  3.76
                                            52   Conj_Base  3.73
                                            15   Conj_Base  2.69
                                            19   Conj_Base  3.87
                                            21   Conj_Base -0.62
                                            65   Conj_Acid 10.02
                                            23   Conj_Base  1.59
                                            62   Conj_Acid 13.02
                                            63   Conj_Acid 13.02
                                            11   Conj_Base  0.24
                                            43   Conj_Base -0.34
                                            45   Conj_Base -0.23
                                            47   Conj_Base -1.06
 pKa penalty:                                 3.98 kcal/mol
     Charging penalty:                        3.98 kcal/mol
     Neutralization penalty:                  0.00 kcal/mol
 Overall Penalty (tautomerization included):  4.22 kcal/mol
 Total Charge: -3
 Chemistry Notes:   This compound contains an acetal/aminal-like group ( X-CH(R)-Y where X, Y are N, S, or O) that may be acid/base labile, releasing an aldehyde.
. . . . . . . . . . . . . . . . . . . . . . .
Variation: 6
                                            59   Conj_Acid 15.33
                                            76   Conj_Acid 14.57
                                            78   Conj_Acid 14.72
                                            80   Conj_Acid 13.63
                                             9   Conj_Base 12.62
                                            25   Conj_Base  2.31
                                             3   Conj_Base  3.76
                                            52   Conj_Base  3.73
                                            23   Conj_Base  3.13
                                            15   Conj_Base  2.69
                                            19   Conj_Base  3.87
                                            21   Conj_Base -0.62
                                            26   Conj_Base 10.02
                                            62   Conj_Acid 13.02
                                            63   Conj_Acid 13.02
                                            11   Conj_Base  0.24
                                            43   Conj_Base -0.34
                                            45   Conj_Base -0.23
                                            47   Conj_Base -1.06
 pKa penalty:                                 4.00 kcal/mol
     Charging penalty:                        3.58 kcal/mol
     Neutralization penalty:                  0.42 kcal/mol
 Overall Penalty (tautomerization included):  4.25 kcal/mol
 Total Charge: -4
 Chemistry Notes:   This compound contains an acetal/aminal-like group ( X-CH(R)-Y where X, Y are N, S, or O) that may be acid/base labile, releasing an aldehyde.
. . . . . . . . . . . . . . . . . . . . . . .
Variation: 7
                                            58   Conj_Acid 12.62
                                            60   Conj_Acid 12.23
                                            77   Conj_Acid 14.57
                                            79   Conj_Acid 14.72
                                            81   Conj_Acid 13.63
                                             3   Conj_Base  3.67
                                            52   Conj_Base  3.72
                                            15   Conj_Base  3.67
                                            19   Conj_Base  6.02
                                            21   Conj_Base -0.97
                                            65   Conj_Acid 10.02
                                            23   Conj_Base  1.59
                                            18   Conj_Base 13.02
                                             9   Conj_Base -1.83
                                            11   Conj_Base -2.12
                                            43   Conj_Base -0.34
                                            45   Conj_Base -0.23
                                            47   Conj_Base -1.06
 pKa penalty:                                 4.52 kcal/mol
     Charging penalty:                        4.51 kcal/mol
     Neutralization penalty:                  0.01 kcal/mol
 Overall Penalty (tautomerization included):  4.82 kcal/mol
 Total Charge: -3
 Chemistry Notes:   This compound contains an acetal/aminal-like group ( X-CH(R)-Y where X, Y are N, S, or O) that may be acid/base labile, releasing an aldehyde.
. . . . . . . . . . . . . . . . . . . . . . .
Variation: 8
                                            58   Conj_Acid 12.62
                                            60   Conj_Acid 12.23
                                            76   Conj_Acid 14.57
                                            78   Conj_Acid 14.72
                                            80   Conj_Acid 13.63
                                            25   Conj_Base  2.31
                                             3   Conj_Base  3.67
                                            52   Conj_Base  3.72
                                            23   Conj_Base  3.13
                                            15   Conj_Base  3.67
                                            19   Conj_Base  6.02
                                            21   Conj_Base -0.97
                                            26   Conj_Base 10.02
                                            18   Conj_Base 13.02
                                             9   Conj_Base -1.83
                                            11   Conj_Base -2.12
                                            43   Conj_Base -0.34
                                            45   Conj_Base -0.23
                                            47   Conj_Base -1.06
 pKa penalty:                                 4.54 kcal/mol
     Charging penalty:                        4.12 kcal/mol
     Neutralization penalty:                  0.43 kcal/mol
 Overall Penalty (tautomerization included):  4.85 kcal/mol
 Total Charge: -4
 Chemistry Notes:   This compound contains an acetal/aminal-like group ( X-CH(R)-Y where X, Y are N, S, or O) that may be acid/base labile, releasing an aldehyde.
. . . . . . . . . . . . . . . . . . . . . . .
Variation: 9
                                            58   Conj_Acid 12.62
                                            60   Conj_Acid 12.23
                                            78   Conj_Acid 16.02
                                            47   Conj_Base 13.63
                                             3   Conj_Base  3.70
                                            52   Conj_Base  3.94
                                            15   Conj_Base  2.63
                                            19   Conj_Base  3.83
                                            21   Conj_Base -0.67
                                            66   Conj_Acid 10.06
                                            23   Conj_Base  1.64
                                            63   Conj_Acid 13.02
                                            64   Conj_Acid 13.02
                                             9   Conj_Base -1.83
                                            11   Conj_Base -2.12
                                            43   Conj_Base  0.76
                                            45   Conj_Base  1.95
 pKa penalty:                                 5.33 kcal/mol
     Charging penalty:                        5.32 kcal/mol
     Neutralization penalty:                  0.01 kcal/mol
 Overall Penalty (tautomerization included):  5.66 kcal/mol
 Total Charge: -3
 Chemistry Notes:   This compound contains an acetal/aminal-like group ( X-CH(R)-Y where X, Y are N, S, or O) that may be acid/base labile, releasing an aldehyde.
. . . . . . . . . . . . . . . . . . . . . . .
Variation: 10
                                            58   Conj_Acid 12.62
                                            60   Conj_Acid 12.23
                                            77   Conj_Acid 16.02
                                            47   Conj_Base 13.63
                                            25   Conj_Base  2.33
                                             3   Conj_Base  3.70
                                            52   Conj_Base  3.94
                                            23   Conj_Base  3.20
                                            15   Conj_Base  2.63
                                            19   Conj_Base  3.83
                                            21   Conj_Base -0.67
                                            26   Conj_Base 10.06
                                            63   Conj_Acid 13.02
                                            64   Conj_Acid 13.02
                                             9   Conj_Base -1.83
                                            11   Conj_Base -2.12
                                            43   Conj_Base  0.76
                                            45   Conj_Base  1.95
 pKa penalty:                                 5.40 kcal/mol
     Charging penalty:                        4.95 kcal/mol
     Neutralization penalty:                  0.46 kcal/mol
 Overall Penalty (tautomerization included):  5.73 kcal/mol
 Total Charge: -4
 Chemistry Notes:   This compound contains an acetal/aminal-like group ( X-CH(R)-Y where X, Y are N, S, or O) that may be acid/base labile, releasing an aldehyde.
---------------------------
