COMMAND:
 /cbio/jclab/share/schrodinger/schrodinger2016-4/epik-v3.8/bin/Linux-x86_64/epik_app -imae /scratch/8332595.hal-sched1.local/tmpgof0eyec/GLUTATHIONE_pH_4.0-before_epik.mae -omae /cbio/jclab/home/rustenburg/PFK/Epik-Ligands/Results/InProgress/GLUTATHIONE/pH_4.0/GLUTATHIONE_pH_4.0-epik.mae -ms 50 -ph 4.0 -nt -p 4.5399929762484854e-05 -pKa_atom
SCHRODINGER: /cbio/jclab/share/schrodinger/schrodinger2016-4

Running Epik version     3.8015
Epik. Copyright Schrodinger, LLC. All rights reserved.

Input file name:                        /scratch/8332595.hal-sched1.local/tmpgof0eyec/GLUTATHIONE_pH_4.0-before_epik.mae
Output file name:                       /cbio/jclab/home/rustenburg/PFK/Epik-Ligands/Results/InProgress/GLUTATHIONE/pH_4.0/GLUTATHIONE_pH_4.0-epik.mae
Maximum number of states set to: 50
Structure adjustment calculation requested.
  Target pH set to 4.000
Minimum probability set to 4.539993e-05
reporting for specific atoms turned on (pKa_atom)

Adjusting structures for pH 4.000000e+00 and minimum probability 4.539993e-05
Solvent model name:                     water
Jobcontrol is not being used for this specific Epik calculation.
---------------------------
Processing Input Structure #1
        Title: GSH
                                              Calculated pKas
                                                 Conjugate
                                          Atom   Acid/Base  pKa
. . . . . . . . . . . . . . . . . . . . . . .
Variation: 1
                                            28   Conj_Acid 14.29
                                            33   Conj_Acid 14.03
                                             5   Conj_Base  2.25
                                            20   Conj_Base  3.45
                                            32   Conj_Acid  8.85
                                            21   Conj_Acid  9.40
                                            22   Conj_Acid  9.40
                                            36   Conj_Acid  9.40
                                             9   Conj_Base -1.87
                                            13   Conj_Base -1.91
 pKa penalty:                                 0.16 kcal/mol
     Charging penalty:                        0.16 kcal/mol
     Neutralization penalty:                  0.00 kcal/mol
 Overall Penalty (tautomerization included):  0.11 kcal/mol
 Total Charge: -1
. . . . . . . . . . . . . . . . . . . . . . .
Variation: 2
                                            28   Conj_Acid 14.14
                                            33   Conj_Acid 12.63
                                             5   Conj_Base  2.25
                                            36   Conj_Acid  3.45
                                            32   Conj_Acid  8.76
                                            21   Conj_Acid  9.39
                                            22   Conj_Acid  9.39
                                            37   Conj_Acid  9.39
                                             9   Conj_Base -2.13
 pKa penalty:                                 0.90 kcal/mol
     Charging penalty:                        0.01 kcal/mol
     Neutralization penalty:                  0.89 kcal/mol
 Overall Penalty (tautomerization included):  1.06 kcal/mol
 Total Charge: 0
. . . . . . . . . . . . . . . . . . . . . . .
Variation: 3
                                            29   Conj_Acid 13.94
                                            34   Conj_Acid 13.99
                                            24   Conj_Acid  2.25
                                            20   Conj_Base  3.46
                                            33   Conj_Acid  8.83
                                            21   Conj_Acid  6.01
                                            22   Conj_Acid  6.01
                                            37   Conj_Acid  6.01
                                             9   Conj_Base -2.35
                                            13   Conj_Base -1.96
 pKa penalty:                                 2.55 kcal/mol
     Charging penalty:                        0.15 kcal/mol
     Neutralization penalty:                  2.40 kcal/mol
 Overall Penalty (tautomerization included):  3.11 kcal/mol
 Total Charge: 0
. . . . . . . . . . . . . . . . . . . . . . .
Variation: 4
                                            29   Conj_Acid 13.80
                                            34   Conj_Acid 12.59
                                            24   Conj_Acid  2.25
                                            37   Conj_Acid  3.46
                                            33   Conj_Acid  8.74
                                            21   Conj_Acid  6.01
                                            22   Conj_Acid  6.01
                                            38   Conj_Acid  6.01
                                             9   Conj_Base -2.60
 pKa penalty:                                 3.30 kcal/mol
     Charging penalty:                        0.01 kcal/mol
     Neutralization penalty:                  3.29 kcal/mol
 Overall Penalty (tautomerization included):  3.75 kcal/mol
 Total Charge: 1
---------------------------
