      0.20080000
      1.57730000
      1.74400000
      1.78060000
      2.07960000
      2.31980000
      2.50680000
      2.69990000
      2.85620000
      2.91370000
      3.17530000
      3.42230000
      3.50980000
      3.57080000
      3.64600000
      3.71790000
      4.01040000
      4.02680000
      4.07860000
      4.09080000
      4.46390000
      4.71270000
      4.78990000
      4.79660000
      4.90050000
      4.90050000
      5.01810000
      5.11140000
      5.11140000
      5.13280000
      5.24600000
      5.25950000
      5.41680000
      5.47130000
      5.54200000
      5.54200000
      5.60590000
      5.60590000
      5.63550000
      5.82290000
      5.82290000
      5.87290000
      5.87290000
