COMMAND:
 /cbio/jclab/share/schrodinger/schrodinger2016-4/epik-v3.8/bin/Linux-x86_64/epik_app -imae /scratch/8332595.hal-sched1.local/tmpzntaw8f2/ADENOSINE-5'-TRIPHOSPHATE_pH_4.0-before_epik.mae -omae /cbio/jclab/home/rustenburg/PFK/Epik-Ligands/Results/InProgress/ADENOSINE-5'-TRIPHOSPHATE/pH_4.0/ADENOSINE-5'-TRIPHOSPHATE_pH_4.0-epik.mae -ms 50 -ph 4.0 -nt -p 4.5399929762484854e-05 -pKa_atom
SCHRODINGER: /cbio/jclab/share/schrodinger/schrodinger2016-4

Running Epik version     3.8015
Epik. Copyright Schrodinger, LLC. All rights reserved.

Input file name:                        /scratch/8332595.hal-sched1.local/tmpzntaw8f2/ADENOSINE-5'-TRIPHOSPHATE_pH_4.0-before_epik.mae
Output file name:                       /cbio/jclab/home/rustenburg/PFK/Epik-Ligands/Results/InProgress/ADENOSINE-5'-TRIPHOSPHATE/pH_4.0/ADENOSINE-5'-TRIPHOSPHATE_pH_4.0-epik.mae
Maximum number of states set to: 50
Structure adjustment calculation requested.
  Target pH set to 4.000
Minimum probability set to 4.539993e-05
reporting for specific atoms turned on (pKa_atom)

Adjusting structures for pH 4.000000e+00 and minimum probability 4.539993e-05
Solvent model name:                     water
Jobcontrol is not being used for this specific Epik calculation.
---------------------------
Processing Input Structure #1
        Title: ATP
                                              Calculated pKas
                                                 Conjugate
                                          Atom   Acid/Base  pKa
. . . . . . . . . . . . . . . . . . . . . . .
Variation: 1
                                            37   Conj_Acid 12.62
                                            39   Conj_Acid 12.23
                                            32   Conj_Acid  6.16
                                             3   Conj_Base  3.23
                                             7   Conj_Base  3.33
                                            11   Conj_Base  3.53
                                            24   Conj_Base  2.63
                                            28   Conj_Base  3.83
                                            30   Conj_Base -0.67
                                            42   Conj_Acid 13.02
                                            43   Conj_Acid 13.02
                                            18   Conj_Base -1.83
                                            20   Conj_Base -2.12
 pKa penalty:                                 0.72 kcal/mol
     Charging penalty:                        0.38 kcal/mol
     Neutralization penalty:                  0.33 kcal/mol
 Overall Penalty (tautomerization included):  0.20 kcal/mol
 Total Charge: -3
 Chemistry Notes:   This compound contains an acetal/aminal-like group ( X-CH(R)-Y where X, Y are N, S, or O) that may be acid/base labile, releasing an aldehyde.
. . . . . . . . . . . . . . . . . . . . . . .
Variation: 2
                                            38   Conj_Acid 12.44
                                            40   Conj_Acid 12.23
                                            32   Conj_Acid  6.09
                                            33   Conj_Acid  3.53
                                             3   Conj_Base  3.18
                                             7   Conj_Base  2.87
                                            24   Conj_Base  2.63
                                            28   Conj_Base  3.83
                                            30   Conj_Base -0.67
                                            43   Conj_Acid 13.02
                                            44   Conj_Acid 13.02
                                            18   Conj_Base -1.96
                                            20   Conj_Base -2.12
 pKa penalty:                                 1.27 kcal/mol
     Charging penalty:                        0.13 kcal/mol
     Neutralization penalty:                  1.14 kcal/mol
 Overall Penalty (tautomerization included):  1.58 kcal/mol
 Total Charge: -2
 Chemistry Notes:   This compound contains an acetal/aminal-like group ( X-CH(R)-Y where X, Y are N, S, or O) that may be acid/base labile, releasing an aldehyde.
. . . . . . . . . . . . . . . . . . . . . . .
Variation: 3
                                            38   Conj_Acid 12.62
                                            40   Conj_Acid 12.23
                                            32   Conj_Acid  5.58
                                            33   Conj_Acid  3.33
                                             3   Conj_Base  2.77
                                            11   Conj_Base  3.07
                                            24   Conj_Base  2.63
                                            28   Conj_Base  3.83
                                            30   Conj_Base -0.67
                                            43   Conj_Acid 13.02
                                            44   Conj_Acid 13.02
                                            18   Conj_Base -1.83
                                            20   Conj_Base -2.12
 pKa penalty:                                 1.47 kcal/mol
     Charging penalty:                        0.10 kcal/mol
     Neutralization penalty:                  1.37 kcal/mol
 Overall Penalty (tautomerization included):  1.74 kcal/mol
 Total Charge: -2
 Chemistry Notes:   This compound contains an acetal/aminal-like group ( X-CH(R)-Y where X, Y are N, S, or O) that may be acid/base labile, releasing an aldehyde.
. . . . . . . . . . . . . . . . . . . . . . .
Variation: 4
                                            37   Conj_Acid 12.62
                                            39   Conj_Acid 12.23
                                            32   Conj_Acid  6.16
                                             3   Conj_Base  3.23
                                             7   Conj_Base  3.33
                                            11   Conj_Base  3.53
                                            24   Conj_Base  0.37
                                            45   Conj_Acid  3.83
                                            42   Conj_Acid  5.96
                                            43   Conj_Acid  5.96
                                            18   Conj_Base -1.83
                                            20   Conj_Base -2.12
 pKa penalty:                                 0.94 kcal/mol
     Charging penalty:                        0.92 kcal/mol
     Neutralization penalty:                  0.01 kcal/mol
 Overall Penalty (tautomerization included):  1.78 kcal/mol
 Total Charge: -2
 Chemistry Notes:   This compound contains an acetal/aminal-like group ( X-CH(R)-Y where X, Y are N, S, or O) that may be acid/base labile, releasing an aldehyde.
. . . . . . . . . . . . . . . . . . . . . . .
Variation: 5
                                            38   Conj_Acid 12.62
                                            40   Conj_Acid 12.23
                                            32   Conj_Acid  3.23
                                            33   Conj_Acid  3.23
                                             7   Conj_Base  3.10
                                            11   Conj_Base  3.51
                                            24   Conj_Base  2.63
                                            28   Conj_Base  3.83
                                            30   Conj_Base -0.67
                                            43   Conj_Acid 13.02
                                            44   Conj_Acid 13.02
                                            18   Conj_Base -1.83
                                            20   Conj_Base -2.12
 pKa penalty:                                 1.70 kcal/mol
     Charging penalty:                        0.23 kcal/mol
     Neutralization penalty:                  1.47 kcal/mol
 Overall Penalty (tautomerization included):  2.08 kcal/mol
 Total Charge: -2
 Chemistry Notes:   This compound contains an acetal/aminal-like group ( X-CH(R)-Y where X, Y are N, S, or O) that may be acid/base labile, releasing an aldehyde.
. . . . . . . . . . . . . . . . . . . . . . .
Variation: 6
                                            38   Conj_Acid 12.44
                                            40   Conj_Acid 12.23
                                            32   Conj_Acid  6.09
                                            33   Conj_Acid  3.53
                                             3   Conj_Base  3.18
                                             7   Conj_Base  2.87
                                            24   Conj_Base  0.37
                                            46   Conj_Acid  3.83
                                            43   Conj_Acid  5.96
                                            44   Conj_Acid  5.96
                                            18   Conj_Base -1.96
                                            20   Conj_Base -2.12
 pKa penalty:                                 1.49 kcal/mol
     Charging penalty:                        0.67 kcal/mol
     Neutralization penalty:                  0.82 kcal/mol
 Overall Penalty (tautomerization included):  2.32 kcal/mol
 Total Charge: -1
 Chemistry Notes:   This compound contains an acetal/aminal-like group ( X-CH(R)-Y where X, Y are N, S, or O) that may be acid/base labile, releasing an aldehyde.
. . . . . . . . . . . . . . . . . . . . . . .
Variation: 7
                                            38   Conj_Acid 12.62
                                            40   Conj_Acid 12.23
                                            32   Conj_Acid  5.58
                                            33   Conj_Acid  3.33
                                             3   Conj_Base  2.77
                                            11   Conj_Base  3.07
                                            24   Conj_Base  0.37
                                            46   Conj_Acid  3.83
                                            43   Conj_Acid  5.96
                                            44   Conj_Acid  5.96
                                            18   Conj_Base -1.83
                                            20   Conj_Base -2.12
 pKa penalty:                                 1.69 kcal/mol
     Charging penalty:                        0.64 kcal/mol
     Neutralization penalty:                  1.05 kcal/mol
 Overall Penalty (tautomerization included):  2.51 kcal/mol
 Total Charge: -1
 Chemistry Notes:   This compound contains an acetal/aminal-like group ( X-CH(R)-Y where X, Y are N, S, or O) that may be acid/base labile, releasing an aldehyde.
. . . . . . . . . . . . . . . . . . . . . . .
Variation: 8
                                            37   Conj_Acid 12.43
                                            39   Conj_Acid 11.87
                                            32   Conj_Acid  6.16
                                             3   Conj_Base  3.23
                                             7   Conj_Base  3.33
                                            11   Conj_Base  3.53
                                            45   Conj_Acid  2.63
                                            28   Conj_Base  2.14
                                            42   Conj_Acid 12.39
                                            43   Conj_Acid 12.39
                                            18   Conj_Base -1.97
                                            20   Conj_Base -2.40
 pKa penalty:                                 2.29 kcal/mol
     Charging penalty:                        2.28 kcal/mol
     Neutralization penalty:                  0.01 kcal/mol
 Overall Penalty (tautomerization included):  2.70 kcal/mol
 Total Charge: -2
 Chemistry Notes:   This compound contains an acetal/aminal-like group ( X-CH(R)-Y where X, Y are N, S, or O) that may be acid/base labile, releasing an aldehyde.
. . . . . . . . . . . . . . . . . . . . . . .
Variation: 9
                                            38   Conj_Acid 12.62
                                            40   Conj_Acid 12.23
                                            32   Conj_Acid  3.23
                                            33   Conj_Acid  3.23
                                             7   Conj_Base  3.10
                                            11   Conj_Base  3.51
                                            24   Conj_Base  0.37
                                            46   Conj_Acid  3.83
                                            43   Conj_Acid  5.96
                                            44   Conj_Acid  5.96
                                            18   Conj_Base -1.83
                                            20   Conj_Base -2.12
 pKa penalty:                                 1.92 kcal/mol
     Charging penalty:                        0.78 kcal/mol
     Neutralization penalty:                  1.15 kcal/mol
 Overall Penalty (tautomerization included):  2.86 kcal/mol
 Total Charge: -1
 Chemistry Notes:   This compound contains an acetal/aminal-like group ( X-CH(R)-Y where X, Y are N, S, or O) that may be acid/base labile, releasing an aldehyde.
. . . . . . . . . . . . . . . . . . . . . . .
Variation: 10
                                            39   Conj_Acid 12.44
                                            41   Conj_Acid 12.23
                                            32   Conj_Acid  3.18
                                            33   Conj_Acid  3.18
                                            34   Conj_Acid  3.51
                                             7   Conj_Base  2.63
                                            24   Conj_Base  2.63
                                            28   Conj_Base  3.83
                                            30   Conj_Base -0.67
                                            44   Conj_Acid 13.02
                                            45   Conj_Acid 13.02
                                            18   Conj_Base -1.96
                                            20   Conj_Base -2.12
 pKa penalty:                                 2.40 kcal/mol
     Charging penalty:                        0.02 kcal/mol
     Neutralization penalty:                  2.37 kcal/mol
 Overall Penalty (tautomerization included):  2.91 kcal/mol
 Total Charge: -1
 Chemistry Notes:   This compound contains an acetal/aminal-like group ( X-CH(R)-Y where X, Y are N, S, or O) that may be acid/base labile, releasing an aldehyde.
. . . . . . . . . . . . . . . . . . . . . . .
Variation: 11
                                            39   Conj_Acid 12.44
                                            41   Conj_Acid 12.23
                                            32   Conj_Acid  5.51
                                            33   Conj_Acid  2.87
                                            34   Conj_Acid  3.07
                                             3   Conj_Base  2.72
                                            24   Conj_Base  2.63
                                            28   Conj_Base  3.83
                                            30   Conj_Base -0.67
                                            44   Conj_Acid 13.02
                                            45   Conj_Acid 13.02
                                            18   Conj_Base -1.96
                                            20   Conj_Base -2.12
 pKa penalty:                                 3.29 kcal/mol
     Charging penalty:                        0.03 kcal/mol
     Neutralization penalty:                  3.26 kcal/mol
 Overall Penalty (tautomerization included):  3.18 kcal/mol
 Total Charge: -1
 Chemistry Notes:   This compound contains an acetal/aminal-like group ( X-CH(R)-Y where X, Y are N, S, or O) that may be acid/base labile, releasing an aldehyde.
. . . . . . . . . . . . . . . . . . . . . . .
Variation: 12
                                            39   Conj_Acid 12.44
                                            41   Conj_Acid 12.23
                                            32   Conj_Acid  3.18
                                            33   Conj_Acid  3.18
                                            34   Conj_Acid  3.51
                                             7   Conj_Base  2.63
                                            24   Conj_Base  0.37
                                            47   Conj_Acid  3.83
                                            44   Conj_Acid  5.96
                                            45   Conj_Acid  5.96
                                            18   Conj_Base -1.96
                                            20   Conj_Base -2.12
 pKa penalty:                                 2.62 kcal/mol
     Charging penalty:                        0.57 kcal/mol
     Neutralization penalty:                  2.05 kcal/mol
 Overall Penalty (tautomerization included):  3.42 kcal/mol
 Total Charge: 0
 Chemistry Notes:   This compound contains an acetal/aminal-like group ( X-CH(R)-Y where X, Y are N, S, or O) that may be acid/base labile, releasing an aldehyde.
. . . . . . . . . . . . . . . . . . . . . . .
Variation: 13
                                            38   Conj_Acid 12.25
                                            40   Conj_Acid 11.87
                                            32   Conj_Acid  6.09
                                            33   Conj_Acid  3.53
                                             3   Conj_Base  3.18
                                             7   Conj_Base  2.87
                                            46   Conj_Acid  2.63
                                            28   Conj_Base  2.14
                                            43   Conj_Acid 12.39
                                            44   Conj_Acid 12.39
                                            18   Conj_Base -2.11
                                            20   Conj_Base -2.40
 pKa penalty:                                 2.85 kcal/mol
     Charging penalty:                        2.02 kcal/mol
     Neutralization penalty:                  0.83 kcal/mol
 Overall Penalty (tautomerization included):  3.51 kcal/mol
 Total Charge: -1
 Chemistry Notes:   This compound contains an acetal/aminal-like group ( X-CH(R)-Y where X, Y are N, S, or O) that may be acid/base labile, releasing an aldehyde.
. . . . . . . . . . . . . . . . . . . . . . .
Variation: 14
                                            39   Conj_Acid 12.62
                                            41   Conj_Acid 12.23
                                            32   Conj_Acid  2.77
                                            33   Conj_Acid  2.77
                                            34   Conj_Acid  3.10
                                            11   Conj_Base  3.04
                                            24   Conj_Base  2.63
                                            28   Conj_Base  3.83
                                            30   Conj_Base -0.67
                                            44   Conj_Acid 13.02
                                            45   Conj_Acid 13.02
                                            18   Conj_Base -1.83
                                            20   Conj_Base -2.12
 pKa penalty:                                 3.40 kcal/mol
     Charging penalty:                        0.06 kcal/mol
     Neutralization penalty:                  3.34 kcal/mol
 Overall Penalty (tautomerization included):  3.57 kcal/mol
 Total Charge: -1
 Chemistry Notes:   This compound contains an acetal/aminal-like group ( X-CH(R)-Y where X, Y are N, S, or O) that may be acid/base labile, releasing an aldehyde.
. . . . . . . . . . . . . . . . . . . . . . .
Variation: 15
                                            39   Conj_Acid 12.44
                                            41   Conj_Acid 12.23
                                            32   Conj_Acid  5.51
                                            33   Conj_Acid  2.87
                                            34   Conj_Acid  3.07
                                             3   Conj_Base  2.72
                                            24   Conj_Base  0.37
                                            47   Conj_Acid  3.83
                                            44   Conj_Acid  5.96
                                            45   Conj_Acid  5.96
                                            18   Conj_Base -1.96
                                            20   Conj_Base -2.12
 pKa penalty:                                 3.51 kcal/mol
     Charging penalty:                        0.57 kcal/mol
     Neutralization penalty:                  2.94 kcal/mol
 Overall Penalty (tautomerization included):  3.65 kcal/mol
 Total Charge: 0
 Chemistry Notes:   This compound contains an acetal/aminal-like group ( X-CH(R)-Y where X, Y are N, S, or O) that may be acid/base labile, releasing an aldehyde.
. . . . . . . . . . . . . . . . . . . . . . .
Variation: 16
                                            38   Conj_Acid 12.43
                                            40   Conj_Acid 11.87
                                            32   Conj_Acid  5.58
                                            33   Conj_Acid  3.33
                                             3   Conj_Base  2.77
                                            11   Conj_Base  3.07
                                            46   Conj_Acid  2.63
                                            28   Conj_Base  2.14
                                            43   Conj_Acid 12.39
                                            44   Conj_Acid 12.39
                                            18   Conj_Base -1.97
                                            20   Conj_Base -2.40
 pKa penalty:                                 3.04 kcal/mol
     Charging penalty:                        1.99 kcal/mol
     Neutralization penalty:                  1.05 kcal/mol
 Overall Penalty (tautomerization included):  3.72 kcal/mol
 Total Charge: -1
 Chemistry Notes:   This compound contains an acetal/aminal-like group ( X-CH(R)-Y where X, Y are N, S, or O) that may be acid/base labile, releasing an aldehyde.
. . . . . . . . . . . . . . . . . . . . . . .
Variation: 17
                                            37   Conj_Acid 12.62
                                            39   Conj_Acid 12.23
                                            32   Conj_Acid  4.26
                                             3   Conj_Base  5.58
                                             4   Conj_Base  5.58
                                            11   Conj_Base  3.19
                                            24   Conj_Base  2.63
                                            28   Conj_Base  3.83
                                            30   Conj_Base -0.67
                                            42   Conj_Acid 13.02
                                            43   Conj_Acid 13.02
                                            18   Conj_Base -1.83
                                            20   Conj_Base -2.12
 pKa penalty:                                 2.85 kcal/mol
     Charging penalty:                        2.26 kcal/mol
     Neutralization penalty:                  0.59 kcal/mol
 Overall Penalty (tautomerization included):  4.01 kcal/mol
 Total Charge: -3
 Chemistry Notes:   This compound contains an acetal/aminal-like group ( X-CH(R)-Y where X, Y are N, S, or O) that may be acid/base labile, releasing an aldehyde.
. . . . . . . . . . . . . . . . . . . . . . .
Variation: 18
                                            38   Conj_Acid 12.43
                                            40   Conj_Acid 11.87
                                            32   Conj_Acid  3.23
                                            33   Conj_Acid  3.23
                                             7   Conj_Base  3.10
                                            11   Conj_Base  3.50
                                            46   Conj_Acid  2.63
                                            28   Conj_Base  2.14
                                            43   Conj_Acid 12.39
                                            44   Conj_Acid 12.39
                                            18   Conj_Base -1.97
                                            20   Conj_Base -2.40
 pKa penalty:                                 3.27 kcal/mol
     Charging penalty:                        2.13 kcal/mol
     Neutralization penalty:                  1.15 kcal/mol
 Overall Penalty (tautomerization included):  4.03 kcal/mol
 Total Charge: -1
 Chemistry Notes:   This compound contains an acetal/aminal-like group ( X-CH(R)-Y where X, Y are N, S, or O) that may be acid/base labile, releasing an aldehyde.
. . . . . . . . . . . . . . . . . . . . . . .
Variation: 19
                                            39   Conj_Acid 12.62
                                            41   Conj_Acid 12.23
                                            32   Conj_Acid  2.77
                                            33   Conj_Acid  2.77
                                            34   Conj_Acid  3.10
                                            11   Conj_Base  3.04
                                            24   Conj_Base  0.37
                                            47   Conj_Acid  3.83
                                            44   Conj_Acid  5.96
                                            45   Conj_Acid  5.96
                                            18   Conj_Base -1.83
                                            20   Conj_Base -2.12
 pKa penalty:                                 3.62 kcal/mol
     Charging penalty:                        0.60 kcal/mol
     Neutralization penalty:                  3.02 kcal/mol
 Overall Penalty (tautomerization included):  4.08 kcal/mol
 Total Charge: 0
 Chemistry Notes:   This compound contains an acetal/aminal-like group ( X-CH(R)-Y where X, Y are N, S, or O) that may be acid/base labile, releasing an aldehyde.
. . . . . . . . . . . . . . . . . . . . . . .
Variation: 20
                                            36   Conj_Acid 12.62
                                            38   Conj_Acid 12.23
                                             3   Conj_Base  6.16
                                             4   Conj_Base  6.16
                                             7   Conj_Base  4.26
                                            11   Conj_Base  3.65
                                            24   Conj_Base  2.63
                                            28   Conj_Base  3.83
                                            30   Conj_Base -0.67
                                            41   Conj_Acid 13.02
                                            42   Conj_Acid 13.02
                                            18   Conj_Base -1.83
                                            20   Conj_Base -2.12
 pKa penalty:                                 4.12 kcal/mol
     Charging penalty:                        3.79 kcal/mol
     Neutralization penalty:                  0.33 kcal/mol
 Overall Penalty (tautomerization included):  4.09 kcal/mol
 Total Charge: -4
 Chemistry Notes:   This compound contains an acetal/aminal-like group ( X-CH(R)-Y where X, Y are N, S, or O) that may be acid/base labile, releasing an aldehyde.
. . . . . . . . . . . . . . . . . . . . . . .
Variation: 21
                                            37   Conj_Acid 12.62
                                            39   Conj_Acid 12.23
                                            32   Conj_Acid  4.26
                                             3   Conj_Base  5.58
                                             4   Conj_Base  5.58
                                            11   Conj_Base  3.19
                                            24   Conj_Base  0.37
                                            45   Conj_Acid  3.83
                                            42   Conj_Acid  5.96
                                            43   Conj_Acid  5.96
                                            18   Conj_Base -1.83
                                            20   Conj_Base -2.12
 pKa penalty:                                 3.07 kcal/mol
     Charging penalty:                        2.80 kcal/mol
     Neutralization penalty:                  0.26 kcal/mol
 Overall Penalty (tautomerization included):  4.46 kcal/mol
 Total Charge: -2
 Chemistry Notes:   This compound contains an acetal/aminal-like group ( X-CH(R)-Y where X, Y are N, S, or O) that may be acid/base labile, releasing an aldehyde.
. . . . . . . . . . . . . . . . . . . . . . .
Variation: 22
                                            36   Conj_Acid 12.62
                                            38   Conj_Acid 12.23
                                             3   Conj_Base  6.16
                                             4   Conj_Base  6.16
                                             7   Conj_Base  4.26
                                            11   Conj_Base  3.65
                                            24   Conj_Base  0.37
                                            44   Conj_Acid  3.83
                                            41   Conj_Acid  5.96
                                            42   Conj_Acid  5.96
                                            18   Conj_Base -1.83
                                            20   Conj_Base -2.12
 pKa penalty:                                 4.33 kcal/mol
     Charging penalty:                        4.33 kcal/mol
     Neutralization penalty:                  0.01 kcal/mol
 Overall Penalty (tautomerization included):  4.71 kcal/mol
 Total Charge: -3
 Chemistry Notes:   This compound contains an acetal/aminal-like group ( X-CH(R)-Y where X, Y are N, S, or O) that may be acid/base labile, releasing an aldehyde.
. . . . . . . . . . . . . . . . . . . . . . .
Variation: 23
                                            39   Conj_Acid 12.25
                                            41   Conj_Acid 11.87
                                            32   Conj_Acid  3.18
                                            33   Conj_Acid  3.18
                                            34   Conj_Acid  3.50
                                             7   Conj_Base  2.63
                                            47   Conj_Acid  2.63
                                            28   Conj_Base  2.14
                                            44   Conj_Acid 12.39
                                            45   Conj_Acid 12.39
                                            18   Conj_Base -2.11
                                            20   Conj_Base -2.40
 pKa penalty:                                 3.98 kcal/mol
     Charging penalty:                        1.92 kcal/mol
     Neutralization penalty:                  2.06 kcal/mol
 Overall Penalty (tautomerization included):  4.79 kcal/mol
 Total Charge: 0
 Chemistry Notes:   This compound contains an acetal/aminal-like group ( X-CH(R)-Y where X, Y are N, S, or O) that may be acid/base labile, releasing an aldehyde.
. . . . . . . . . . . . . . . . . . . . . . .
Variation: 24
                                            37   Conj_Acid 12.44
                                            39   Conj_Acid 12.23
                                            32   Conj_Acid  3.65
                                             3   Conj_Base  6.09
                                             4   Conj_Base  6.09
                                             7   Conj_Base  3.80
                                            24   Conj_Base  2.63
                                            28   Conj_Base  3.83
                                            30   Conj_Base -0.67
                                            42   Conj_Acid 13.02
                                            43   Conj_Acid 13.02
                                            18   Conj_Base -1.96
                                            20   Conj_Base -2.12
 pKa penalty:                                 4.17 kcal/mol
     Charging penalty:                        3.15 kcal/mol
     Neutralization penalty:                  1.03 kcal/mol
 Overall Penalty (tautomerization included):  4.80 kcal/mol
 Total Charge: -3
 Chemistry Notes:   This compound contains an acetal/aminal-like group ( X-CH(R)-Y where X, Y are N, S, or O) that may be acid/base labile, releasing an aldehyde.
. . . . . . . . . . . . . . . . . . . . . . .
Variation: 25
                                            37   Conj_Acid 12.43
                                            39   Conj_Acid 11.87
                                            32   Conj_Acid  6.16
                                             3   Conj_Base  3.23
                                             7   Conj_Base  3.33
                                            11   Conj_Base  3.53
                                            45   Conj_Acid  4.07
                                            44   Conj_Acid  5.45
                                            27   Conj_Base  4.16
                                            18   Conj_Base -1.97
                                            20   Conj_Base -2.40
 pKa penalty:                                 1.30 kcal/mol
     Charging penalty:                        0.93 kcal/mol
     Neutralization penalty:                  0.37 kcal/mol
 Overall Penalty (tautomerization included):  4.90 kcal/mol
 Total Charge: -2
 Chemistry Notes:   This compound contains an acetal/aminal-like group ( X-CH(R)-Y where X, Y are N, S, or O) that may be acid/base labile, releasing an aldehyde.
. . . . . . . . . . . . . . . . . . . . . . .
Variation: 26
                                            37   Conj_Acid 12.43
                                            39   Conj_Acid 11.87
                                            32   Conj_Acid  6.16
                                             3   Conj_Base  3.23
                                             7   Conj_Base  3.33
                                            11   Conj_Base  3.53
                                            45   Conj_Acid  4.07
                                            44   Conj_Acid  5.45
                                            27   Conj_Base  4.16
                                            18   Conj_Base -1.97
                                            20   Conj_Base -2.40
 pKa penalty:                                 1.30 kcal/mol
     Charging penalty:                        0.93 kcal/mol
     Neutralization penalty:                  0.37 kcal/mol
 Overall Penalty (tautomerization included):  4.90 kcal/mol
 Total Charge: -2
 Chemistry Notes:   This compound contains an acetal/aminal-like group ( X-CH(R)-Y where X, Y are N, S, or O) that may be acid/base labile, releasing an aldehyde.
. . . . . . . . . . . . . . . . . . . . . . .
Variation: 27
                                            40   Conj_Acid 12.44
                                            42   Conj_Acid 12.23
                                            32   Conj_Acid  2.72
                                            33   Conj_Acid  2.72
                                            34   Conj_Acid  2.63
                                            35   Conj_Acid  3.04
                                            24   Conj_Base  2.63
                                            28   Conj_Base  3.83
                                            30   Conj_Base -0.67
                                            45   Conj_Acid 13.02
                                            46   Conj_Acid 13.02
                                            18   Conj_Base -1.96
                                            20   Conj_Base -2.12
 pKa penalty:                                 5.36 kcal/mol
     Charging penalty:                        0.00 kcal/mol
     Neutralization penalty:                  5.36 kcal/mol
 Overall Penalty (tautomerization included):  5.02 kcal/mol
 Total Charge: 0
 Chemistry Notes:   This compound contains an acetal/aminal-like group ( X-CH(R)-Y where X, Y are N, S, or O) that may be acid/base labile, releasing an aldehyde.
. . . . . . . . . . . . . . . . . . . . . . .
Variation: 28
                                            37   Conj_Acid 12.62
                                            39   Conj_Acid 12.23
                                            32   Conj_Acid  6.16
                                             3   Conj_Base  3.23
                                             7   Conj_Base  3.33
                                            11   Conj_Base  3.53
                                            24   Conj_Base  4.07
                                            44   Conj_Acid  6.02
                                            27   Conj_Base  5.96
                                            18   Conj_Base -1.83
                                            20   Conj_Base -2.12
 pKa penalty:                                 3.53 kcal/mol
     Charging penalty:                        3.52 kcal/mol
     Neutralization penalty:                  0.00 kcal/mol
 Overall Penalty (tautomerization included):  5.11 kcal/mol
 Total Charge: -3
 Chemistry Notes:   This compound contains an acetal/aminal-like group ( X-CH(R)-Y where X, Y are N, S, or O) that may be acid/base labile, releasing an aldehyde.
. . . . . . . . . . . . . . . . . . . . . . .
Variation: 29
                                            37   Conj_Acid 12.62
                                            39   Conj_Acid 12.23
                                            32   Conj_Acid  6.16
                                             3   Conj_Base  3.23
                                             7   Conj_Base  3.33
                                            11   Conj_Base  3.53
                                            24   Conj_Base  4.07
                                            44   Conj_Acid  6.02
                                            27   Conj_Base  5.96
                                            18   Conj_Base -1.83
                                            20   Conj_Base -2.12
 pKa penalty:                                 3.53 kcal/mol
     Charging penalty:                        3.52 kcal/mol
     Neutralization penalty:                  0.00 kcal/mol
 Overall Penalty (tautomerization included):  5.11 kcal/mol
 Total Charge: -3
 Chemistry Notes:   This compound contains an acetal/aminal-like group ( X-CH(R)-Y where X, Y are N, S, or O) that may be acid/base labile, releasing an aldehyde.
. . . . . . . . . . . . . . . . . . . . . . .
Variation: 30
                                            39   Conj_Acid 12.25
                                            41   Conj_Acid 11.87
                                            32   Conj_Acid  5.51
                                            33   Conj_Acid  2.87
                                            34   Conj_Acid  3.07
                                             3   Conj_Base  2.72
                                            47   Conj_Acid  2.63
                                            28   Conj_Base  2.14
                                            44   Conj_Acid 12.39
                                            45   Conj_Acid 12.39
                                            18   Conj_Base -2.11
                                            20   Conj_Base -2.40
 pKa penalty:                                 4.87 kcal/mol
     Charging penalty:                        1.92 kcal/mol
     Neutralization penalty:                  2.95 kcal/mol
 Overall Penalty (tautomerization included):  5.13 kcal/mol
 Total Charge: 0
 Chemistry Notes:   This compound contains an acetal/aminal-like group ( X-CH(R)-Y where X, Y are N, S, or O) that may be acid/base labile, releasing an aldehyde.
. . . . . . . . . . . . . . . . . . . . . . .
Variation: 31
                                            37   Conj_Acid 12.44
                                            39   Conj_Acid 12.23
                                            32   Conj_Acid  3.65
                                             3   Conj_Base  6.09
                                             4   Conj_Base  6.09
                                             7   Conj_Base  3.80
                                            24   Conj_Base  0.37
                                            45   Conj_Acid  3.83
                                            42   Conj_Acid  5.96
                                            43   Conj_Acid  5.96
                                            18   Conj_Base -1.96
                                            20   Conj_Base -2.12
 pKa penalty:                                 4.39 kcal/mol
     Charging penalty:                        3.69 kcal/mol
     Neutralization penalty:                  0.70 kcal/mol
 Overall Penalty (tautomerization included):  5.25 kcal/mol
 Total Charge: -2
 Chemistry Notes:   This compound contains an acetal/aminal-like group ( X-CH(R)-Y where X, Y are N, S, or O) that may be acid/base labile, releasing an aldehyde.
. . . . . . . . . . . . . . . . . . . . . . .
Variation: 32
                                            38   Conj_Acid 12.44
                                            40   Conj_Acid 12.23
                                            32   Conj_Acid  3.80
                                            33   Conj_Acid  3.19
                                             3   Conj_Base  5.51
                                             4   Conj_Base  5.51
                                            24   Conj_Base  2.63
                                            28   Conj_Base  3.83
                                            30   Conj_Base -0.67
                                            43   Conj_Acid 13.02
                                            44   Conj_Acid 13.02
                                            18   Conj_Base -1.96
                                            20   Conj_Base -2.12
 pKa penalty:                                 4.16 kcal/mol
     Charging penalty:                        2.08 kcal/mol
     Neutralization penalty:                  2.08 kcal/mol
 Overall Penalty (tautomerization included):  5.26 kcal/mol
 Total Charge: -2
 Chemistry Notes:   This compound contains an acetal/aminal-like group ( X-CH(R)-Y where X, Y are N, S, or O) that may be acid/base labile, releasing an aldehyde.
. . . . . . . . . . . . . . . . . . . . . . .
Variation: 33
                                            40   Conj_Acid 12.44
                                            42   Conj_Acid 12.23
                                            32   Conj_Acid  2.72
                                            33   Conj_Acid  2.72
                                            34   Conj_Acid  2.63
                                            35   Conj_Acid  3.04
                                            24   Conj_Base  0.37
                                            48   Conj_Acid  3.83
                                            45   Conj_Acid  5.96
                                            46   Conj_Acid  5.96
                                            18   Conj_Base -1.96
                                            20   Conj_Base -2.12
 pKa penalty:                                 5.58 kcal/mol
     Charging penalty:                        0.54 kcal/mol
     Neutralization penalty:                  5.04 kcal/mol
 Overall Penalty (tautomerization included):  5.42 kcal/mol
 Total Charge: 1
 Chemistry Notes:   This compound contains an acetal/aminal-like group ( X-CH(R)-Y where X, Y are N, S, or O) that may be acid/base labile, releasing an aldehyde.
. . . . . . . . . . . . . . . . . . . . . . .
Variation: 34
                                            39   Conj_Acid 12.43
                                            41   Conj_Acid 11.87
                                            32   Conj_Acid  2.77
                                            33   Conj_Acid  2.77
                                            34   Conj_Acid  3.10
                                            11   Conj_Base  3.04
                                            47   Conj_Acid  2.63
                                            28   Conj_Base  2.14
                                            44   Conj_Acid 12.39
                                            45   Conj_Acid 12.39
                                            18   Conj_Base -1.97
                                            20   Conj_Base -2.40
 pKa penalty:                                 4.98 kcal/mol
     Charging penalty:                        1.96 kcal/mol
     Neutralization penalty:                  3.02 kcal/mol
 Overall Penalty (tautomerization included):  5.47 kcal/mol
 Total Charge: 0
 Chemistry Notes:   This compound contains an acetal/aminal-like group ( X-CH(R)-Y where X, Y are N, S, or O) that may be acid/base labile, releasing an aldehyde.
. . . . . . . . . . . . . . . . . . . . . . .
Variation: 35
                                            38   Conj_Acid 12.25
                                            40   Conj_Acid 11.87
                                            32   Conj_Acid  6.09
                                            33   Conj_Acid  3.53
                                             3   Conj_Base  3.18
                                             7   Conj_Base  2.87
                                            46   Conj_Acid  4.07
                                            45   Conj_Acid  5.45
                                            27   Conj_Base  4.16
                                            18   Conj_Base -2.11
                                            20   Conj_Base -2.40
 pKa penalty:                                 1.86 kcal/mol
     Charging penalty:                        0.67 kcal/mol
     Neutralization penalty:                  1.19 kcal/mol
 Overall Penalty (tautomerization included):  5.54 kcal/mol
 Total Charge: -1
 Chemistry Notes:   This compound contains an acetal/aminal-like group ( X-CH(R)-Y where X, Y are N, S, or O) that may be acid/base labile, releasing an aldehyde.
. . . . . . . . . . . . . . . . . . . . . . .
Variation: 36
                                            38   Conj_Acid 12.25
                                            40   Conj_Acid 11.87
                                            32   Conj_Acid  6.09
                                            33   Conj_Acid  3.53
                                             3   Conj_Base  3.18
                                             7   Conj_Base  2.87
                                            46   Conj_Acid  4.07
                                            45   Conj_Acid  5.45
                                            27   Conj_Base  4.16
                                            18   Conj_Base -2.11
                                            20   Conj_Base -2.40
 pKa penalty:                                 1.86 kcal/mol
     Charging penalty:                        0.67 kcal/mol
     Neutralization penalty:                  1.19 kcal/mol
 Overall Penalty (tautomerization included):  5.54 kcal/mol
 Total Charge: -1
 Chemistry Notes:   This compound contains an acetal/aminal-like group ( X-CH(R)-Y where X, Y are N, S, or O) that may be acid/base labile, releasing an aldehyde.
. . . . . . . . . . . . . . . . . . . . . . .
Variation: 37
                                            38   Conj_Acid 12.44
                                            40   Conj_Acid 12.23
                                            32   Conj_Acid  6.09
                                            33   Conj_Acid  3.53
                                             3   Conj_Base  3.18
                                             7   Conj_Base  2.87
                                            24   Conj_Base  4.07
                                            45   Conj_Acid  6.02
                                            27   Conj_Base  5.96
                                            18   Conj_Base -1.96
                                            20   Conj_Base -2.12
 pKa penalty:                                 4.08 kcal/mol
     Charging penalty:                        3.27 kcal/mol
     Neutralization penalty:                  0.81 kcal/mol
 Overall Penalty (tautomerization included):  5.61 kcal/mol
 Total Charge: -2
 Chemistry Notes:   This compound contains an acetal/aminal-like group ( X-CH(R)-Y where X, Y are N, S, or O) that may be acid/base labile, releasing an aldehyde.
. . . . . . . . . . . . . . . . . . . . . . .
Variation: 38
                                            38   Conj_Acid 12.44
                                            40   Conj_Acid 12.23
                                            32   Conj_Acid  6.09
                                            33   Conj_Acid  3.53
                                             3   Conj_Base  3.18
                                             7   Conj_Base  2.87
                                            24   Conj_Base  4.07
                                            45   Conj_Acid  6.02
                                            27   Conj_Base  5.96
                                            18   Conj_Base -1.96
                                            20   Conj_Base -2.12
 pKa penalty:                                 4.08 kcal/mol
     Charging penalty:                        3.27 kcal/mol
     Neutralization penalty:                  0.81 kcal/mol
 Overall Penalty (tautomerization included):  5.61 kcal/mol
 Total Charge: -2
 Chemistry Notes:   This compound contains an acetal/aminal-like group ( X-CH(R)-Y where X, Y are N, S, or O) that may be acid/base labile, releasing an aldehyde.
. . . . . . . . . . . . . . . . . . . . . . .
Variation: 39
                                            38   Conj_Acid 12.44
                                            40   Conj_Acid 12.23
                                            32   Conj_Acid  3.80
                                            33   Conj_Acid  3.19
                                             3   Conj_Base  5.51
                                             4   Conj_Base  5.51
                                            24   Conj_Base  0.37
                                            46   Conj_Acid  3.83
                                            43   Conj_Acid  5.96
                                            44   Conj_Acid  5.96
                                            18   Conj_Base -1.96
                                            20   Conj_Base -2.12
 pKa penalty:                                 4.38 kcal/mol
     Charging penalty:                        2.62 kcal/mol
     Neutralization penalty:                  1.76 kcal/mol
 Overall Penalty (tautomerization included):  5.64 kcal/mol
 Total Charge: -1
 Chemistry Notes:   This compound contains an acetal/aminal-like group ( X-CH(R)-Y where X, Y are N, S, or O) that may be acid/base labile, releasing an aldehyde.
. . . . . . . . . . . . . . . . . . . . . . .
Variation: 40
                                            38   Conj_Acid 12.43
                                            40   Conj_Acid 11.87
                                            32   Conj_Acid  5.58
                                            33   Conj_Acid  3.33
                                             3   Conj_Base  2.77
                                            11   Conj_Base  3.07
                                            46   Conj_Acid  4.07
                                            45   Conj_Acid  5.45
                                            27   Conj_Base  4.16
                                            18   Conj_Base -1.97
                                            20   Conj_Base -2.40
 pKa penalty:                                 2.05 kcal/mol
     Charging penalty:                        0.65 kcal/mol
     Neutralization penalty:                  1.41 kcal/mol
 Overall Penalty (tautomerization included):  5.82 kcal/mol
 Total Charge: -1
 Chemistry Notes:   This compound contains an acetal/aminal-like group ( X-CH(R)-Y where X, Y are N, S, or O) that may be acid/base labile, releasing an aldehyde.
. . . . . . . . . . . . . . . . . . . . . . .
Variation: 41
                                            38   Conj_Acid 12.43
                                            40   Conj_Acid 11.87
                                            32   Conj_Acid  5.58
                                            33   Conj_Acid  3.33
                                             3   Conj_Base  2.77
                                            11   Conj_Base  3.07
                                            46   Conj_Acid  4.07
                                            45   Conj_Acid  5.45
                                            27   Conj_Base  4.16
                                            18   Conj_Base -1.97
                                            20   Conj_Base -2.40
 pKa penalty:                                 2.05 kcal/mol
     Charging penalty:                        0.65 kcal/mol
     Neutralization penalty:                  1.41 kcal/mol
 Overall Penalty (tautomerization included):  5.82 kcal/mol
 Total Charge: -1
 Chemistry Notes:   This compound contains an acetal/aminal-like group ( X-CH(R)-Y where X, Y are N, S, or O) that may be acid/base labile, releasing an aldehyde.
. . . . . . . . . . . . . . . . . . . . . . .
Variation: 42
                                            38   Conj_Acid 12.62
                                            40   Conj_Acid 12.23
                                            32   Conj_Acid  5.58
                                            33   Conj_Acid  3.33
                                             3   Conj_Base  2.77
                                            11   Conj_Base  3.07
                                            24   Conj_Base  4.07
                                            45   Conj_Acid  6.02
                                            27   Conj_Base  5.96
                                            18   Conj_Base -1.83
                                            20   Conj_Base -2.12
 pKa penalty:                                 4.28 kcal/mol
     Charging penalty:                        3.24 kcal/mol
     Neutralization penalty:                  1.04 kcal/mol
 Overall Penalty (tautomerization included):  5.87 kcal/mol
 Total Charge: -2
 Chemistry Notes:   This compound contains an acetal/aminal-like group ( X-CH(R)-Y where X, Y are N, S, or O) that may be acid/base labile, releasing an aldehyde.
. . . . . . . . . . . . . . . . . . . . . . .
Variation: 43
                                            38   Conj_Acid 12.62
                                            40   Conj_Acid 12.23
                                            32   Conj_Acid  5.58
                                            33   Conj_Acid  3.33
                                             3   Conj_Base  2.77
                                            11   Conj_Base  3.07
                                            24   Conj_Base  4.07
                                            45   Conj_Acid  6.02
                                            27   Conj_Base  5.96
                                            18   Conj_Base -1.83
                                            20   Conj_Base -2.12
 pKa penalty:                                 4.28 kcal/mol
     Charging penalty:                        3.24 kcal/mol
     Neutralization penalty:                  1.04 kcal/mol
 Overall Penalty (tautomerization included):  5.87 kcal/mol
 Total Charge: -2
 Chemistry Notes:   This compound contains an acetal/aminal-like group ( X-CH(R)-Y where X, Y are N, S, or O) that may be acid/base labile, releasing an aldehyde.
---------------------------
