COMMAND:
 /cbio/jclab/share/schrodinger/schrodinger2016-4/epik-v3.8/bin/Linux-x86_64/epik_app -imae /scratch/8332595.hal-sched1.local/tmp6ojs_sy2/ADENOSINE-5'-DIPHOSPHATE_pH_4.0-before_epik.mae -omae /cbio/jclab/home/rustenburg/PFK/Epik-Ligands/Results/InProgress/ADENOSINE-5'-DIPHOSPHATE/pH_4.0/ADENOSINE-5'-DIPHOSPHATE_pH_4.0-epik.mae -ms 50 -ph 4.0 -nt -p 4.5399929762484854e-05 -pKa_atom
SCHRODINGER: /cbio/jclab/share/schrodinger/schrodinger2016-4

Running Epik version     3.8015
Epik. Copyright Schrodinger, LLC. All rights reserved.

Input file name:                        /scratch/8332595.hal-sched1.local/tmp6ojs_sy2/ADENOSINE-5'-DIPHOSPHATE_pH_4.0-before_epik.mae
Output file name:                       /cbio/jclab/home/rustenburg/PFK/Epik-Ligands/Results/InProgress/ADENOSINE-5'-DIPHOSPHATE/pH_4.0/ADENOSINE-5'-DIPHOSPHATE_pH_4.0-epik.mae
Maximum number of states set to: 50
Structure adjustment calculation requested.
  Target pH set to 4.000
Minimum probability set to 4.539993e-05
reporting for specific atoms turned on (pKa_atom)

Adjusting structures for pH 4.000000e+00 and minimum probability 4.539993e-05
Solvent model name:                     water
Jobcontrol is not being used for this specific Epik calculation.
---------------------------
Processing Input Structure #1
        Title: ADP
                                              Calculated pKas
                                                 Conjugate
                                          Atom   Acid/Base  pKa
. . . . . . . . . . . . . . . . . . . . . . .
Variation: 1
                                            33   Conj_Acid 12.62
                                            35   Conj_Acid 12.23
                                            28   Conj_Acid  6.27
                                             3   Conj_Base  3.33
                                             7   Conj_Base  3.33
                                            20   Conj_Base  2.63
                                            24   Conj_Base  3.83
                                            26   Conj_Base -0.67
                                            38   Conj_Acid 13.02
                                            39   Conj_Acid 13.02
                                            14   Conj_Base -1.83
                                            16   Conj_Base -2.12
 pKa penalty:                                 0.56 kcal/mol
     Charging penalty:                        0.23 kcal/mol
     Neutralization penalty:                  0.33 kcal/mol
 Overall Penalty (tautomerization included):  0.03 kcal/mol
 Total Charge: -2
 Chemistry Notes:   This compound contains an acetal/aminal-like group ( X-CH(R)-Y where X, Y are N, S, or O) that may be acid/base labile, releasing an aldehyde.
. . . . . . . . . . . . . . . . . . . . . . .
Variation: 2
                                            34   Conj_Acid 12.44
                                            36   Conj_Acid 12.23
                                            28   Conj_Acid  5.70
                                            29   Conj_Acid  3.33
                                             3   Conj_Base  2.86
                                            20   Conj_Base  2.63
                                            24   Conj_Base  3.83
                                            26   Conj_Base -0.67
                                            39   Conj_Acid 13.02
                                            40   Conj_Acid 13.02
                                            14   Conj_Base -1.96
                                            16   Conj_Base -2.12
 pKa penalty:                                 1.41 kcal/mol
     Charging penalty:                        0.04 kcal/mol
     Neutralization penalty:                  1.37 kcal/mol
 Overall Penalty (tautomerization included):  2.29 kcal/mol
 Total Charge: -1
 Chemistry Notes:   This compound contains an acetal/aminal-like group ( X-CH(R)-Y where X, Y are N, S, or O) that may be acid/base labile, releasing an aldehyde.
. . . . . . . . . . . . . . . . . . . . . . .
Variation: 3
                                            34   Conj_Acid 12.62
                                            36   Conj_Acid 12.23
                                            28   Conj_Acid  3.33
                                            29   Conj_Acid  3.33
                                             7   Conj_Base  3.10
                                            20   Conj_Base  2.63
                                            24   Conj_Base  3.83
                                            26   Conj_Base -0.67
                                            39   Conj_Acid 13.02
                                            40   Conj_Acid 13.02
                                            14   Conj_Base -1.83
                                            16   Conj_Base -2.12
 pKa penalty:                                 1.43 kcal/mol
     Charging penalty:                        0.07 kcal/mol
     Neutralization penalty:                  1.36 kcal/mol
 Overall Penalty (tautomerization included):  2.47 kcal/mol
 Total Charge: -1
 Chemistry Notes:   This compound contains an acetal/aminal-like group ( X-CH(R)-Y where X, Y are N, S, or O) that may be acid/base labile, releasing an aldehyde.
. . . . . . . . . . . . . . . . . . . . . . .
Variation: 4
                                            33   Conj_Acid 12.43
                                            35   Conj_Acid 11.87
                                            28   Conj_Acid  6.27
                                             3   Conj_Base  3.33
                                             7   Conj_Base  3.33
                                            41   Conj_Acid  2.63
                                            24   Conj_Base  2.14
                                            38   Conj_Acid 12.39
                                            39   Conj_Acid 12.39
                                            14   Conj_Base -1.97
                                            16   Conj_Base -2.40
 pKa penalty:                                 2.13 kcal/mol
     Charging penalty:                        2.12 kcal/mol
     Neutralization penalty:                  0.01 kcal/mol
 Overall Penalty (tautomerization included):  2.89 kcal/mol
 Total Charge: -1
 Chemistry Notes:   This compound contains an acetal/aminal-like group ( X-CH(R)-Y where X, Y are N, S, or O) that may be acid/base labile, releasing an aldehyde.
. . . . . . . . . . . . . . . . . . . . . . .
Variation: 5
                                            34   Conj_Acid 12.25
                                            36   Conj_Acid 11.87
                                            28   Conj_Acid  5.70
                                            29   Conj_Acid  3.33
                                             3   Conj_Base  2.86
                                            42   Conj_Acid  2.63
                                            24   Conj_Base  2.14
                                            39   Conj_Acid 12.39
                                            40   Conj_Acid 12.39
                                            14   Conj_Base -2.11
                                            16   Conj_Base -2.40
 pKa penalty:                                 2.99 kcal/mol
     Charging penalty:                        1.94 kcal/mol
     Neutralization penalty:                  1.05 kcal/mol
 Overall Penalty (tautomerization included):  3.65 kcal/mol
 Total Charge: 0
 Chemistry Notes:   This compound contains an acetal/aminal-like group ( X-CH(R)-Y where X, Y are N, S, or O) that may be acid/base labile, releasing an aldehyde.
. . . . . . . . . . . . . . . . . . . . . . .
Variation: 6
                                            33   Conj_Acid 12.62
                                            35   Conj_Acid 12.23
                                            28   Conj_Acid  6.27
                                             3   Conj_Base  3.33
                                             7   Conj_Base  3.33
                                            20   Conj_Base  0.37
                                            41   Conj_Acid  3.83
                                            38   Conj_Acid  5.96
                                            39   Conj_Acid  5.96
                                            14   Conj_Base -1.83
                                            16   Conj_Base -2.12
 pKa penalty:                                 0.78 kcal/mol
     Charging penalty:                        0.77 kcal/mol
     Neutralization penalty:                  0.01 kcal/mol
 Overall Penalty (tautomerization included):  3.67 kcal/mol
 Total Charge: -1
 Chemistry Notes:   This compound contains an acetal/aminal-like group ( X-CH(R)-Y where X, Y are N, S, or O) that may be acid/base labile, releasing an aldehyde.
. . . . . . . . . . . . . . . . . . . . . . .
Variation: 7
                                            32   Conj_Acid 12.62
                                            34   Conj_Acid 12.23
                                             3   Conj_Base  6.27
                                             4   Conj_Base  6.27
                                             7   Conj_Base  4.26
                                            20   Conj_Base  2.63
                                            24   Conj_Base  3.83
                                            26   Conj_Base -0.67
                                            37   Conj_Acid 13.02
                                            38   Conj_Acid 13.02
                                            14   Conj_Base -1.83
                                            16   Conj_Base -2.12
 pKa penalty:                                 4.05 kcal/mol
     Charging penalty:                        3.72 kcal/mol
     Neutralization penalty:                  0.33 kcal/mol
 Overall Penalty (tautomerization included):  3.69 kcal/mol
 Total Charge: -3
 Chemistry Notes:   This compound contains an acetal/aminal-like group ( X-CH(R)-Y where X, Y are N, S, or O) that may be acid/base labile, releasing an aldehyde.
. . . . . . . . . . . . . . . . . . . . . . .
Variation: 8
                                            34   Conj_Acid 12.43
                                            36   Conj_Acid 11.87
                                            28   Conj_Acid  3.33
                                            29   Conj_Acid  3.33
                                             7   Conj_Base  3.09
                                            42   Conj_Acid  2.63
                                            24   Conj_Base  2.14
                                            39   Conj_Acid 12.39
                                            40   Conj_Acid 12.39
                                            14   Conj_Base -1.97
                                            16   Conj_Base -2.40
 pKa penalty:                                 3.00 kcal/mol
     Charging penalty:                        1.96 kcal/mol
     Neutralization penalty:                  1.04 kcal/mol
 Overall Penalty (tautomerization included):  3.80 kcal/mol
 Total Charge: 0
 Chemistry Notes:   This compound contains an acetal/aminal-like group ( X-CH(R)-Y where X, Y are N, S, or O) that may be acid/base labile, releasing an aldehyde.
. . . . . . . . . . . . . . . . . . . . . . .
Variation: 9
                                            34   Conj_Acid 12.44
                                            36   Conj_Acid 12.23
                                            28   Conj_Acid  5.70
                                            29   Conj_Acid  3.33
                                             3   Conj_Base  2.86
                                            20   Conj_Base  0.37
                                            42   Conj_Acid  3.83
                                            39   Conj_Acid  5.96
                                            40   Conj_Acid  5.96
                                            14   Conj_Base -1.96
                                            16   Conj_Base -2.12
 pKa penalty:                                 1.63 kcal/mol
     Charging penalty:                        0.58 kcal/mol
     Neutralization penalty:                  1.04 kcal/mol
 Overall Penalty (tautomerization included):  4.21 kcal/mol
 Total Charge: 0
 Chemistry Notes:   This compound contains an acetal/aminal-like group ( X-CH(R)-Y where X, Y are N, S, or O) that may be acid/base labile, releasing an aldehyde.
. . . . . . . . . . . . . . . . . . . . . . .
Variation: 10
                                            35   Conj_Acid 12.44
                                            37   Conj_Acid 12.23
                                            28   Conj_Acid  2.86
                                            29   Conj_Acid  2.86
                                            30   Conj_Acid  3.10
                                            20   Conj_Base  2.63
                                            24   Conj_Base  3.83
                                            26   Conj_Base -0.67
                                            40   Conj_Acid 13.02
                                            41   Conj_Acid 13.02
                                            14   Conj_Base -1.96
                                            16   Conj_Base -2.12
 pKa penalty:                                 3.22 kcal/mol
     Charging penalty:                        0.00 kcal/mol
     Neutralization penalty:                  3.22 kcal/mol
 Overall Penalty (tautomerization included):  4.25 kcal/mol
 Total Charge: 0
 Chemistry Notes:   This compound contains an acetal/aminal-like group ( X-CH(R)-Y where X, Y are N, S, or O) that may be acid/base labile, releasing an aldehyde.
. . . . . . . . . . . . . . . . . . . . . . .
Variation: 11
                                            34   Conj_Acid 12.62
                                            36   Conj_Acid 12.23
                                            28   Conj_Acid  3.33
                                            29   Conj_Acid  3.33
                                             7   Conj_Base  3.10
                                            20   Conj_Base  0.37
                                            42   Conj_Acid  3.83
                                            39   Conj_Acid  5.96
                                            40   Conj_Acid  5.96
                                            14   Conj_Base -1.83
                                            16   Conj_Base -2.12
 pKa penalty:                                 1.65 kcal/mol
     Charging penalty:                        0.61 kcal/mol
     Neutralization penalty:                  1.04 kcal/mol
 Overall Penalty (tautomerization included):  4.38 kcal/mol
 Total Charge: 0
 Chemistry Notes:   This compound contains an acetal/aminal-like group ( X-CH(R)-Y where X, Y are N, S, or O) that may be acid/base labile, releasing an aldehyde.
. . . . . . . . . . . . . . . . . . . . . . .
Variation: 12
                                            33   Conj_Acid 12.44
                                            35   Conj_Acid 12.23
                                            28   Conj_Acid  4.26
                                             3   Conj_Base  5.70
                                             4   Conj_Base  5.70
                                            20   Conj_Base  2.63
                                            24   Conj_Base  3.83
                                            26   Conj_Base -0.67
                                            38   Conj_Acid 13.02
                                            39   Conj_Acid 13.02
                                            14   Conj_Base -1.96
                                            16   Conj_Base -2.12
 pKa penalty:                                 2.91 kcal/mol
     Charging penalty:                        2.33 kcal/mol
     Neutralization penalty:                  0.59 kcal/mol
 Overall Penalty (tautomerization included):  4.71 kcal/mol
 Total Charge: -2
 Chemistry Notes:   This compound contains an acetal/aminal-like group ( X-CH(R)-Y where X, Y are N, S, or O) that may be acid/base labile, releasing an aldehyde.
. . . . . . . . . . . . . . . . . . . . . . .
Variation: 13
                                            35   Conj_Acid 12.25
                                            37   Conj_Acid 11.87
                                            28   Conj_Acid  2.86
                                            29   Conj_Acid  2.86
                                            30   Conj_Acid  3.09
                                            43   Conj_Acid  2.63
                                            24   Conj_Base  2.14
                                            40   Conj_Acid 12.39
                                            41   Conj_Acid 12.39
                                            14   Conj_Base -2.11
                                            16   Conj_Base -2.40
 pKa penalty:                                 4.80 kcal/mol
     Charging penalty:                        1.89 kcal/mol
     Neutralization penalty:                  2.91 kcal/mol
 Overall Penalty (tautomerization included):  5.56 kcal/mol
 Total Charge: 1
 Chemistry Notes:   This compound contains an acetal/aminal-like group ( X-CH(R)-Y where X, Y are N, S, or O) that may be acid/base labile, releasing an aldehyde.
---------------------------
