COMMAND:
 /cbio/jclab/share/schrodinger/schrodinger2016-4/epik-v3.8/bin/Linux-x86_64/epik_app -imae /scratch/8333014.hal-sched1.local/tmp1n2l2jro/FRUCTOSE-6-PHOSPHATE_pH_4.0-before_epik.mae -omae /cbio/jclab/home/rustenburg/PFK/Epik-Ligands/Results/InProgress/FRUCTOSE-6-PHOSPHATE/pH_4.0/FRUCTOSE-6-PHOSPHATE_pH_4.0-epik.mae -ms 50 -ph 4.0 -nt -p 4.5399929762484854e-05 -pKa_atom
SCHRODINGER: /cbio/jclab/share/schrodinger/schrodinger2016-4

Running Epik version     3.8015
Epik. Copyright Schrodinger, LLC. All rights reserved.

Input file name:                        /scratch/8333014.hal-sched1.local/tmp1n2l2jro/FRUCTOSE-6-PHOSPHATE_pH_4.0-before_epik.mae
Output file name:                       /cbio/jclab/home/rustenburg/PFK/Epik-Ligands/Results/InProgress/FRUCTOSE-6-PHOSPHATE/pH_4.0/FRUCTOSE-6-PHOSPHATE_pH_4.0-epik.mae
Maximum number of states set to: 50
Structure adjustment calculation requested.
  Target pH set to 4.000
Minimum probability set to 4.539993e-05
reporting for specific atoms turned on (pKa_atom)

Adjusting structures for pH 4.000000e+00 and minimum probability 4.539993e-05
Solvent model name:                     water
Jobcontrol is not being used for this specific Epik calculation.
---------------------------
Processing Input Structure #1
        Title: F6P
                                              Calculated pKas
                                                 Conjugate
                                          Atom   Acid/Base  pKa
. . . . . . . . . . . . . . . . . . . . . . .
Variation: 1
                                            17   Conj_Acid 13.69
                                            22   Conj_Acid 12.53
                                            24   Conj_Acid 12.56
                                            20   Conj_Acid 11.67
                                            28   Conj_Acid  6.27
                                            15   Conj_Base  3.32
                                             1   Conj_Base -1.07
                                             6   Conj_Base -1.89
                                             8   Conj_Base -1.87
 pKa penalty:                                 0.12 kcal/mol
     Charging penalty:                        0.11 kcal/mol
     Neutralization penalty:                  0.00 kcal/mol
 Overall Penalty (tautomerization included):  0.10 kcal/mol
 Total Charge: -1
. . . . . . . . . . . . . . . . . . . . . . .
Variation: 2
                                            17   Conj_Acid 13.69
                                            22   Conj_Acid 12.50
                                            24   Conj_Acid 12.47
                                            20   Conj_Acid 11.65
                                            28   Conj_Acid  3.32
                                            29   Conj_Acid  3.32
                                             1   Conj_Base -1.07
                                             6   Conj_Base -1.92
                                             8   Conj_Base -1.94
 pKa penalty:                                 1.04 kcal/mol
     Charging penalty:                        0.00 kcal/mol
     Neutralization penalty:                  1.04 kcal/mol
 Overall Penalty (tautomerization included):  1.09 kcal/mol
 Total Charge: 0
. . . . . . . . . . . . . . . . . . . . . . .
Variation: 3
                                            17   Conj_Acid 13.69
                                            22   Conj_Acid 12.68
                                            24   Conj_Acid 12.92
                                            20   Conj_Acid 11.76
                                            15   Conj_Base  6.27
                                            16   Conj_Base  6.27
                                             1   Conj_Base -1.07
                                             6   Conj_Base -1.78
                                             8   Conj_Base -1.60
 pKa penalty:                                 3.10 kcal/mol
     Charging penalty:                        3.10 kcal/mol
     Neutralization penalty:                  0.00 kcal/mol
 Overall Penalty (tautomerization included):  3.41 kcal/mol
 Total Charge: -2
---------------------------
