COMMAND:
 /cbio/jclab/share/schrodinger/schrodinger2016-4/epik-v3.8/bin/Linux-x86_64/epik_app -imae /scratch/8333014.hal-sched1.local/tmpk0gfyf4b/BETA-FRUCTOSE-1,6-DIPHOSPHATE_pH_7.4-before_epik.mae -omae /cbio/jclab/home/rustenburg/PFK/Epik-Ligands/Results/InProgress/BETA-FRUCTOSE-1,6-DIPHOSPHATE/pH_7.4/BETA-FRUCTOSE-1,6-DIPHOSPHATE_pH_7.4-epik.mae -ms 50 -ph 7.4 -nt -p 4.5399929762484854e-05 -pKa_atom
SCHRODINGER: /cbio/jclab/share/schrodinger/schrodinger2016-4

Running Epik version     3.8015
Epik. Copyright Schrodinger, LLC. All rights reserved.

Input file name:                        /scratch/8333014.hal-sched1.local/tmpk0gfyf4b/BETA-FRUCTOSE-1,6-DIPHOSPHATE_pH_7.4-before_epik.mae
Output file name:                       /cbio/jclab/home/rustenburg/PFK/Epik-Ligands/Results/InProgress/BETA-FRUCTOSE-1,6-DIPHOSPHATE/pH_7.4/BETA-FRUCTOSE-1,6-DIPHOSPHATE_pH_7.4-epik.mae
Maximum number of states set to: 50
Structure adjustment calculation requested.
  Target pH set to 7.400
Minimum probability set to 4.539993e-05
reporting for specific atoms turned on (pKa_atom)

Adjusting structures for pH 7.400000e+00 and minimum probability 4.539993e-05
Solvent model name:                     water
Jobcontrol is not being used for this specific Epik calculation.
---------------------------
Processing Input Structure #1
        Title: FBP
                                              Calculated pKas
                                                 Conjugate
                                          Atom   Acid/Base  pKa
. . . . . . . . . . . . . . . . . . . . . . .
Variation: 1
                                            25   Conj_Acid 12.69
                                            27   Conj_Acid 12.88
                                            23   Conj_Acid 11.69
                                             3   Conj_Base  6.20
                                             4   Conj_Base  6.20
                                            19   Conj_Base  6.27
                                            20   Conj_Base  6.27
                                            10   Conj_Base -1.77
                                            12   Conj_Base -1.63
 pKa penalty:                                 0.08 kcal/mol
     Charging penalty:                        0.08 kcal/mol
     Neutralization penalty:                  0.00 kcal/mol
 Overall Penalty (tautomerization included):  0.06 kcal/mol
 Total Charge: -4
. . . . . . . . . . . . . . . . . . . . . . .
Variation: 2
                                            25   Conj_Acid 12.54
                                            27   Conj_Acid 12.52
                                            23   Conj_Acid 11.61
                                            31   Conj_Acid  6.27
                                             3   Conj_Base  6.20
                                             4   Conj_Base  6.20
                                            19   Conj_Base  3.32
                                            10   Conj_Base -1.89
                                            12   Conj_Base -1.90
 pKa penalty:                                 1.62 kcal/mol
     Charging penalty:                        0.04 kcal/mol
     Neutralization penalty:                  1.58 kcal/mol
 Overall Penalty (tautomerization included):  1.71 kcal/mol
 Total Charge: -3
. . . . . . . . . . . . . . . . . . . . . . .
Variation: 3
                                            26   Conj_Acid 12.33
                                            28   Conj_Acid 12.73
                                            24   Conj_Acid 11.10
                                            21   Conj_Acid  6.20
                                             3   Conj_Base  3.27
                                            19   Conj_Base  6.27
                                            20   Conj_Base  6.27
                                            10   Conj_Base -2.05
                                            12   Conj_Base -1.74
 pKa penalty:                                 1.72 kcal/mol
     Charging penalty:                        0.04 kcal/mol
     Neutralization penalty:                  1.67 kcal/mol
 Overall Penalty (tautomerization included):  1.90 kcal/mol
 Total Charge: -3
. . . . . . . . . . . . . . . . . . . . . . .
Variation: 4
                                            26   Conj_Acid 12.18
                                            28   Conj_Acid 12.37
                                            24   Conj_Acid 11.01
                                            21   Conj_Acid  6.20
                                            32   Conj_Acid  6.27
                                             3   Conj_Base  3.27
                                            19   Conj_Base  3.32
                                            10   Conj_Base -2.16
                                            12   Conj_Base -2.02
 pKa penalty:                                 3.26 kcal/mol
     Charging penalty:                        0.00 kcal/mol
     Neutralization penalty:                  3.26 kcal/mol
 Overall Penalty (tautomerization included):  3.50 kcal/mol
 Total Charge: -2
---------------------------
