COMMAND:
 /cbio/jclab/share/schrodinger/schrodinger2016-4/epik-v3.8/bin/Linux-x86_64/epik_app -imae /scratch/8333014.hal-sched1.local/tmp9zxm52dy/BETA-FRUCTOSE-1,6-DIPHOSPHATE_pH_10.0-before_epik.mae -omae /cbio/jclab/home/rustenburg/PFK/Epik-Ligands/Results/InProgress/BETA-FRUCTOSE-1,6-DIPHOSPHATE/pH_10.0/BETA-FRUCTOSE-1,6-DIPHOSPHATE_pH_10.0-epik.mae -ms 50 -ph 10.0 -nt -p 4.5399929762484854e-05 -pKa_atom
SCHRODINGER: /cbio/jclab/share/schrodinger/schrodinger2016-4

Running Epik version     3.8015
Epik. Copyright Schrodinger, LLC. All rights reserved.

Input file name:                        /scratch/8333014.hal-sched1.local/tmp9zxm52dy/BETA-FRUCTOSE-1,6-DIPHOSPHATE_pH_10.0-before_epik.mae
Output file name:                       /cbio/jclab/home/rustenburg/PFK/Epik-Ligands/Results/InProgress/BETA-FRUCTOSE-1,6-DIPHOSPHATE/pH_10.0/BETA-FRUCTOSE-1,6-DIPHOSPHATE_pH_10.0-epik.mae
Maximum number of states set to: 50
Structure adjustment calculation requested.
  Target pH set to 10.000
Minimum probability set to 4.539993e-05
reporting for specific atoms turned on (pKa_atom)

Adjusting structures for pH 1.000000e+01 and minimum probability 4.539993e-05
Solvent model name:                     water
Jobcontrol is not being used for this specific Epik calculation.
---------------------------
Processing Input Structure #1
        Title: FBP
                                              Calculated pKas
                                                 Conjugate
                                          Atom   Acid/Base  pKa
. . . . . . . . . . . . . . . . . . . . . . .
Variation: 1
                                            25   Conj_Acid 12.69
                                            27   Conj_Acid 12.88
                                            23   Conj_Acid 11.69
                                             3   Conj_Base  6.20
                                             4   Conj_Base  6.20
                                            19   Conj_Base  6.27
                                            20   Conj_Base  6.27
                                            10   Conj_Base -1.77
                                            12   Conj_Base -1.63
 pKa penalty:                                 0.01 kcal/mol
     Charging penalty:                        0.00 kcal/mol
     Neutralization penalty:                  0.01 kcal/mol
 Overall Penalty (tautomerization included):  0.01 kcal/mol
 Total Charge: -4
. . . . . . . . . . . . . . . . . . . . . . .
Variation: 2
                                            24   Conj_Acid 16.04
                                            26   Conj_Acid 14.84
                                             8   Conj_Base 11.69
                                             3   Conj_Base  6.48
                                             4   Conj_Base  6.48
                                            19   Conj_Base  6.33
                                            20   Conj_Base  6.33
                                            14   Conj_Base -2.39
                                            10   Conj_Base  0.78
                                            12   Conj_Base -0.13
 pKa penalty:                                 2.32 kcal/mol
     Charging penalty:                        2.32 kcal/mol
     Neutralization penalty:                  0.00 kcal/mol
 Overall Penalty (tautomerization included):  2.37 kcal/mol
 Total Charge: -5
. . . . . . . . . . . . . . . . . . . . . . .
Variation: 3
                                            26   Conj_Acid 15.98
                                            10   Conj_Base 12.69
                                            23   Conj_Acid 13.76
                                             3   Conj_Base  6.31
                                             4   Conj_Base  6.31
                                            19   Conj_Base  6.32
                                            20   Conj_Base  6.32
                                             8   Conj_Base -1.51
                                            12   Conj_Base  0.73
 pKa penalty:                                 3.67 kcal/mol
     Charging penalty:                        3.67 kcal/mol
     Neutralization penalty:                  0.00 kcal/mol
 Overall Penalty (tautomerization included):  3.93 kcal/mol
 Total Charge: -5
. . . . . . . . . . . . . . . . . . . . . . .
Variation: 4
                                            25   Conj_Acid 15.80
                                            12   Conj_Base 12.88
                                            23   Conj_Acid 13.02
                                             3   Conj_Base  6.25
                                             4   Conj_Base  6.25
                                            19   Conj_Base  6.38
                                            20   Conj_Base  6.38
                                             8   Conj_Base -2.35
                                            10   Conj_Base  0.59
 pKa penalty:                                 3.93 kcal/mol
     Charging penalty:                        3.93 kcal/mol
     Neutralization penalty:                  0.00 kcal/mol
 Overall Penalty (tautomerization included):  4.21 kcal/mol
 Total Charge: -5
. . . . . . . . . . . . . . . . . . . . . . .
Variation: 5
                                            25   Conj_Acid 12.54
                                            27   Conj_Acid 12.52
                                            23   Conj_Acid 11.61
                                            31   Conj_Acid  6.27
                                             3   Conj_Base  6.20
                                             4   Conj_Base  6.20
                                            19   Conj_Base  3.32
                                            10   Conj_Base -1.89
                                            12   Conj_Base -1.90
 pKa penalty:                                 5.11 kcal/mol
     Charging penalty:                        0.00 kcal/mol
     Neutralization penalty:                  5.11 kcal/mol
 Overall Penalty (tautomerization included):  5.42 kcal/mol
 Total Charge: -3
. . . . . . . . . . . . . . . . . . . . . . .
Variation: 6
                                            26   Conj_Acid 12.33
                                            28   Conj_Acid 12.73
                                            24   Conj_Acid 11.10
                                            21   Conj_Acid  6.20
                                             3   Conj_Base  3.27
                                            19   Conj_Base  6.27
                                            20   Conj_Base  6.27
                                            10   Conj_Base -2.05
                                            12   Conj_Base -1.74
 pKa penalty:                                 5.23 kcal/mol
     Charging penalty:                        0.00 kcal/mol
     Neutralization penalty:                  5.23 kcal/mol
 Overall Penalty (tautomerization included):  5.67 kcal/mol
 Total Charge: -3
---------------------------
