COMMAND:
 /cbio/jclab/share/schrodinger/schrodinger2016-4/epik-v3.8/bin/Linux-x86_64/epik_app -imae /scratch/8332595.hal-sched1.local/tmppac1cmcp/(4R)-2-METHYLPENTANE-2,4-DIOL_pH_4.0-before_epik.mae -omae /cbio/jclab/home/rustenburg/PFK/Epik-Ligands/Results/InProgress/(4R)-2-METHYLPENTANE-2,4-DIOL/pH_4.0/(4R)-2-METHYLPENTANE-2,4-DIOL_pH_4.0-epik.mae -ms 50 -ph 4.0 -nt -p 4.5399929762484854e-05 -pKa_atom
SCHRODINGER: /cbio/jclab/share/schrodinger/schrodinger2016-4

Running Epik version     3.8015
Epik. Copyright Schrodinger, LLC. All rights reserved.

Input file name:                        /scratch/8332595.hal-sched1.local/tmppac1cmcp/(4R)-2-METHYLPENTANE-2,4-DIOL_pH_4.0-before_epik.mae
Output file name:                       /cbio/jclab/home/rustenburg/PFK/Epik-Ligands/Results/InProgress/(4R)-2-METHYLPENTANE-2,4-DIOL/pH_4.0/(4R)-2-METHYLPENTANE-2,4-DIOL_pH_4.0-epik.mae
Maximum number of states set to: 50
Structure adjustment calculation requested.
  Target pH set to 4.000
Minimum probability set to 4.539993e-05
reporting for specific atoms turned on (pKa_atom)

Adjusting structures for pH 4.000000e+00 and minimum probability 4.539993e-05
Solvent model name:                     water
Jobcontrol is not being used for this specific Epik calculation.
---------------------------
Processing Input Structure #1
        Title: MRD
                                              Calculated pKas
                                                 Conjugate
                                          Atom   Acid/Base  pKa
. . . . . . . . . . . . . . . . . . . . . . .
Variation: 1
                                            19   Conj_Acid 16.72
                                            12   Conj_Acid 15.75
                                             3   Conj_Base  0.73
                                             7   Conj_Base  1.30
 pKa penalty:                                 0.00 kcal/mol
     Charging penalty:                        0.00 kcal/mol
     Neutralization penalty:                  0.00 kcal/mol
 Overall Penalty (tautomerization included):  0.00 kcal/mol
 Total Charge: 0
. . . . . . . . . . . . . . . . . . . . . . .
Variation: 2
                                            12   Conj_Acid 16.07
                                            19   Conj_Acid  1.30
                                            23   Conj_Acid  1.30
                                             3   Conj_Base  1.09
 pKa penalty:                                 3.69 kcal/mol
     Charging penalty:                        3.68 kcal/mol
     Neutralization penalty:                  0.00 kcal/mol
 Overall Penalty (tautomerization included):  4.10 kcal/mol
 Total Charge: 1
. . . . . . . . . . . . . . . . . . . . . . .
Variation: 3
                                            19   Conj_Acid 16.60
                                            12   Conj_Acid  0.73
                                            23   Conj_Acid  0.73
                                             7   Conj_Base  1.20
 pKa penalty:                                 4.46 kcal/mol
     Charging penalty:                        4.46 kcal/mol
     Neutralization penalty:                  0.00 kcal/mol
 Overall Penalty (tautomerization included):  4.59 kcal/mol
 Total Charge: 1
---------------------------
