COMMAND:
 /cbio/jclab/share/schrodinger/schrodinger2016-4/epik-v3.8/bin/Linux-x86_64/epik_app -imae /scratch/8332595.hal-sched1.local/tmp15t2zvz9/NICOTINAMIDE-ADENINE-DINUCLEOTIDE_pH_7.0-before_epik.mae -omae /cbio/jclab/home/rustenburg/PFK/Epik-Ligands/Results/InProgress/NICOTINAMIDE-ADENINE-DINUCLEOTIDE/pH_7.0/NICOTINAMIDE-ADENINE-DINUCLEOTIDE_pH_7.0-epik.mae -ms 50 -ph 7.0 -nt -p 4.5399929762484854e-05 -pKa_atom
SCHRODINGER: /cbio/jclab/share/schrodinger/schrodinger2016-4

Running Epik version     3.8015
Epik. Copyright Schrodinger, LLC. All rights reserved.

Input file name:                        /scratch/8332595.hal-sched1.local/tmp15t2zvz9/NICOTINAMIDE-ADENINE-DINUCLEOTIDE_pH_7.0-before_epik.mae
Output file name:                       /cbio/jclab/home/rustenburg/PFK/Epik-Ligands/Results/InProgress/NICOTINAMIDE-ADENINE-DINUCLEOTIDE/pH_7.0/NICOTINAMIDE-ADENINE-DINUCLEOTIDE_pH_7.0-epik.mae
Maximum number of states set to: 50
Structure adjustment calculation requested.
  Target pH set to 7.000
Minimum probability set to 4.539993e-05
reporting for specific atoms turned on (pKa_atom)

Adjusting structures for pH 7.000000e+00 and minimum probability 4.539993e-05
Solvent model name:                     water
Jobcontrol is not being used for this specific Epik calculation.
---------------------------
Processing Input Structure #1
        Title: NAD
                                              Calculated pKas
                                                 Conjugate
                                          Atom   Acid/Base  pKa
. . . . . . . . . . . . . . . . . . . . . . .
Variation: 1
                                            49   Conj_Acid 12.62
                                            51   Conj_Acid 12.23
                                            61   Conj_Acid 11.92
                                            63   Conj_Acid 11.34
                                            66   Conj_Acid 11.46
                                            67   Conj_Acid 11.46
                                             3   Conj_Base  3.05
                                            15   Conj_Base  2.63
                                            19   Conj_Base  3.83
                                            21   Conj_Base -0.67
                                            54   Conj_Acid 13.02
                                            55   Conj_Acid 13.02
                                             9   Conj_Base -1.83
                                            11   Conj_Base -2.12
                                            32   Conj_Base -2.36
                                            34   Conj_Base -2.80
                                            43   Conj_Base -1.34
                                            38   Conj_Base  1.03
                                            40   Conj_Base -1.57
 pKa penalty:                                 0.00 kcal/mol
     Charging penalty:                        0.00 kcal/mol
     Neutralization penalty:                  0.00 kcal/mol
 Overall Penalty (tautomerization included):  0.00 kcal/mol
 Total Charge: -1
 Chemistry Notes:   This compound has an imine and may undergo hydrolysis. This compound contains an acetal/aminal-like group ( X-CH(R)-Y where X, Y are N, S, or O) that may be acid/base labile, releasing an aldehyde.
. . . . . . . . . . . . . . . . . . . . . . .
Variation: 2
                                            49   Conj_Acid 12.43
                                            51   Conj_Acid 11.87
                                            61   Conj_Acid 11.92
                                            63   Conj_Acid 11.34
                                            66   Conj_Acid 11.46
                                            67   Conj_Acid 11.46
                                             3   Conj_Base  3.05
                                            71   Conj_Acid  2.63
                                            19   Conj_Base  2.14
                                            54   Conj_Acid 12.39
                                            55   Conj_Acid 12.39
                                             9   Conj_Base -1.97
                                            11   Conj_Base -2.40
                                            32   Conj_Base -2.36
                                            34   Conj_Base -2.80
                                            43   Conj_Base -1.34
                                            38   Conj_Base  1.03
                                            40   Conj_Base -1.57
 pKa penalty:                                 5.96 kcal/mol
     Charging penalty:                        5.96 kcal/mol
     Neutralization penalty:                  0.00 kcal/mol
 Overall Penalty (tautomerization included):  5.20 kcal/mol
 Total Charge: 0
 Chemistry Notes:   This compound has an imine and may undergo hydrolysis. This compound contains an acetal/aminal-like group ( X-CH(R)-Y where X, Y are N, S, or O) that may be acid/base labile, releasing an aldehyde.
. . . . . . . . . . . . . . . . . . . . . . .
Variation: 3
                                            50   Conj_Acid 12.44
                                            52   Conj_Acid 12.23
                                            62   Conj_Acid 11.92
                                            64   Conj_Acid 11.34
                                            67   Conj_Acid 11.46
                                            68   Conj_Acid 11.46
                                            45   Conj_Acid  3.05
                                            15   Conj_Base  2.63
                                            19   Conj_Base  3.83
                                            21   Conj_Base -0.67
                                            55   Conj_Acid 13.02
                                            56   Conj_Acid 13.02
                                             9   Conj_Base -1.96
                                            11   Conj_Base -2.12
                                            32   Conj_Base -2.36
                                            34   Conj_Base -2.80
                                            43   Conj_Base -1.34
                                            38   Conj_Base  1.03
                                            40   Conj_Base -1.57
 pKa penalty:                                 5.39 kcal/mol
     Charging penalty:                        0.00 kcal/mol
     Neutralization penalty:                  5.39 kcal/mol
 Overall Penalty (tautomerization included):  5.42 kcal/mol
 Total Charge: 0
 Chemistry Notes:   This compound has an imine and may undergo hydrolysis. This compound contains an acetal/aminal-like group ( X-CH(R)-Y where X, Y are N, S, or O) that may be acid/base labile, releasing an aldehyde.
---------------------------
