COMMAND:
 /cbio/jclab/share/schrodinger/schrodinger2016-4/epik-v3.8/bin/Linux-x86_64/epik_app -imae /scratch/8332595.hal-sched1.local/tmpmt6adewe/S-HYDROXYCYSTEINE_pH_7.0-before_epik.mae -omae /cbio/jclab/home/rustenburg/PFK/Epik-Ligands/Results/InProgress/S-HYDROXYCYSTEINE/pH_7.0/S-HYDROXYCYSTEINE_pH_7.0-epik.mae -ms 50 -ph 7.0 -nt -p 4.5399929762484854e-05 -pKa_atom
SCHRODINGER: /cbio/jclab/share/schrodinger/schrodinger2016-4

Running Epik version     3.8015
Epik. Copyright Schrodinger, LLC. All rights reserved.

Input file name:                        /scratch/8332595.hal-sched1.local/tmpmt6adewe/S-HYDROXYCYSTEINE_pH_7.0-before_epik.mae
Output file name:                       /cbio/jclab/home/rustenburg/PFK/Epik-Ligands/Results/InProgress/S-HYDROXYCYSTEINE/pH_7.0/S-HYDROXYCYSTEINE_pH_7.0-epik.mae
Maximum number of states set to: 50
Structure adjustment calculation requested.
  Target pH set to 7.000
Minimum probability set to 4.539993e-05
reporting for specific atoms turned on (pKa_atom)

Adjusting structures for pH 7.000000e+00 and minimum probability 4.539993e-05
Solvent model name:                     water
Jobcontrol is not being used for this specific Epik calculation.
---------------------------
Processing Input Structure #1
        Title: CSO
                                              Calculated pKas
                                                 Conjugate
                                          Atom   Acid/Base  pKa
. . . . . . . . . . . . . . . . . . . . . . .
Variation: 1
                                             1   Conj_Base  6.42
 pKa penalty:                                 0.14 kcal/mol
     Charging penalty:                        0.00 kcal/mol
     Neutralization penalty:                  0.14 kcal/mol
 Overall Penalty (tautomerization included):  0.18 kcal/mol
 Total Charge: -2
. . . . . . . . . . . . . . . . . . . . . . .
Variation: 2
                                             9   Conj_Acid  6.42
                                            10   Conj_Acid  6.42
                                            15   Conj_Acid  6.42
 pKa penalty:                                 0.93 kcal/mol
     Charging penalty:                        0.93 kcal/mol
     Neutralization penalty:                  0.00 kcal/mol
 Overall Penalty (tautomerization included):  0.80 kcal/mol
 Total Charge: -1
. . . . . . . . . . . . . . . . . . . . . . .
Variation: 3
                                            14   Conj_Acid  3.73
                                             1   Conj_Base  5.50
 pKa penalty:                                 4.47 kcal/mol
     Charging penalty:                        0.00 kcal/mol
     Neutralization penalty:                  4.47 kcal/mol
 Overall Penalty (tautomerization included):  5.38 kcal/mol
 Total Charge: -1
---------------------------
