COMMAND:
 /cbio/jclab/share/schrodinger/schrodinger2016-4/epik-v3.8/bin/Linux-x86_64/epik_app -imae /scratch/8332595.hal-sched1.local/tmp7_z1coys/PYRIDOXAL-5'-PHOSPHATE_pH_7.4-before_epik.mae -omae /cbio/jclab/home/rustenburg/PFK/Epik-Ligands/Results/InProgress/PYRIDOXAL-5'-PHOSPHATE/pH_7.4/PYRIDOXAL-5'-PHOSPHATE_pH_7.4-epik.mae -ms 50 -ph 7.4 -nt -p 4.5399929762484854e-05 -pKa_atom
SCHRODINGER: /cbio/jclab/share/schrodinger/schrodinger2016-4

Running Epik version     3.8015
Epik. Copyright Schrodinger, LLC. All rights reserved.

Input file name:                        /scratch/8332595.hal-sched1.local/tmp7_z1coys/PYRIDOXAL-5'-PHOSPHATE_pH_7.4-before_epik.mae
Output file name:                       /cbio/jclab/home/rustenburg/PFK/Epik-Ligands/Results/InProgress/PYRIDOXAL-5'-PHOSPHATE/pH_7.4/PYRIDOXAL-5'-PHOSPHATE_pH_7.4-epik.mae
Maximum number of states set to: 50
Structure adjustment calculation requested.
  Target pH set to 7.400
Minimum probability set to 4.539993e-05
reporting for specific atoms turned on (pKa_atom)

Adjusting structures for pH 7.400000e+00 and minimum probability 4.539993e-05
Solvent model name:                     water
Jobcontrol is not being used for this specific Epik calculation.
---------------------------
Processing Input Structure #1
        Title: PLP
                                              Calculated pKas
                                                 Conjugate
                                          Atom   Acid/Base  pKa
. . . . . . . . . . . . . . . . . . . . . . .
Variation: 1
                                            15   Conj_Base  6.09
                                            16   Conj_Base  6.09
                                            24   Conj_Acid  8.65
                                             5   Conj_Base  2.68
 pKa penalty:                                 0.06 kcal/mol
     Charging penalty:                        0.06 kcal/mol
     Neutralization penalty:                  0.00 kcal/mol
 Overall Penalty (tautomerization included):  0.04 kcal/mol
 Total Charge: -2
. . . . . . . . . . . . . . . . . . . . . . .
Variation: 2
                                            24   Conj_Acid  6.09
                                            15   Conj_Base  3.18
                                            25   Conj_Acid  8.55
                                             5   Conj_Base  2.57
 pKa penalty:                                 1.86 kcal/mol
     Charging penalty:                        0.04 kcal/mol
     Neutralization penalty:                  1.82 kcal/mol
 Overall Penalty (tautomerization included):  2.05 kcal/mol
 Total Charge: -1
. . . . . . . . . . . . . . . . . . . . . . .
Variation: 3
                                             5   Conj_Base  7.37
                                            15   Conj_Base  6.28
                                            16   Conj_Base  6.28
                                             1   Conj_Base  8.65
 pKa penalty:                                 2.18 kcal/mol
     Charging penalty:                        0.43 kcal/mol
     Neutralization penalty:                  1.74 kcal/mol
 Overall Penalty (tautomerization included):  2.19 kcal/mol
 Total Charge: -3
. . . . . . . . . . . . . . . . . . . . . . .
Variation: 4
                                            20   Conj_Acid  7.37
                                            15   Conj_Base  6.28
                                            16   Conj_Base  6.28
                                             1   Conj_Base  4.98
 pKa penalty:                                 0.48 kcal/mol
     Charging penalty:                        0.04 kcal/mol
     Neutralization penalty:                  0.43 kcal/mol
 Overall Penalty (tautomerization included):  2.54 kcal/mol
 Total Charge: -2
. . . . . . . . . . . . . . . . . . . . . . .
Variation: 5
                                             5   Conj_Base  7.31
                                            24   Conj_Acid  6.28
                                            15   Conj_Base  3.33
                                             1   Conj_Base  8.55
 pKa penalty:                                 3.53 kcal/mol
     Charging penalty:                        0.35 kcal/mol
     Neutralization penalty:                  3.18 kcal/mol
 Overall Penalty (tautomerization included):  3.83 kcal/mol
 Total Charge: -2
. . . . . . . . . . . . . . . . . . . . . . .
Variation: 6
                                            20   Conj_Acid  7.31
                                            25   Conj_Acid  6.28
                                            15   Conj_Base  3.33
                                             1   Conj_Base  4.77
 pKa penalty:                                 2.05 kcal/mol
     Charging penalty:                        0.00 kcal/mol
     Neutralization penalty:                  2.05 kcal/mol
 Overall Penalty (tautomerization included):  4.06 kcal/mol
 Total Charge: -1
---------------------------
